[2023-05-23T21:02:45.751+0700] {processor.py:157} INFO - Started process (PID=6099) to work on /home/nhattrieu/airflow/dags/dag2_20230521.py
[2023-05-23T21:02:45.751+0700] {processor.py:826} INFO - Processing file /home/nhattrieu/airflow/dags/dag2_20230521.py for tasks to queue
[2023-05-23T21:02:45.751+0700] {logging_mixin.py:149} INFO - [2023-05-23T21:02:45.751+0700] {dagbag.py:541} INFO - Filling up the DagBag from /home/nhattrieu/airflow/dags/dag2_20230521.py
[2023-05-23T21:02:45.753+0700] {logging_mixin.py:149} INFO - ===============Processing: /dags/json/dag2_20230521213830.json================
[2023-05-23T21:02:45.755+0700] {processor.py:836} INFO - DAG(s) dict_keys(['dag2_20230521']) retrieved from /home/nhattrieu/airflow/dags/dag2_20230521.py
[2023-05-23T21:02:45.775+0700] {logging_mixin.py:149} INFO - [2023-05-23T21:02:45.774+0700] {dag.py:2726} INFO - Sync 1 DAGs
[2023-05-23T21:02:45.790+0700] {logging_mixin.py:149} INFO - [2023-05-23T21:02:45.790+0700] {dag.py:3486} INFO - Setting next_dagrun for dag2_20230521 to 2022-05-05T00:00:00+00:00, run_after=2022-05-06T00:00:00+00:00
[2023-05-23T21:02:45.802+0700] {processor.py:179} INFO - Processing /home/nhattrieu/airflow/dags/dag2_20230521.py took 0.053 seconds
[2023-05-23T21:03:16.412+0700] {processor.py:157} INFO - Started process (PID=6515) to work on /home/nhattrieu/airflow/dags/dag2_20230521.py
[2023-05-23T21:03:16.412+0700] {processor.py:826} INFO - Processing file /home/nhattrieu/airflow/dags/dag2_20230521.py for tasks to queue
[2023-05-23T21:03:16.413+0700] {logging_mixin.py:149} INFO - [2023-05-23T21:03:16.413+0700] {dagbag.py:541} INFO - Filling up the DagBag from /home/nhattrieu/airflow/dags/dag2_20230521.py
[2023-05-23T21:03:16.416+0700] {logging_mixin.py:149} INFO - ===============Processing: /dags/json/dag2_20230521213830.json================
[2023-05-23T21:03:16.417+0700] {processor.py:836} INFO - DAG(s) dict_keys(['dag2_20230521']) retrieved from /home/nhattrieu/airflow/dags/dag2_20230521.py
[2023-05-23T21:03:16.446+0700] {logging_mixin.py:149} INFO - [2023-05-23T21:03:16.446+0700] {dag.py:2726} INFO - Sync 1 DAGs
[2023-05-23T21:03:16.478+0700] {logging_mixin.py:149} INFO - [2023-05-23T21:03:16.477+0700] {dag.py:3486} INFO - Setting next_dagrun for dag2_20230521 to 2022-05-05T00:00:00+00:00, run_after=2022-05-06T00:00:00+00:00
[2023-05-23T21:03:16.500+0700] {processor.py:179} INFO - Processing /home/nhattrieu/airflow/dags/dag2_20230521.py took 0.092 seconds
[2023-05-23T21:03:47.177+0700] {processor.py:157} INFO - Started process (PID=6738) to work on /home/nhattrieu/airflow/dags/dag2_20230521.py
[2023-05-23T21:03:47.177+0700] {processor.py:826} INFO - Processing file /home/nhattrieu/airflow/dags/dag2_20230521.py for tasks to queue
[2023-05-23T21:03:47.178+0700] {logging_mixin.py:149} INFO - [2023-05-23T21:03:47.177+0700] {dagbag.py:541} INFO - Filling up the DagBag from /home/nhattrieu/airflow/dags/dag2_20230521.py
[2023-05-23T21:03:47.179+0700] {logging_mixin.py:149} INFO - ===============Processing: /dags/json/dag2_20230521213830.json================
[2023-05-23T21:03:47.179+0700] {processor.py:836} INFO - DAG(s) dict_keys(['dag2_20230521']) retrieved from /home/nhattrieu/airflow/dags/dag2_20230521.py
[2023-05-23T21:03:47.200+0700] {logging_mixin.py:149} INFO - [2023-05-23T21:03:47.200+0700] {dag.py:2726} INFO - Sync 1 DAGs
[2023-05-23T21:03:47.223+0700] {logging_mixin.py:149} INFO - [2023-05-23T21:03:47.222+0700] {dag.py:3486} INFO - Setting next_dagrun for dag2_20230521 to 2022-05-05T00:00:00+00:00, run_after=2022-05-06T00:00:00+00:00
[2023-05-23T21:03:47.240+0700] {processor.py:179} INFO - Processing /home/nhattrieu/airflow/dags/dag2_20230521.py took 0.066 seconds
[2023-05-23T21:04:17.748+0700] {processor.py:157} INFO - Started process (PID=6918) to work on /home/nhattrieu/airflow/dags/dag2_20230521.py
[2023-05-23T21:04:17.748+0700] {processor.py:826} INFO - Processing file /home/nhattrieu/airflow/dags/dag2_20230521.py for tasks to queue
[2023-05-23T21:04:17.749+0700] {logging_mixin.py:149} INFO - [2023-05-23T21:04:17.749+0700] {dagbag.py:541} INFO - Filling up the DagBag from /home/nhattrieu/airflow/dags/dag2_20230521.py
[2023-05-23T21:04:17.751+0700] {logging_mixin.py:149} INFO - ===============Processing: /dags/json/dag2_20230521213830.json================
[2023-05-23T21:04:17.752+0700] {processor.py:836} INFO - DAG(s) dict_keys(['dag2_20230521']) retrieved from /home/nhattrieu/airflow/dags/dag2_20230521.py
[2023-05-23T21:04:17.775+0700] {logging_mixin.py:149} INFO - [2023-05-23T21:04:17.775+0700] {dag.py:2726} INFO - Sync 1 DAGs
[2023-05-23T21:04:17.794+0700] {logging_mixin.py:149} INFO - [2023-05-23T21:04:17.794+0700] {dag.py:3486} INFO - Setting next_dagrun for dag2_20230521 to 2022-05-05T00:00:00+00:00, run_after=2022-05-06T00:00:00+00:00
[2023-05-23T21:04:17.806+0700] {processor.py:179} INFO - Processing /home/nhattrieu/airflow/dags/dag2_20230521.py took 0.062 seconds
[2023-05-23T21:04:47.934+0700] {processor.py:157} INFO - Started process (PID=7099) to work on /home/nhattrieu/airflow/dags/dag2_20230521.py
[2023-05-23T21:04:47.935+0700] {processor.py:826} INFO - Processing file /home/nhattrieu/airflow/dags/dag2_20230521.py for tasks to queue
[2023-05-23T21:04:47.935+0700] {logging_mixin.py:149} INFO - [2023-05-23T21:04:47.935+0700] {dagbag.py:541} INFO - Filling up the DagBag from /home/nhattrieu/airflow/dags/dag2_20230521.py
[2023-05-23T21:04:47.937+0700] {logging_mixin.py:149} INFO - ===============Processing: /dags/json/dag2_20230521213830.json================
[2023-05-23T21:04:47.938+0700] {processor.py:836} INFO - DAG(s) dict_keys(['dag2_20230521']) retrieved from /home/nhattrieu/airflow/dags/dag2_20230521.py
[2023-05-23T21:04:47.958+0700] {logging_mixin.py:149} INFO - [2023-05-23T21:04:47.958+0700] {dag.py:2726} INFO - Sync 1 DAGs
[2023-05-23T21:04:47.976+0700] {logging_mixin.py:149} INFO - [2023-05-23T21:04:47.976+0700] {dag.py:3486} INFO - Setting next_dagrun for dag2_20230521 to 2022-05-05T00:00:00+00:00, run_after=2022-05-06T00:00:00+00:00
[2023-05-23T21:04:47.989+0700] {processor.py:179} INFO - Processing /home/nhattrieu/airflow/dags/dag2_20230521.py took 0.058 seconds
[2023-05-23T21:05:18.205+0700] {processor.py:157} INFO - Started process (PID=7268) to work on /home/nhattrieu/airflow/dags/dag2_20230521.py
[2023-05-23T21:05:18.206+0700] {processor.py:826} INFO - Processing file /home/nhattrieu/airflow/dags/dag2_20230521.py for tasks to queue
[2023-05-23T21:05:18.206+0700] {logging_mixin.py:149} INFO - [2023-05-23T21:05:18.206+0700] {dagbag.py:541} INFO - Filling up the DagBag from /home/nhattrieu/airflow/dags/dag2_20230521.py
[2023-05-23T21:05:18.208+0700] {logging_mixin.py:149} INFO - ===============Processing: /dags/json/dag2_20230521213830.json================
[2023-05-23T21:05:18.208+0700] {processor.py:836} INFO - DAG(s) dict_keys(['dag2_20230521']) retrieved from /home/nhattrieu/airflow/dags/dag2_20230521.py
[2023-05-23T21:05:18.229+0700] {logging_mixin.py:149} INFO - [2023-05-23T21:05:18.229+0700] {dag.py:2726} INFO - Sync 1 DAGs
[2023-05-23T21:05:18.245+0700] {logging_mixin.py:149} INFO - [2023-05-23T21:05:18.245+0700] {dag.py:3486} INFO - Setting next_dagrun for dag2_20230521 to 2022-05-05T00:00:00+00:00, run_after=2022-05-06T00:00:00+00:00
[2023-05-23T21:05:18.256+0700] {processor.py:179} INFO - Processing /home/nhattrieu/airflow/dags/dag2_20230521.py took 0.054 seconds
[2023-05-23T21:05:48.534+0700] {processor.py:157} INFO - Started process (PID=7467) to work on /home/nhattrieu/airflow/dags/dag2_20230521.py
[2023-05-23T21:05:48.536+0700] {processor.py:826} INFO - Processing file /home/nhattrieu/airflow/dags/dag2_20230521.py for tasks to queue
[2023-05-23T21:05:48.537+0700] {logging_mixin.py:149} INFO - [2023-05-23T21:05:48.536+0700] {dagbag.py:541} INFO - Filling up the DagBag from /home/nhattrieu/airflow/dags/dag2_20230521.py
[2023-05-23T21:05:48.539+0700] {logging_mixin.py:149} INFO - ===============Processing: /dags/json/dag2_20230521213830.json================
[2023-05-23T21:05:48.540+0700] {processor.py:836} INFO - DAG(s) dict_keys(['dag2_20230521']) retrieved from /home/nhattrieu/airflow/dags/dag2_20230521.py
[2023-05-23T21:05:48.561+0700] {logging_mixin.py:149} INFO - [2023-05-23T21:05:48.561+0700] {dag.py:2726} INFO - Sync 1 DAGs
[2023-05-23T21:05:48.576+0700] {logging_mixin.py:149} INFO - [2023-05-23T21:05:48.576+0700] {dag.py:3486} INFO - Setting next_dagrun for dag2_20230521 to 2022-05-05T00:00:00+00:00, run_after=2022-05-06T00:00:00+00:00
[2023-05-23T21:05:48.588+0700] {processor.py:179} INFO - Processing /home/nhattrieu/airflow/dags/dag2_20230521.py took 0.058 seconds
[2023-05-23T21:06:18.834+0700] {processor.py:157} INFO - Started process (PID=7638) to work on /home/nhattrieu/airflow/dags/dag2_20230521.py
[2023-05-23T21:06:18.835+0700] {processor.py:826} INFO - Processing file /home/nhattrieu/airflow/dags/dag2_20230521.py for tasks to queue
[2023-05-23T21:06:18.836+0700] {logging_mixin.py:149} INFO - [2023-05-23T21:06:18.836+0700] {dagbag.py:541} INFO - Filling up the DagBag from /home/nhattrieu/airflow/dags/dag2_20230521.py
[2023-05-23T21:06:18.839+0700] {logging_mixin.py:149} INFO - ===============Processing: /dags/json/dag2_20230521213830.json================
[2023-05-23T21:06:18.839+0700] {processor.py:836} INFO - DAG(s) dict_keys(['dag2_20230521']) retrieved from /home/nhattrieu/airflow/dags/dag2_20230521.py
[2023-05-23T21:06:18.859+0700] {logging_mixin.py:149} INFO - [2023-05-23T21:06:18.858+0700] {dag.py:2726} INFO - Sync 1 DAGs
[2023-05-23T21:06:18.872+0700] {logging_mixin.py:149} INFO - [2023-05-23T21:06:18.872+0700] {dag.py:3486} INFO - Setting next_dagrun for dag2_20230521 to 2022-05-05T00:00:00+00:00, run_after=2022-05-06T00:00:00+00:00
[2023-05-23T21:06:18.885+0700] {processor.py:179} INFO - Processing /home/nhattrieu/airflow/dags/dag2_20230521.py took 0.056 seconds
[2023-05-23T21:06:49.170+0700] {processor.py:157} INFO - Started process (PID=7850) to work on /home/nhattrieu/airflow/dags/dag2_20230521.py
[2023-05-23T21:06:49.171+0700] {processor.py:826} INFO - Processing file /home/nhattrieu/airflow/dags/dag2_20230521.py for tasks to queue
[2023-05-23T21:06:49.172+0700] {logging_mixin.py:149} INFO - [2023-05-23T21:06:49.171+0700] {dagbag.py:541} INFO - Filling up the DagBag from /home/nhattrieu/airflow/dags/dag2_20230521.py
[2023-05-23T21:06:49.174+0700] {logging_mixin.py:149} INFO - ===============Processing: /dags/json/dag2_20230521213830.json================
[2023-05-23T21:06:49.174+0700] {processor.py:836} INFO - DAG(s) dict_keys(['dag2_20230521']) retrieved from /home/nhattrieu/airflow/dags/dag2_20230521.py
[2023-05-23T21:06:49.193+0700] {logging_mixin.py:149} INFO - [2023-05-23T21:06:49.192+0700] {dag.py:2726} INFO - Sync 1 DAGs
[2023-05-23T21:06:49.206+0700] {logging_mixin.py:149} INFO - [2023-05-23T21:06:49.206+0700] {dag.py:3486} INFO - Setting next_dagrun for dag2_20230521 to 2022-05-05T00:00:00+00:00, run_after=2022-05-06T00:00:00+00:00
[2023-05-23T21:06:49.216+0700] {processor.py:179} INFO - Processing /home/nhattrieu/airflow/dags/dag2_20230521.py took 0.050 seconds
[2023-05-23T21:07:19.791+0700] {processor.py:157} INFO - Started process (PID=8059) to work on /home/nhattrieu/airflow/dags/dag2_20230521.py
[2023-05-23T21:07:19.792+0700] {processor.py:826} INFO - Processing file /home/nhattrieu/airflow/dags/dag2_20230521.py for tasks to queue
[2023-05-23T21:07:19.792+0700] {logging_mixin.py:149} INFO - [2023-05-23T21:07:19.792+0700] {dagbag.py:541} INFO - Filling up the DagBag from /home/nhattrieu/airflow/dags/dag2_20230521.py
[2023-05-23T21:07:19.794+0700] {logging_mixin.py:149} INFO - ===============Processing: /dags/json/dag2_20230521213830.json================
[2023-05-23T21:07:19.794+0700] {processor.py:836} INFO - DAG(s) dict_keys(['dag2_20230521']) retrieved from /home/nhattrieu/airflow/dags/dag2_20230521.py
[2023-05-23T21:07:19.819+0700] {logging_mixin.py:149} INFO - [2023-05-23T21:07:19.818+0700] {dag.py:2726} INFO - Sync 1 DAGs
[2023-05-23T21:07:19.844+0700] {logging_mixin.py:149} INFO - [2023-05-23T21:07:19.844+0700] {dag.py:3486} INFO - Setting next_dagrun for dag2_20230521 to 2022-05-05T00:00:00+00:00, run_after=2022-05-06T00:00:00+00:00
[2023-05-23T21:07:19.866+0700] {processor.py:179} INFO - Processing /home/nhattrieu/airflow/dags/dag2_20230521.py took 0.077 seconds
[2023-05-23T21:07:50.521+0700] {processor.py:157} INFO - Started process (PID=8263) to work on /home/nhattrieu/airflow/dags/dag2_20230521.py
[2023-05-23T21:07:50.522+0700] {processor.py:826} INFO - Processing file /home/nhattrieu/airflow/dags/dag2_20230521.py for tasks to queue
[2023-05-23T21:07:50.523+0700] {logging_mixin.py:149} INFO - [2023-05-23T21:07:50.523+0700] {dagbag.py:541} INFO - Filling up the DagBag from /home/nhattrieu/airflow/dags/dag2_20230521.py
[2023-05-23T21:07:50.525+0700] {logging_mixin.py:149} INFO - ===============Processing: /dags/json/dag2_20230521213830.json================
[2023-05-23T21:07:50.526+0700] {processor.py:836} INFO - DAG(s) dict_keys(['dag2_20230521']) retrieved from /home/nhattrieu/airflow/dags/dag2_20230521.py
[2023-05-23T21:07:50.546+0700] {logging_mixin.py:149} INFO - [2023-05-23T21:07:50.546+0700] {dag.py:2726} INFO - Sync 1 DAGs
[2023-05-23T21:07:50.560+0700] {logging_mixin.py:149} INFO - [2023-05-23T21:07:50.560+0700] {dag.py:3486} INFO - Setting next_dagrun for dag2_20230521 to 2022-05-05T00:00:00+00:00, run_after=2022-05-06T00:00:00+00:00
[2023-05-23T21:07:50.572+0700] {processor.py:179} INFO - Processing /home/nhattrieu/airflow/dags/dag2_20230521.py took 0.055 seconds
[2023-05-23T21:08:20.958+0700] {processor.py:157} INFO - Started process (PID=8436) to work on /home/nhattrieu/airflow/dags/dag2_20230521.py
[2023-05-23T21:08:20.959+0700] {processor.py:826} INFO - Processing file /home/nhattrieu/airflow/dags/dag2_20230521.py for tasks to queue
[2023-05-23T21:08:20.959+0700] {logging_mixin.py:149} INFO - [2023-05-23T21:08:20.959+0700] {dagbag.py:541} INFO - Filling up the DagBag from /home/nhattrieu/airflow/dags/dag2_20230521.py
[2023-05-23T21:08:20.960+0700] {logging_mixin.py:149} INFO - ===============Processing: /dags/json/dag2_20230521213830.json================
[2023-05-23T21:08:20.961+0700] {processor.py:836} INFO - DAG(s) dict_keys(['dag2_20230521']) retrieved from /home/nhattrieu/airflow/dags/dag2_20230521.py
[2023-05-23T21:08:20.976+0700] {logging_mixin.py:149} INFO - [2023-05-23T21:08:20.976+0700] {dag.py:2726} INFO - Sync 1 DAGs
[2023-05-23T21:08:20.994+0700] {logging_mixin.py:149} INFO - [2023-05-23T21:08:20.994+0700] {dag.py:3486} INFO - Setting next_dagrun for dag2_20230521 to 2022-05-05T00:00:00+00:00, run_after=2022-05-06T00:00:00+00:00
[2023-05-23T21:08:21.007+0700] {processor.py:179} INFO - Processing /home/nhattrieu/airflow/dags/dag2_20230521.py took 0.051 seconds
[2023-05-23T21:08:51.322+0700] {processor.py:157} INFO - Started process (PID=8628) to work on /home/nhattrieu/airflow/dags/dag2_20230521.py
[2023-05-23T21:08:51.323+0700] {processor.py:826} INFO - Processing file /home/nhattrieu/airflow/dags/dag2_20230521.py for tasks to queue
[2023-05-23T21:08:51.324+0700] {logging_mixin.py:149} INFO - [2023-05-23T21:08:51.323+0700] {dagbag.py:541} INFO - Filling up the DagBag from /home/nhattrieu/airflow/dags/dag2_20230521.py
[2023-05-23T21:08:51.326+0700] {logging_mixin.py:149} INFO - ===============Processing: /dags/json/dag2_20230521213830.json================
[2023-05-23T21:08:51.327+0700] {processor.py:836} INFO - DAG(s) dict_keys(['dag2_20230521']) retrieved from /home/nhattrieu/airflow/dags/dag2_20230521.py
[2023-05-23T21:08:51.346+0700] {logging_mixin.py:149} INFO - [2023-05-23T21:08:51.346+0700] {dag.py:2726} INFO - Sync 1 DAGs
[2023-05-23T21:08:51.363+0700] {logging_mixin.py:149} INFO - [2023-05-23T21:08:51.362+0700] {dag.py:3486} INFO - Setting next_dagrun for dag2_20230521 to 2022-05-05T00:00:00+00:00, run_after=2022-05-06T00:00:00+00:00
[2023-05-23T21:08:51.377+0700] {processor.py:179} INFO - Processing /home/nhattrieu/airflow/dags/dag2_20230521.py took 0.060 seconds
[2023-05-23T21:09:21.767+0700] {processor.py:157} INFO - Started process (PID=8804) to work on /home/nhattrieu/airflow/dags/dag2_20230521.py
[2023-05-23T21:09:21.768+0700] {processor.py:826} INFO - Processing file /home/nhattrieu/airflow/dags/dag2_20230521.py for tasks to queue
[2023-05-23T21:09:21.768+0700] {logging_mixin.py:149} INFO - [2023-05-23T21:09:21.768+0700] {dagbag.py:541} INFO - Filling up the DagBag from /home/nhattrieu/airflow/dags/dag2_20230521.py
[2023-05-23T21:09:21.770+0700] {logging_mixin.py:149} INFO - ===============Processing: /dags/json/dag2_20230521213830.json================
[2023-05-23T21:09:21.770+0700] {processor.py:836} INFO - DAG(s) dict_keys(['dag2_20230521']) retrieved from /home/nhattrieu/airflow/dags/dag2_20230521.py
[2023-05-23T21:09:21.788+0700] {logging_mixin.py:149} INFO - [2023-05-23T21:09:21.787+0700] {dag.py:2726} INFO - Sync 1 DAGs
[2023-05-23T21:09:21.805+0700] {logging_mixin.py:149} INFO - [2023-05-23T21:09:21.805+0700] {dag.py:3486} INFO - Setting next_dagrun for dag2_20230521 to 2022-05-05T00:00:00+00:00, run_after=2022-05-06T00:00:00+00:00
[2023-05-23T21:09:21.817+0700] {processor.py:179} INFO - Processing /home/nhattrieu/airflow/dags/dag2_20230521.py took 0.051 seconds
[2023-05-23T21:09:52.103+0700] {processor.py:157} INFO - Started process (PID=9031) to work on /home/nhattrieu/airflow/dags/dag2_20230521.py
[2023-05-23T21:09:52.104+0700] {processor.py:826} INFO - Processing file /home/nhattrieu/airflow/dags/dag2_20230521.py for tasks to queue
[2023-05-23T21:09:52.104+0700] {logging_mixin.py:149} INFO - [2023-05-23T21:09:52.104+0700] {dagbag.py:541} INFO - Filling up the DagBag from /home/nhattrieu/airflow/dags/dag2_20230521.py
[2023-05-23T21:09:52.106+0700] {logging_mixin.py:149} INFO - ===============Processing: /dags/json/dag2_20230521213830.json================
[2023-05-23T21:09:52.106+0700] {processor.py:836} INFO - DAG(s) dict_keys(['dag2_20230521']) retrieved from /home/nhattrieu/airflow/dags/dag2_20230521.py
[2023-05-23T21:09:52.129+0700] {logging_mixin.py:149} INFO - [2023-05-23T21:09:52.129+0700] {dag.py:2726} INFO - Sync 1 DAGs
[2023-05-23T21:09:52.149+0700] {logging_mixin.py:149} INFO - [2023-05-23T21:09:52.149+0700] {dag.py:3486} INFO - Setting next_dagrun for dag2_20230521 to 2022-05-05T00:00:00+00:00, run_after=2022-05-06T00:00:00+00:00
[2023-05-23T21:09:52.161+0700] {processor.py:179} INFO - Processing /home/nhattrieu/airflow/dags/dag2_20230521.py took 0.060 seconds
[2023-05-23T21:10:22.303+0700] {processor.py:157} INFO - Started process (PID=9230) to work on /home/nhattrieu/airflow/dags/dag2_20230521.py
[2023-05-23T21:10:22.304+0700] {processor.py:826} INFO - Processing file /home/nhattrieu/airflow/dags/dag2_20230521.py for tasks to queue
[2023-05-23T21:10:22.305+0700] {logging_mixin.py:149} INFO - [2023-05-23T21:10:22.305+0700] {dagbag.py:541} INFO - Filling up the DagBag from /home/nhattrieu/airflow/dags/dag2_20230521.py
[2023-05-23T21:10:22.308+0700] {logging_mixin.py:149} INFO - ===============Processing: /dags/json/dag2_20230521213830.json================
[2023-05-23T21:10:22.309+0700] {processor.py:836} INFO - DAG(s) dict_keys(['dag2_20230521']) retrieved from /home/nhattrieu/airflow/dags/dag2_20230521.py
[2023-05-23T21:10:22.330+0700] {logging_mixin.py:149} INFO - [2023-05-23T21:10:22.330+0700] {dag.py:2726} INFO - Sync 1 DAGs
[2023-05-23T21:10:22.344+0700] {logging_mixin.py:149} INFO - [2023-05-23T21:10:22.343+0700] {dag.py:3486} INFO - Setting next_dagrun for dag2_20230521 to 2022-05-05T00:00:00+00:00, run_after=2022-05-06T00:00:00+00:00
[2023-05-23T21:10:22.356+0700] {processor.py:179} INFO - Processing /home/nhattrieu/airflow/dags/dag2_20230521.py took 0.058 seconds
[2023-05-23T21:10:52.743+0700] {processor.py:157} INFO - Started process (PID=9407) to work on /home/nhattrieu/airflow/dags/dag2_20230521.py
[2023-05-23T21:10:52.744+0700] {processor.py:826} INFO - Processing file /home/nhattrieu/airflow/dags/dag2_20230521.py for tasks to queue
[2023-05-23T21:10:52.745+0700] {logging_mixin.py:149} INFO - [2023-05-23T21:10:52.745+0700] {dagbag.py:541} INFO - Filling up the DagBag from /home/nhattrieu/airflow/dags/dag2_20230521.py
[2023-05-23T21:10:52.747+0700] {logging_mixin.py:149} INFO - ===============Processing: /dags/json/dag2_20230521213830.json================
[2023-05-23T21:10:52.748+0700] {processor.py:836} INFO - DAG(s) dict_keys(['dag2_20230521']) retrieved from /home/nhattrieu/airflow/dags/dag2_20230521.py
[2023-05-23T21:10:52.769+0700] {logging_mixin.py:149} INFO - [2023-05-23T21:10:52.769+0700] {dag.py:2726} INFO - Sync 1 DAGs
[2023-05-23T21:10:52.783+0700] {logging_mixin.py:149} INFO - [2023-05-23T21:10:52.783+0700] {dag.py:3486} INFO - Setting next_dagrun for dag2_20230521 to 2022-05-05T00:00:00+00:00, run_after=2022-05-06T00:00:00+00:00
[2023-05-23T21:10:52.795+0700] {processor.py:179} INFO - Processing /home/nhattrieu/airflow/dags/dag2_20230521.py took 0.057 seconds
[2023-05-23T21:11:23.119+0700] {processor.py:157} INFO - Started process (PID=9582) to work on /home/nhattrieu/airflow/dags/dag2_20230521.py
[2023-05-23T21:11:23.120+0700] {processor.py:826} INFO - Processing file /home/nhattrieu/airflow/dags/dag2_20230521.py for tasks to queue
[2023-05-23T21:11:23.120+0700] {logging_mixin.py:149} INFO - [2023-05-23T21:11:23.120+0700] {dagbag.py:541} INFO - Filling up the DagBag from /home/nhattrieu/airflow/dags/dag2_20230521.py
[2023-05-23T21:11:23.122+0700] {logging_mixin.py:149} INFO - ===============Processing: /dags/json/dag2_20230521213830.json================
[2023-05-23T21:11:23.123+0700] {processor.py:836} INFO - DAG(s) dict_keys(['dag2_20230521']) retrieved from /home/nhattrieu/airflow/dags/dag2_20230521.py
[2023-05-23T21:11:23.141+0700] {logging_mixin.py:149} INFO - [2023-05-23T21:11:23.141+0700] {dag.py:2726} INFO - Sync 1 DAGs
[2023-05-23T21:11:23.154+0700] {logging_mixin.py:149} INFO - [2023-05-23T21:11:23.154+0700] {dag.py:3486} INFO - Setting next_dagrun for dag2_20230521 to 2022-05-05T00:00:00+00:00, run_after=2022-05-06T00:00:00+00:00
[2023-05-23T21:11:23.165+0700] {processor.py:179} INFO - Processing /home/nhattrieu/airflow/dags/dag2_20230521.py took 0.050 seconds
[2023-05-23T21:11:53.390+0700] {processor.py:157} INFO - Started process (PID=9787) to work on /home/nhattrieu/airflow/dags/dag2_20230521.py
[2023-05-23T21:11:53.391+0700] {processor.py:826} INFO - Processing file /home/nhattrieu/airflow/dags/dag2_20230521.py for tasks to queue
[2023-05-23T21:11:53.391+0700] {logging_mixin.py:149} INFO - [2023-05-23T21:11:53.391+0700] {dagbag.py:541} INFO - Filling up the DagBag from /home/nhattrieu/airflow/dags/dag2_20230521.py
[2023-05-23T21:11:53.392+0700] {logging_mixin.py:149} INFO - ===============Processing: /dags/json/dag2_20230521213830.json================
[2023-05-23T21:11:53.393+0700] {processor.py:836} INFO - DAG(s) dict_keys(['dag2_20230521']) retrieved from /home/nhattrieu/airflow/dags/dag2_20230521.py
[2023-05-23T21:11:53.411+0700] {logging_mixin.py:149} INFO - [2023-05-23T21:11:53.411+0700] {dag.py:2726} INFO - Sync 1 DAGs
[2023-05-23T21:11:53.431+0700] {logging_mixin.py:149} INFO - [2023-05-23T21:11:53.431+0700] {dag.py:3486} INFO - Setting next_dagrun for dag2_20230521 to 2022-05-05T00:00:00+00:00, run_after=2022-05-06T00:00:00+00:00
[2023-05-23T21:11:53.446+0700] {processor.py:179} INFO - Processing /home/nhattrieu/airflow/dags/dag2_20230521.py took 0.058 seconds
[2023-05-23T21:12:23.964+0700] {processor.py:157} INFO - Started process (PID=9964) to work on /home/nhattrieu/airflow/dags/dag2_20230521.py
[2023-05-23T21:12:23.964+0700] {processor.py:826} INFO - Processing file /home/nhattrieu/airflow/dags/dag2_20230521.py for tasks to queue
[2023-05-23T21:12:23.965+0700] {logging_mixin.py:149} INFO - [2023-05-23T21:12:23.965+0700] {dagbag.py:541} INFO - Filling up the DagBag from /home/nhattrieu/airflow/dags/dag2_20230521.py
[2023-05-23T21:12:23.966+0700] {logging_mixin.py:149} INFO - ===============Processing: /dags/json/dag2_20230521213830.json================
[2023-05-23T21:12:23.966+0700] {processor.py:836} INFO - DAG(s) dict_keys(['dag2_20230521']) retrieved from /home/nhattrieu/airflow/dags/dag2_20230521.py
[2023-05-23T21:12:23.981+0700] {logging_mixin.py:149} INFO - [2023-05-23T21:12:23.981+0700] {dag.py:2726} INFO - Sync 1 DAGs
[2023-05-23T21:12:23.995+0700] {logging_mixin.py:149} INFO - [2023-05-23T21:12:23.995+0700] {dag.py:3486} INFO - Setting next_dagrun for dag2_20230521 to 2022-05-05T00:00:00+00:00, run_after=2022-05-06T00:00:00+00:00
[2023-05-23T21:12:24.006+0700] {processor.py:179} INFO - Processing /home/nhattrieu/airflow/dags/dag2_20230521.py took 0.045 seconds
[2023-05-23T21:12:54.361+0700] {processor.py:157} INFO - Started process (PID=10175) to work on /home/nhattrieu/airflow/dags/dag2_20230521.py
[2023-05-23T21:12:54.362+0700] {processor.py:826} INFO - Processing file /home/nhattrieu/airflow/dags/dag2_20230521.py for tasks to queue
[2023-05-23T21:12:54.363+0700] {logging_mixin.py:149} INFO - [2023-05-23T21:12:54.363+0700] {dagbag.py:541} INFO - Filling up the DagBag from /home/nhattrieu/airflow/dags/dag2_20230521.py
[2023-05-23T21:12:54.367+0700] {logging_mixin.py:149} INFO - ===============Processing: /dags/json/dag2_20230521213830.json================
[2023-05-23T21:12:54.367+0700] {processor.py:836} INFO - DAG(s) dict_keys(['dag2_20230521']) retrieved from /home/nhattrieu/airflow/dags/dag2_20230521.py
[2023-05-23T21:12:54.396+0700] {logging_mixin.py:149} INFO - [2023-05-23T21:12:54.396+0700] {dag.py:2726} INFO - Sync 1 DAGs
[2023-05-23T21:12:54.414+0700] {logging_mixin.py:149} INFO - [2023-05-23T21:12:54.414+0700] {dag.py:3486} INFO - Setting next_dagrun for dag2_20230521 to 2022-05-05T00:00:00+00:00, run_after=2022-05-06T00:00:00+00:00
[2023-05-23T21:12:54.425+0700] {processor.py:179} INFO - Processing /home/nhattrieu/airflow/dags/dag2_20230521.py took 0.068 seconds
[2023-05-23T21:13:24.706+0700] {processor.py:157} INFO - Started process (PID=10353) to work on /home/nhattrieu/airflow/dags/dag2_20230521.py
[2023-05-23T21:13:24.707+0700] {processor.py:826} INFO - Processing file /home/nhattrieu/airflow/dags/dag2_20230521.py for tasks to queue
[2023-05-23T21:13:24.708+0700] {logging_mixin.py:149} INFO - [2023-05-23T21:13:24.708+0700] {dagbag.py:541} INFO - Filling up the DagBag from /home/nhattrieu/airflow/dags/dag2_20230521.py
[2023-05-23T21:13:24.711+0700] {logging_mixin.py:149} INFO - ===============Processing: /dags/json/dag2_20230521213830.json================
[2023-05-23T21:13:24.711+0700] {processor.py:836} INFO - DAG(s) dict_keys(['dag2_20230521']) retrieved from /home/nhattrieu/airflow/dags/dag2_20230521.py
[2023-05-23T21:13:24.733+0700] {logging_mixin.py:149} INFO - [2023-05-23T21:13:24.733+0700] {dag.py:2726} INFO - Sync 1 DAGs
[2023-05-23T21:13:24.747+0700] {logging_mixin.py:149} INFO - [2023-05-23T21:13:24.747+0700] {dag.py:3486} INFO - Setting next_dagrun for dag2_20230521 to 2022-05-05T00:00:00+00:00, run_after=2022-05-06T00:00:00+00:00
[2023-05-23T21:13:24.758+0700] {processor.py:179} INFO - Processing /home/nhattrieu/airflow/dags/dag2_20230521.py took 0.057 seconds
[2023-05-23T21:13:55.023+0700] {processor.py:157} INFO - Started process (PID=10560) to work on /home/nhattrieu/airflow/dags/dag2_20230521.py
[2023-05-23T21:13:55.024+0700] {processor.py:826} INFO - Processing file /home/nhattrieu/airflow/dags/dag2_20230521.py for tasks to queue
[2023-05-23T21:13:55.025+0700] {logging_mixin.py:149} INFO - [2023-05-23T21:13:55.024+0700] {dagbag.py:541} INFO - Filling up the DagBag from /home/nhattrieu/airflow/dags/dag2_20230521.py
[2023-05-23T21:13:55.026+0700] {logging_mixin.py:149} INFO - ===============Processing: /dags/json/dag2_20230521213830.json================
[2023-05-23T21:13:55.027+0700] {processor.py:836} INFO - DAG(s) dict_keys(['dag2_20230521']) retrieved from /home/nhattrieu/airflow/dags/dag2_20230521.py
[2023-05-23T21:13:55.041+0700] {logging_mixin.py:149} INFO - [2023-05-23T21:13:55.041+0700] {dag.py:2726} INFO - Sync 1 DAGs
[2023-05-23T21:13:55.055+0700] {logging_mixin.py:149} INFO - [2023-05-23T21:13:55.055+0700] {dag.py:3486} INFO - Setting next_dagrun for dag2_20230521 to 2022-05-05T00:00:00+00:00, run_after=2022-05-06T00:00:00+00:00
[2023-05-23T21:13:55.065+0700] {processor.py:179} INFO - Processing /home/nhattrieu/airflow/dags/dag2_20230521.py took 0.045 seconds
[2023-05-23T21:14:25.729+0700] {processor.py:157} INFO - Started process (PID=10737) to work on /home/nhattrieu/airflow/dags/dag2_20230521.py
[2023-05-23T21:14:25.730+0700] {processor.py:826} INFO - Processing file /home/nhattrieu/airflow/dags/dag2_20230521.py for tasks to queue
[2023-05-23T21:14:25.731+0700] {logging_mixin.py:149} INFO - [2023-05-23T21:14:25.731+0700] {dagbag.py:541} INFO - Filling up the DagBag from /home/nhattrieu/airflow/dags/dag2_20230521.py
[2023-05-23T21:14:25.733+0700] {logging_mixin.py:149} INFO - ===============Processing: /dags/json/dag2_20230521213830.json================
[2023-05-23T21:14:25.733+0700] {processor.py:836} INFO - DAG(s) dict_keys(['dag2_20230521']) retrieved from /home/nhattrieu/airflow/dags/dag2_20230521.py
[2023-05-23T21:14:25.752+0700] {logging_mixin.py:149} INFO - [2023-05-23T21:14:25.752+0700] {dag.py:2726} INFO - Sync 1 DAGs
[2023-05-23T21:14:25.766+0700] {logging_mixin.py:149} INFO - [2023-05-23T21:14:25.766+0700] {dag.py:3486} INFO - Setting next_dagrun for dag2_20230521 to 2022-05-05T00:00:00+00:00, run_after=2022-05-06T00:00:00+00:00
[2023-05-23T21:14:25.777+0700] {processor.py:179} INFO - Processing /home/nhattrieu/airflow/dags/dag2_20230521.py took 0.051 seconds
[2023-05-23T21:14:56.049+0700] {processor.py:157} INFO - Started process (PID=10954) to work on /home/nhattrieu/airflow/dags/dag2_20230521.py
[2023-05-23T21:14:56.050+0700] {processor.py:826} INFO - Processing file /home/nhattrieu/airflow/dags/dag2_20230521.py for tasks to queue
[2023-05-23T21:14:56.051+0700] {logging_mixin.py:149} INFO - [2023-05-23T21:14:56.051+0700] {dagbag.py:541} INFO - Filling up the DagBag from /home/nhattrieu/airflow/dags/dag2_20230521.py
[2023-05-23T21:14:56.053+0700] {logging_mixin.py:149} INFO - ===============Processing: /dags/json/dag2_20230521213830.json================
[2023-05-23T21:14:56.054+0700] {processor.py:836} INFO - DAG(s) dict_keys(['dag2_20230521']) retrieved from /home/nhattrieu/airflow/dags/dag2_20230521.py
[2023-05-23T21:14:56.074+0700] {logging_mixin.py:149} INFO - [2023-05-23T21:14:56.074+0700] {dag.py:2726} INFO - Sync 1 DAGs
[2023-05-23T21:14:56.089+0700] {logging_mixin.py:149} INFO - [2023-05-23T21:14:56.089+0700] {dag.py:3486} INFO - Setting next_dagrun for dag2_20230521 to 2022-05-05T00:00:00+00:00, run_after=2022-05-06T00:00:00+00:00
[2023-05-23T21:14:56.100+0700] {processor.py:179} INFO - Processing /home/nhattrieu/airflow/dags/dag2_20230521.py took 0.056 seconds
[2023-05-23T21:15:26.514+0700] {processor.py:157} INFO - Started process (PID=11273) to work on /home/nhattrieu/airflow/dags/dag2_20230521.py
[2023-05-23T21:15:26.515+0700] {processor.py:826} INFO - Processing file /home/nhattrieu/airflow/dags/dag2_20230521.py for tasks to queue
[2023-05-23T21:15:26.515+0700] {logging_mixin.py:149} INFO - [2023-05-23T21:15:26.515+0700] {dagbag.py:541} INFO - Filling up the DagBag from /home/nhattrieu/airflow/dags/dag2_20230521.py
[2023-05-23T21:15:26.517+0700] {logging_mixin.py:149} INFO - ===============Processing: /dags/json/dag2_20230521213830.json================
[2023-05-23T21:15:26.517+0700] {processor.py:836} INFO - DAG(s) dict_keys(['dag2_20230521']) retrieved from /home/nhattrieu/airflow/dags/dag2_20230521.py
[2023-05-23T21:15:26.532+0700] {logging_mixin.py:149} INFO - [2023-05-23T21:15:26.532+0700] {dag.py:2726} INFO - Sync 1 DAGs
[2023-05-23T21:15:26.546+0700] {logging_mixin.py:149} INFO - [2023-05-23T21:15:26.546+0700] {dag.py:3486} INFO - Setting next_dagrun for dag2_20230521 to 2022-05-05T00:00:00+00:00, run_after=2022-05-06T00:00:00+00:00
[2023-05-23T21:15:26.557+0700] {processor.py:179} INFO - Processing /home/nhattrieu/airflow/dags/dag2_20230521.py took 0.044 seconds
[2023-05-23T21:15:57.061+0700] {processor.py:157} INFO - Started process (PID=11955) to work on /home/nhattrieu/airflow/dags/dag2_20230521.py
[2023-05-23T21:15:57.062+0700] {processor.py:826} INFO - Processing file /home/nhattrieu/airflow/dags/dag2_20230521.py for tasks to queue
[2023-05-23T21:15:57.063+0700] {logging_mixin.py:149} INFO - [2023-05-23T21:15:57.063+0700] {dagbag.py:541} INFO - Filling up the DagBag from /home/nhattrieu/airflow/dags/dag2_20230521.py
[2023-05-23T21:15:57.066+0700] {logging_mixin.py:149} INFO - ===============Processing: /dags/json/dag2_20230521213830.json================
[2023-05-23T21:15:57.067+0700] {processor.py:836} INFO - DAG(s) dict_keys(['dag2_20230521']) retrieved from /home/nhattrieu/airflow/dags/dag2_20230521.py
[2023-05-23T21:15:57.097+0700] {logging_mixin.py:149} INFO - [2023-05-23T21:15:57.096+0700] {dag.py:2726} INFO - Sync 1 DAGs
[2023-05-23T21:15:57.114+0700] {logging_mixin.py:149} INFO - [2023-05-23T21:15:57.114+0700] {dag.py:3486} INFO - Setting next_dagrun for dag2_20230521 to 2022-05-05T00:00:00+00:00, run_after=2022-05-06T00:00:00+00:00
[2023-05-23T21:15:57.125+0700] {processor.py:179} INFO - Processing /home/nhattrieu/airflow/dags/dag2_20230521.py took 0.068 seconds
[2023-05-23T21:16:27.178+0700] {processor.py:157} INFO - Started process (PID=12213) to work on /home/nhattrieu/airflow/dags/dag2_20230521.py
[2023-05-23T21:16:27.179+0700] {processor.py:826} INFO - Processing file /home/nhattrieu/airflow/dags/dag2_20230521.py for tasks to queue
[2023-05-23T21:16:27.180+0700] {logging_mixin.py:149} INFO - [2023-05-23T21:16:27.180+0700] {dagbag.py:541} INFO - Filling up the DagBag from /home/nhattrieu/airflow/dags/dag2_20230521.py
[2023-05-23T21:16:27.182+0700] {logging_mixin.py:149} INFO - ===============Processing: /dags/json/dag2_20230521213830.json================
[2023-05-23T21:16:27.182+0700] {processor.py:836} INFO - DAG(s) dict_keys(['dag2_20230521']) retrieved from /home/nhattrieu/airflow/dags/dag2_20230521.py
[2023-05-23T21:16:27.200+0700] {logging_mixin.py:149} INFO - [2023-05-23T21:16:27.200+0700] {dag.py:2726} INFO - Sync 1 DAGs
[2023-05-23T21:16:27.223+0700] {logging_mixin.py:149} INFO - [2023-05-23T21:16:27.223+0700] {dag.py:3486} INFO - Setting next_dagrun for dag2_20230521 to 2022-05-05T00:00:00+00:00, run_after=2022-05-06T00:00:00+00:00
[2023-05-23T21:16:27.242+0700] {processor.py:179} INFO - Processing /home/nhattrieu/airflow/dags/dag2_20230521.py took 0.066 seconds
[2023-05-23T21:16:57.586+0700] {processor.py:157} INFO - Started process (PID=12398) to work on /home/nhattrieu/airflow/dags/dag2_20230521.py
[2023-05-23T21:16:57.587+0700] {processor.py:826} INFO - Processing file /home/nhattrieu/airflow/dags/dag2_20230521.py for tasks to queue
[2023-05-23T21:16:57.588+0700] {logging_mixin.py:149} INFO - [2023-05-23T21:16:57.588+0700] {dagbag.py:541} INFO - Filling up the DagBag from /home/nhattrieu/airflow/dags/dag2_20230521.py
[2023-05-23T21:16:57.591+0700] {logging_mixin.py:149} INFO - ===============Processing: /dags/json/dag2_20230521213830.json================
[2023-05-23T21:16:57.591+0700] {processor.py:836} INFO - DAG(s) dict_keys(['dag2_20230521']) retrieved from /home/nhattrieu/airflow/dags/dag2_20230521.py
[2023-05-23T21:16:57.617+0700] {logging_mixin.py:149} INFO - [2023-05-23T21:16:57.617+0700] {dag.py:2726} INFO - Sync 1 DAGs
[2023-05-23T21:16:57.633+0700] {logging_mixin.py:149} INFO - [2023-05-23T21:16:57.632+0700] {dag.py:3486} INFO - Setting next_dagrun for dag2_20230521 to 2022-05-05T00:00:00+00:00, run_after=2022-05-06T00:00:00+00:00
[2023-05-23T21:16:57.644+0700] {processor.py:179} INFO - Processing /home/nhattrieu/airflow/dags/dag2_20230521.py took 0.062 seconds
[2023-05-23T21:17:27.700+0700] {processor.py:157} INFO - Started process (PID=12621) to work on /home/nhattrieu/airflow/dags/dag2_20230521.py
[2023-05-23T21:17:27.701+0700] {processor.py:826} INFO - Processing file /home/nhattrieu/airflow/dags/dag2_20230521.py for tasks to queue
[2023-05-23T21:17:27.702+0700] {logging_mixin.py:149} INFO - [2023-05-23T21:17:27.702+0700] {dagbag.py:541} INFO - Filling up the DagBag from /home/nhattrieu/airflow/dags/dag2_20230521.py
[2023-05-23T21:17:27.704+0700] {logging_mixin.py:149} INFO - ===============Processing: /dags/json/dag2_20230521213830.json================
[2023-05-23T21:17:27.705+0700] {processor.py:836} INFO - DAG(s) dict_keys(['dag2_20230521']) retrieved from /home/nhattrieu/airflow/dags/dag2_20230521.py
[2023-05-23T21:17:27.724+0700] {logging_mixin.py:149} INFO - [2023-05-23T21:17:27.724+0700] {dag.py:2726} INFO - Sync 1 DAGs
[2023-05-23T21:17:27.738+0700] {logging_mixin.py:149} INFO - [2023-05-23T21:17:27.737+0700] {dag.py:3486} INFO - Setting next_dagrun for dag2_20230521 to 2022-05-05T00:00:00+00:00, run_after=2022-05-06T00:00:00+00:00
[2023-05-23T21:17:27.749+0700] {processor.py:179} INFO - Processing /home/nhattrieu/airflow/dags/dag2_20230521.py took 0.054 seconds
[2023-05-23T21:17:58.041+0700] {processor.py:157} INFO - Started process (PID=12810) to work on /home/nhattrieu/airflow/dags/dag2_20230521.py
[2023-05-23T21:17:58.043+0700] {processor.py:826} INFO - Processing file /home/nhattrieu/airflow/dags/dag2_20230521.py for tasks to queue
[2023-05-23T21:17:58.044+0700] {logging_mixin.py:149} INFO - [2023-05-23T21:17:58.044+0700] {dagbag.py:541} INFO - Filling up the DagBag from /home/nhattrieu/airflow/dags/dag2_20230521.py
[2023-05-23T21:17:58.046+0700] {logging_mixin.py:149} INFO - ===============Processing: /dags/json/dag2_20230521213830.json================
[2023-05-23T21:17:58.046+0700] {processor.py:836} INFO - DAG(s) dict_keys(['dag2_20230521']) retrieved from /home/nhattrieu/airflow/dags/dag2_20230521.py
[2023-05-23T21:17:58.065+0700] {logging_mixin.py:149} INFO - [2023-05-23T21:17:58.065+0700] {dag.py:2726} INFO - Sync 1 DAGs
[2023-05-23T21:17:58.082+0700] {logging_mixin.py:149} INFO - [2023-05-23T21:17:58.082+0700] {dag.py:3486} INFO - Setting next_dagrun for dag2_20230521 to 2022-05-05T00:00:00+00:00, run_after=2022-05-06T00:00:00+00:00
[2023-05-23T21:17:58.094+0700] {processor.py:179} INFO - Processing /home/nhattrieu/airflow/dags/dag2_20230521.py took 0.057 seconds
[2023-05-23T21:18:28.212+0700] {processor.py:157} INFO - Started process (PID=13013) to work on /home/nhattrieu/airflow/dags/dag2_20230521.py
[2023-05-23T21:18:28.212+0700] {processor.py:826} INFO - Processing file /home/nhattrieu/airflow/dags/dag2_20230521.py for tasks to queue
[2023-05-23T21:18:28.213+0700] {logging_mixin.py:149} INFO - [2023-05-23T21:18:28.213+0700] {dagbag.py:541} INFO - Filling up the DagBag from /home/nhattrieu/airflow/dags/dag2_20230521.py
[2023-05-23T21:18:28.214+0700] {logging_mixin.py:149} INFO - ===============Processing: /dags/json/dag2_20230521213830.json================
[2023-05-23T21:18:28.214+0700] {processor.py:836} INFO - DAG(s) dict_keys(['dag2_20230521']) retrieved from /home/nhattrieu/airflow/dags/dag2_20230521.py
[2023-05-23T21:18:28.230+0700] {logging_mixin.py:149} INFO - [2023-05-23T21:18:28.230+0700] {dag.py:2726} INFO - Sync 1 DAGs
[2023-05-23T21:18:28.244+0700] {logging_mixin.py:149} INFO - [2023-05-23T21:18:28.244+0700] {dag.py:3486} INFO - Setting next_dagrun for dag2_20230521 to 2022-05-05T00:00:00+00:00, run_after=2022-05-06T00:00:00+00:00
[2023-05-23T21:18:28.255+0700] {processor.py:179} INFO - Processing /home/nhattrieu/airflow/dags/dag2_20230521.py took 0.045 seconds
[2023-05-23T21:18:58.913+0700] {processor.py:157} INFO - Started process (PID=13306) to work on /home/nhattrieu/airflow/dags/dag2_20230521.py
[2023-05-23T21:18:58.915+0700] {processor.py:826} INFO - Processing file /home/nhattrieu/airflow/dags/dag2_20230521.py for tasks to queue
[2023-05-23T21:18:58.915+0700] {logging_mixin.py:149} INFO - [2023-05-23T21:18:58.915+0700] {dagbag.py:541} INFO - Filling up the DagBag from /home/nhattrieu/airflow/dags/dag2_20230521.py
[2023-05-23T21:18:58.918+0700] {logging_mixin.py:149} INFO - ===============Processing: /dags/json/dag2_20230521213830.json================
[2023-05-23T21:18:58.919+0700] {processor.py:836} INFO - DAG(s) dict_keys(['dag2_20230521']) retrieved from /home/nhattrieu/airflow/dags/dag2_20230521.py
[2023-05-23T21:18:58.939+0700] {logging_mixin.py:149} INFO - [2023-05-23T21:18:58.939+0700] {dag.py:2726} INFO - Sync 1 DAGs
[2023-05-23T21:18:58.953+0700] {logging_mixin.py:149} INFO - [2023-05-23T21:18:58.953+0700] {dag.py:3486} INFO - Setting next_dagrun for dag2_20230521 to 2022-05-05T00:00:00+00:00, run_after=2022-05-06T00:00:00+00:00
[2023-05-23T21:18:58.965+0700] {processor.py:179} INFO - Processing /home/nhattrieu/airflow/dags/dag2_20230521.py took 0.056 seconds
[2023-05-23T21:19:29.114+0700] {processor.py:157} INFO - Started process (PID=13527) to work on /home/nhattrieu/airflow/dags/dag2_20230521.py
[2023-05-23T21:19:29.115+0700] {processor.py:826} INFO - Processing file /home/nhattrieu/airflow/dags/dag2_20230521.py for tasks to queue
[2023-05-23T21:19:29.115+0700] {logging_mixin.py:149} INFO - [2023-05-23T21:19:29.115+0700] {dagbag.py:541} INFO - Filling up the DagBag from /home/nhattrieu/airflow/dags/dag2_20230521.py
[2023-05-23T21:19:29.116+0700] {logging_mixin.py:149} INFO - ===============Processing: /dags/json/dag2_20230521213830.json================
[2023-05-23T21:19:29.117+0700] {processor.py:836} INFO - DAG(s) dict_keys(['dag2_20230521']) retrieved from /home/nhattrieu/airflow/dags/dag2_20230521.py
[2023-05-23T21:19:29.134+0700] {logging_mixin.py:149} INFO - [2023-05-23T21:19:29.134+0700] {dag.py:2726} INFO - Sync 1 DAGs
[2023-05-23T21:19:29.151+0700] {logging_mixin.py:149} INFO - [2023-05-23T21:19:29.151+0700] {dag.py:3486} INFO - Setting next_dagrun for dag2_20230521 to 2022-05-05T00:00:00+00:00, run_after=2022-05-06T00:00:00+00:00
[2023-05-23T21:19:29.165+0700] {processor.py:179} INFO - Processing /home/nhattrieu/airflow/dags/dag2_20230521.py took 0.053 seconds
[2023-05-23T21:19:59.265+0700] {processor.py:157} INFO - Started process (PID=13758) to work on /home/nhattrieu/airflow/dags/dag2_20230521.py
[2023-05-23T21:19:59.266+0700] {processor.py:826} INFO - Processing file /home/nhattrieu/airflow/dags/dag2_20230521.py for tasks to queue
[2023-05-23T21:19:59.266+0700] {logging_mixin.py:149} INFO - [2023-05-23T21:19:59.266+0700] {dagbag.py:541} INFO - Filling up the DagBag from /home/nhattrieu/airflow/dags/dag2_20230521.py
[2023-05-23T21:19:59.268+0700] {logging_mixin.py:149} INFO - ===============Processing: /dags/json/dag2_20230521213830.json================
[2023-05-23T21:19:59.268+0700] {processor.py:836} INFO - DAG(s) dict_keys(['dag2_20230521']) retrieved from /home/nhattrieu/airflow/dags/dag2_20230521.py
[2023-05-23T21:19:59.284+0700] {logging_mixin.py:149} INFO - [2023-05-23T21:19:59.284+0700] {dag.py:2726} INFO - Sync 1 DAGs
[2023-05-23T21:19:59.300+0700] {logging_mixin.py:149} INFO - [2023-05-23T21:19:59.300+0700] {dag.py:3486} INFO - Setting next_dagrun for dag2_20230521 to 2022-05-05T00:00:00+00:00, run_after=2022-05-06T00:00:00+00:00
[2023-05-23T21:19:59.312+0700] {processor.py:179} INFO - Processing /home/nhattrieu/airflow/dags/dag2_20230521.py took 0.049 seconds
[2023-05-23T21:20:29.392+0700] {processor.py:157} INFO - Started process (PID=13978) to work on /home/nhattrieu/airflow/dags/dag2_20230521.py
[2023-05-23T21:20:29.393+0700] {processor.py:826} INFO - Processing file /home/nhattrieu/airflow/dags/dag2_20230521.py for tasks to queue
[2023-05-23T21:20:29.394+0700] {logging_mixin.py:149} INFO - [2023-05-23T21:20:29.394+0700] {dagbag.py:541} INFO - Filling up the DagBag from /home/nhattrieu/airflow/dags/dag2_20230521.py
[2023-05-23T21:20:29.397+0700] {logging_mixin.py:149} INFO - ===============Processing: /dags/json/dag2_20230521213830.json================
[2023-05-23T21:20:29.397+0700] {processor.py:836} INFO - DAG(s) dict_keys(['dag2_20230521']) retrieved from /home/nhattrieu/airflow/dags/dag2_20230521.py
[2023-05-23T21:20:29.420+0700] {logging_mixin.py:149} INFO - [2023-05-23T21:20:29.420+0700] {dag.py:2726} INFO - Sync 1 DAGs
[2023-05-23T21:20:29.440+0700] {logging_mixin.py:149} INFO - [2023-05-23T21:20:29.440+0700] {dag.py:3486} INFO - Setting next_dagrun for dag2_20230521 to 2022-05-05T00:00:00+00:00, run_after=2022-05-06T00:00:00+00:00
[2023-05-23T21:20:29.452+0700] {processor.py:179} INFO - Processing /home/nhattrieu/airflow/dags/dag2_20230521.py took 0.064 seconds
[2023-05-23T21:20:59.689+0700] {processor.py:157} INFO - Started process (PID=14164) to work on /home/nhattrieu/airflow/dags/dag2_20230521.py
[2023-05-23T21:20:59.690+0700] {processor.py:826} INFO - Processing file /home/nhattrieu/airflow/dags/dag2_20230521.py for tasks to queue
[2023-05-23T21:20:59.691+0700] {logging_mixin.py:149} INFO - [2023-05-23T21:20:59.691+0700] {dagbag.py:541} INFO - Filling up the DagBag from /home/nhattrieu/airflow/dags/dag2_20230521.py
[2023-05-23T21:20:59.693+0700] {logging_mixin.py:149} INFO - ===============Processing: /dags/json/dag2_20230521213830.json================
[2023-05-23T21:20:59.693+0700] {processor.py:836} INFO - DAG(s) dict_keys(['dag2_20230521']) retrieved from /home/nhattrieu/airflow/dags/dag2_20230521.py
[2023-05-23T21:20:59.713+0700] {logging_mixin.py:149} INFO - [2023-05-23T21:20:59.713+0700] {dag.py:2726} INFO - Sync 1 DAGs
[2023-05-23T21:20:59.728+0700] {logging_mixin.py:149} INFO - [2023-05-23T21:20:59.728+0700] {dag.py:3486} INFO - Setting next_dagrun for dag2_20230521 to 2022-05-05T00:00:00+00:00, run_after=2022-05-06T00:00:00+00:00
[2023-05-23T21:20:59.740+0700] {processor.py:179} INFO - Processing /home/nhattrieu/airflow/dags/dag2_20230521.py took 0.054 seconds
[2023-05-23T21:21:29.819+0700] {processor.py:157} INFO - Started process (PID=14350) to work on /home/nhattrieu/airflow/dags/dag2_20230521.py
[2023-05-23T21:21:29.821+0700] {processor.py:826} INFO - Processing file /home/nhattrieu/airflow/dags/dag2_20230521.py for tasks to queue
[2023-05-23T21:21:29.821+0700] {logging_mixin.py:149} INFO - [2023-05-23T21:21:29.821+0700] {dagbag.py:541} INFO - Filling up the DagBag from /home/nhattrieu/airflow/dags/dag2_20230521.py
[2023-05-23T21:21:29.824+0700] {logging_mixin.py:149} INFO - ===============Processing: /dags/json/dag2_20230521213830.json================
[2023-05-23T21:21:29.824+0700] {processor.py:836} INFO - DAG(s) dict_keys(['dag2_20230521']) retrieved from /home/nhattrieu/airflow/dags/dag2_20230521.py
[2023-05-23T21:21:29.847+0700] {logging_mixin.py:149} INFO - [2023-05-23T21:21:29.847+0700] {dag.py:2726} INFO - Sync 1 DAGs
[2023-05-23T21:21:29.863+0700] {logging_mixin.py:149} INFO - [2023-05-23T21:21:29.862+0700] {dag.py:3486} INFO - Setting next_dagrun for dag2_20230521 to 2022-05-05T00:00:00+00:00, run_after=2022-05-06T00:00:00+00:00
[2023-05-23T21:21:29.873+0700] {processor.py:179} INFO - Processing /home/nhattrieu/airflow/dags/dag2_20230521.py took 0.059 seconds
[2023-05-23T21:22:00.062+0700] {processor.py:157} INFO - Started process (PID=14508) to work on /home/nhattrieu/airflow/dags/dag2_20230521.py
[2023-05-23T21:22:00.063+0700] {processor.py:826} INFO - Processing file /home/nhattrieu/airflow/dags/dag2_20230521.py for tasks to queue
[2023-05-23T21:22:00.064+0700] {logging_mixin.py:149} INFO - [2023-05-23T21:22:00.064+0700] {dagbag.py:541} INFO - Filling up the DagBag from /home/nhattrieu/airflow/dags/dag2_20230521.py
[2023-05-23T21:22:00.067+0700] {logging_mixin.py:149} INFO - ===============Processing: /dags/json/dag2_20230521213830.json================
[2023-05-23T21:22:00.067+0700] {processor.py:836} INFO - DAG(s) dict_keys(['dag2_20230521']) retrieved from /home/nhattrieu/airflow/dags/dag2_20230521.py
[2023-05-23T21:22:00.088+0700] {logging_mixin.py:149} INFO - [2023-05-23T21:22:00.088+0700] {dag.py:2726} INFO - Sync 1 DAGs
[2023-05-23T21:22:00.102+0700] {logging_mixin.py:149} INFO - [2023-05-23T21:22:00.102+0700] {dag.py:3486} INFO - Setting next_dagrun for dag2_20230521 to 2022-05-05T00:00:00+00:00, run_after=2022-05-06T00:00:00+00:00
[2023-05-23T21:22:00.113+0700] {processor.py:179} INFO - Processing /home/nhattrieu/airflow/dags/dag2_20230521.py took 0.055 seconds
[2023-05-23T21:22:30.271+0700] {processor.py:157} INFO - Started process (PID=14695) to work on /home/nhattrieu/airflow/dags/dag2_20230521.py
[2023-05-23T21:22:30.272+0700] {processor.py:826} INFO - Processing file /home/nhattrieu/airflow/dags/dag2_20230521.py for tasks to queue
[2023-05-23T21:22:30.273+0700] {logging_mixin.py:149} INFO - [2023-05-23T21:22:30.273+0700] {dagbag.py:541} INFO - Filling up the DagBag from /home/nhattrieu/airflow/dags/dag2_20230521.py
[2023-05-23T21:22:30.275+0700] {logging_mixin.py:149} INFO - ===============Processing: /dags/json/dag2_20230521213830.json================
[2023-05-23T21:22:30.276+0700] {processor.py:836} INFO - DAG(s) dict_keys(['dag2_20230521']) retrieved from /home/nhattrieu/airflow/dags/dag2_20230521.py
[2023-05-23T21:22:30.296+0700] {logging_mixin.py:149} INFO - [2023-05-23T21:22:30.295+0700] {dag.py:2726} INFO - Sync 1 DAGs
[2023-05-23T21:22:30.310+0700] {logging_mixin.py:149} INFO - [2023-05-23T21:22:30.310+0700] {dag.py:3486} INFO - Setting next_dagrun for dag2_20230521 to 2022-05-05T00:00:00+00:00, run_after=2022-05-06T00:00:00+00:00
[2023-05-23T21:22:30.322+0700] {processor.py:179} INFO - Processing /home/nhattrieu/airflow/dags/dag2_20230521.py took 0.054 seconds
[2023-05-23T21:23:00.485+0700] {processor.py:157} INFO - Started process (PID=14863) to work on /home/nhattrieu/airflow/dags/dag2_20230521.py
[2023-05-23T21:23:00.486+0700] {processor.py:826} INFO - Processing file /home/nhattrieu/airflow/dags/dag2_20230521.py for tasks to queue
[2023-05-23T21:23:00.486+0700] {logging_mixin.py:149} INFO - [2023-05-23T21:23:00.486+0700] {dagbag.py:541} INFO - Filling up the DagBag from /home/nhattrieu/airflow/dags/dag2_20230521.py
[2023-05-23T21:23:00.488+0700] {logging_mixin.py:149} INFO - ===============Processing: /dags/json/dag2_20230521213830.json================
[2023-05-23T21:23:00.488+0700] {processor.py:836} INFO - DAG(s) dict_keys(['dag2_20230521']) retrieved from /home/nhattrieu/airflow/dags/dag2_20230521.py
[2023-05-23T21:23:00.504+0700] {logging_mixin.py:149} INFO - [2023-05-23T21:23:00.503+0700] {dag.py:2726} INFO - Sync 1 DAGs
[2023-05-23T21:23:00.518+0700] {logging_mixin.py:149} INFO - [2023-05-23T21:23:00.518+0700] {dag.py:3486} INFO - Setting next_dagrun for dag2_20230521 to 2022-05-05T00:00:00+00:00, run_after=2022-05-06T00:00:00+00:00
[2023-05-23T21:23:00.531+0700] {processor.py:179} INFO - Processing /home/nhattrieu/airflow/dags/dag2_20230521.py took 0.048 seconds
[2023-05-23T21:23:30.876+0700] {processor.py:157} INFO - Started process (PID=15068) to work on /home/nhattrieu/airflow/dags/dag2_20230521.py
[2023-05-23T21:23:30.877+0700] {processor.py:826} INFO - Processing file /home/nhattrieu/airflow/dags/dag2_20230521.py for tasks to queue
[2023-05-23T21:23:30.878+0700] {logging_mixin.py:149} INFO - [2023-05-23T21:23:30.877+0700] {dagbag.py:541} INFO - Filling up the DagBag from /home/nhattrieu/airflow/dags/dag2_20230521.py
[2023-05-23T21:23:30.880+0700] {logging_mixin.py:149} INFO - ===============Processing: /dags/json/dag2_20230521213830.json================
[2023-05-23T21:23:30.881+0700] {processor.py:836} INFO - DAG(s) dict_keys(['dag2_20230521']) retrieved from /home/nhattrieu/airflow/dags/dag2_20230521.py
[2023-05-23T21:23:30.902+0700] {logging_mixin.py:149} INFO - [2023-05-23T21:23:30.902+0700] {dag.py:2726} INFO - Sync 1 DAGs
[2023-05-23T21:23:30.918+0700] {logging_mixin.py:149} INFO - [2023-05-23T21:23:30.918+0700] {dag.py:3486} INFO - Setting next_dagrun for dag2_20230521 to 2022-05-05T00:00:00+00:00, run_after=2022-05-06T00:00:00+00:00
[2023-05-23T21:23:30.930+0700] {processor.py:179} INFO - Processing /home/nhattrieu/airflow/dags/dag2_20230521.py took 0.058 seconds
[2023-05-23T21:24:01.147+0700] {processor.py:157} INFO - Started process (PID=15233) to work on /home/nhattrieu/airflow/dags/dag2_20230521.py
[2023-05-23T21:24:01.148+0700] {processor.py:826} INFO - Processing file /home/nhattrieu/airflow/dags/dag2_20230521.py for tasks to queue
[2023-05-23T21:24:01.149+0700] {logging_mixin.py:149} INFO - [2023-05-23T21:24:01.149+0700] {dagbag.py:541} INFO - Filling up the DagBag from /home/nhattrieu/airflow/dags/dag2_20230521.py
[2023-05-23T21:24:01.152+0700] {logging_mixin.py:149} INFO - ===============Processing: /dags/json/dag2_20230521213830.json================
[2023-05-23T21:24:01.153+0700] {processor.py:836} INFO - DAG(s) dict_keys(['dag2_20230521']) retrieved from /home/nhattrieu/airflow/dags/dag2_20230521.py
[2023-05-23T21:24:01.173+0700] {logging_mixin.py:149} INFO - [2023-05-23T21:24:01.173+0700] {dag.py:2726} INFO - Sync 1 DAGs
[2023-05-23T21:24:01.188+0700] {logging_mixin.py:149} INFO - [2023-05-23T21:24:01.187+0700] {dag.py:3486} INFO - Setting next_dagrun for dag2_20230521 to 2022-05-05T00:00:00+00:00, run_after=2022-05-06T00:00:00+00:00
[2023-05-23T21:24:01.198+0700] {processor.py:179} INFO - Processing /home/nhattrieu/airflow/dags/dag2_20230521.py took 0.057 seconds
[2023-05-23T21:24:31.441+0700] {processor.py:157} INFO - Started process (PID=15428) to work on /home/nhattrieu/airflow/dags/dag2_20230521.py
[2023-05-23T21:24:31.442+0700] {processor.py:826} INFO - Processing file /home/nhattrieu/airflow/dags/dag2_20230521.py for tasks to queue
[2023-05-23T21:24:31.442+0700] {logging_mixin.py:149} INFO - [2023-05-23T21:24:31.442+0700] {dagbag.py:541} INFO - Filling up the DagBag from /home/nhattrieu/airflow/dags/dag2_20230521.py
[2023-05-23T21:24:31.444+0700] {logging_mixin.py:149} INFO - ===============Processing: /dags/json/dag2_20230521213830.json================
[2023-05-23T21:24:31.445+0700] {processor.py:836} INFO - DAG(s) dict_keys(['dag2_20230521']) retrieved from /home/nhattrieu/airflow/dags/dag2_20230521.py
[2023-05-23T21:24:31.463+0700] {logging_mixin.py:149} INFO - [2023-05-23T21:24:31.463+0700] {dag.py:2726} INFO - Sync 1 DAGs
[2023-05-23T21:24:31.477+0700] {logging_mixin.py:149} INFO - [2023-05-23T21:24:31.477+0700] {dag.py:3486} INFO - Setting next_dagrun for dag2_20230521 to 2022-05-05T00:00:00+00:00, run_after=2022-05-06T00:00:00+00:00
[2023-05-23T21:24:31.489+0700] {processor.py:179} INFO - Processing /home/nhattrieu/airflow/dags/dag2_20230521.py took 0.051 seconds
[2023-05-23T21:25:01.533+0700] {processor.py:157} INFO - Started process (PID=15592) to work on /home/nhattrieu/airflow/dags/dag2_20230521.py
[2023-05-23T21:25:01.534+0700] {processor.py:826} INFO - Processing file /home/nhattrieu/airflow/dags/dag2_20230521.py for tasks to queue
[2023-05-23T21:25:01.534+0700] {logging_mixin.py:149} INFO - [2023-05-23T21:25:01.534+0700] {dagbag.py:541} INFO - Filling up the DagBag from /home/nhattrieu/airflow/dags/dag2_20230521.py
[2023-05-23T21:25:01.536+0700] {logging_mixin.py:149} INFO - ===============Processing: /dags/json/dag2_20230521213830.json================
[2023-05-23T21:25:01.536+0700] {processor.py:836} INFO - DAG(s) dict_keys(['dag2_20230521']) retrieved from /home/nhattrieu/airflow/dags/dag2_20230521.py
[2023-05-23T21:25:01.562+0700] {logging_mixin.py:149} INFO - [2023-05-23T21:25:01.562+0700] {dag.py:2726} INFO - Sync 1 DAGs
[2023-05-23T21:25:01.579+0700] {logging_mixin.py:149} INFO - [2023-05-23T21:25:01.579+0700] {dag.py:3486} INFO - Setting next_dagrun for dag2_20230521 to 2022-05-05T00:00:00+00:00, run_after=2022-05-06T00:00:00+00:00
[2023-05-23T21:25:01.591+0700] {processor.py:179} INFO - Processing /home/nhattrieu/airflow/dags/dag2_20230521.py took 0.061 seconds
[2023-05-23T21:25:31.690+0700] {processor.py:157} INFO - Started process (PID=15794) to work on /home/nhattrieu/airflow/dags/dag2_20230521.py
[2023-05-23T21:25:31.691+0700] {processor.py:826} INFO - Processing file /home/nhattrieu/airflow/dags/dag2_20230521.py for tasks to queue
[2023-05-23T21:25:31.691+0700] {logging_mixin.py:149} INFO - [2023-05-23T21:25:31.691+0700] {dagbag.py:541} INFO - Filling up the DagBag from /home/nhattrieu/airflow/dags/dag2_20230521.py
[2023-05-23T21:25:31.693+0700] {logging_mixin.py:149} INFO - ===============Processing: /dags/json/dag2_20230521213830.json================
[2023-05-23T21:25:31.693+0700] {processor.py:836} INFO - DAG(s) dict_keys(['dag2_20230521']) retrieved from /home/nhattrieu/airflow/dags/dag2_20230521.py
[2023-05-23T21:25:31.707+0700] {logging_mixin.py:149} INFO - [2023-05-23T21:25:31.707+0700] {dag.py:2726} INFO - Sync 1 DAGs
[2023-05-23T21:25:31.721+0700] {logging_mixin.py:149} INFO - [2023-05-23T21:25:31.720+0700] {dag.py:3486} INFO - Setting next_dagrun for dag2_20230521 to 2022-05-05T00:00:00+00:00, run_after=2022-05-06T00:00:00+00:00
[2023-05-23T21:25:31.732+0700] {processor.py:179} INFO - Processing /home/nhattrieu/airflow/dags/dag2_20230521.py took 0.043 seconds
[2023-05-23T21:26:01.896+0700] {processor.py:157} INFO - Started process (PID=15962) to work on /home/nhattrieu/airflow/dags/dag2_20230521.py
[2023-05-23T21:26:01.897+0700] {processor.py:826} INFO - Processing file /home/nhattrieu/airflow/dags/dag2_20230521.py for tasks to queue
[2023-05-23T21:26:01.898+0700] {logging_mixin.py:149} INFO - [2023-05-23T21:26:01.898+0700] {dagbag.py:541} INFO - Filling up the DagBag from /home/nhattrieu/airflow/dags/dag2_20230521.py
[2023-05-23T21:26:01.900+0700] {logging_mixin.py:149} INFO - ===============Processing: /dags/json/dag2_20230521213830.json================
[2023-05-23T21:26:01.901+0700] {processor.py:836} INFO - DAG(s) dict_keys(['dag2_20230521']) retrieved from /home/nhattrieu/airflow/dags/dag2_20230521.py
[2023-05-23T21:26:01.922+0700] {logging_mixin.py:149} INFO - [2023-05-23T21:26:01.922+0700] {dag.py:2726} INFO - Sync 1 DAGs
[2023-05-23T21:26:01.937+0700] {logging_mixin.py:149} INFO - [2023-05-23T21:26:01.936+0700] {dag.py:3486} INFO - Setting next_dagrun for dag2_20230521 to 2022-05-05T00:00:00+00:00, run_after=2022-05-06T00:00:00+00:00
[2023-05-23T21:26:01.948+0700] {processor.py:179} INFO - Processing /home/nhattrieu/airflow/dags/dag2_20230521.py took 0.056 seconds
[2023-05-23T21:26:32.004+0700] {processor.py:157} INFO - Started process (PID=16157) to work on /home/nhattrieu/airflow/dags/dag2_20230521.py
[2023-05-23T21:26:32.005+0700] {processor.py:826} INFO - Processing file /home/nhattrieu/airflow/dags/dag2_20230521.py for tasks to queue
[2023-05-23T21:26:32.005+0700] {logging_mixin.py:149} INFO - [2023-05-23T21:26:32.005+0700] {dagbag.py:541} INFO - Filling up the DagBag from /home/nhattrieu/airflow/dags/dag2_20230521.py
[2023-05-23T21:26:32.007+0700] {logging_mixin.py:149} INFO - ===============Processing: /dags/json/dag2_20230521213830.json================
[2023-05-23T21:26:32.008+0700] {processor.py:836} INFO - DAG(s) dict_keys(['dag2_20230521']) retrieved from /home/nhattrieu/airflow/dags/dag2_20230521.py
[2023-05-23T21:26:32.025+0700] {logging_mixin.py:149} INFO - [2023-05-23T21:26:32.025+0700] {dag.py:2726} INFO - Sync 1 DAGs
[2023-05-23T21:26:32.039+0700] {logging_mixin.py:149} INFO - [2023-05-23T21:26:32.039+0700] {dag.py:3486} INFO - Setting next_dagrun for dag2_20230521 to 2022-05-05T00:00:00+00:00, run_after=2022-05-06T00:00:00+00:00
[2023-05-23T21:26:32.051+0700] {processor.py:179} INFO - Processing /home/nhattrieu/airflow/dags/dag2_20230521.py took 0.050 seconds
[2023-05-23T21:27:02.204+0700] {processor.py:157} INFO - Started process (PID=16336) to work on /home/nhattrieu/airflow/dags/dag2_20230521.py
[2023-05-23T21:27:02.204+0700] {processor.py:826} INFO - Processing file /home/nhattrieu/airflow/dags/dag2_20230521.py for tasks to queue
[2023-05-23T21:27:02.205+0700] {logging_mixin.py:149} INFO - [2023-05-23T21:27:02.205+0700] {dagbag.py:541} INFO - Filling up the DagBag from /home/nhattrieu/airflow/dags/dag2_20230521.py
[2023-05-23T21:27:02.206+0700] {logging_mixin.py:149} INFO - ===============Processing: /dags/json/dag2_20230521213830.json================
[2023-05-23T21:27:02.207+0700] {processor.py:836} INFO - DAG(s) dict_keys(['dag2_20230521']) retrieved from /home/nhattrieu/airflow/dags/dag2_20230521.py
[2023-05-23T21:27:02.225+0700] {logging_mixin.py:149} INFO - [2023-05-23T21:27:02.225+0700] {dag.py:2726} INFO - Sync 1 DAGs
[2023-05-23T21:27:02.239+0700] {logging_mixin.py:149} INFO - [2023-05-23T21:27:02.239+0700] {dag.py:3486} INFO - Setting next_dagrun for dag2_20230521 to 2022-05-05T00:00:00+00:00, run_after=2022-05-06T00:00:00+00:00
[2023-05-23T21:27:02.250+0700] {processor.py:179} INFO - Processing /home/nhattrieu/airflow/dags/dag2_20230521.py took 0.048 seconds
[2023-05-23T21:27:32.510+0700] {processor.py:157} INFO - Started process (PID=16532) to work on /home/nhattrieu/airflow/dags/dag2_20230521.py
[2023-05-23T21:27:32.512+0700] {processor.py:826} INFO - Processing file /home/nhattrieu/airflow/dags/dag2_20230521.py for tasks to queue
[2023-05-23T21:27:32.513+0700] {logging_mixin.py:149} INFO - [2023-05-23T21:27:32.513+0700] {dagbag.py:541} INFO - Filling up the DagBag from /home/nhattrieu/airflow/dags/dag2_20230521.py
[2023-05-23T21:27:32.515+0700] {logging_mixin.py:149} INFO - ===============Processing: /dags/json/dag2_20230521213830.json================
[2023-05-23T21:27:32.515+0700] {processor.py:836} INFO - DAG(s) dict_keys(['dag2_20230521']) retrieved from /home/nhattrieu/airflow/dags/dag2_20230521.py
[2023-05-23T21:27:32.538+0700] {logging_mixin.py:149} INFO - [2023-05-23T21:27:32.538+0700] {dag.py:2726} INFO - Sync 1 DAGs
[2023-05-23T21:27:32.556+0700] {logging_mixin.py:149} INFO - [2023-05-23T21:27:32.556+0700] {dag.py:3486} INFO - Setting next_dagrun for dag2_20230521 to 2022-05-05T00:00:00+00:00, run_after=2022-05-06T00:00:00+00:00
[2023-05-23T21:27:32.643+0700] {processor.py:179} INFO - Processing /home/nhattrieu/airflow/dags/dag2_20230521.py took 0.137 seconds
[2023-05-23T21:28:03.117+0700] {processor.py:157} INFO - Started process (PID=17072) to work on /home/nhattrieu/airflow/dags/dag2_20230521.py
[2023-05-23T21:28:03.124+0700] {processor.py:826} INFO - Processing file /home/nhattrieu/airflow/dags/dag2_20230521.py for tasks to queue
[2023-05-23T21:28:03.124+0700] {logging_mixin.py:149} INFO - [2023-05-23T21:28:03.124+0700] {dagbag.py:541} INFO - Filling up the DagBag from /home/nhattrieu/airflow/dags/dag2_20230521.py
[2023-05-23T21:28:03.126+0700] {logging_mixin.py:149} INFO - ===============Processing: /dags/json/dag2_20230521213830.json================
[2023-05-23T21:28:03.126+0700] {processor.py:836} INFO - DAG(s) dict_keys(['dag2_20230521']) retrieved from /home/nhattrieu/airflow/dags/dag2_20230521.py
[2023-05-23T21:28:03.146+0700] {logging_mixin.py:149} INFO - [2023-05-23T21:28:03.146+0700] {dag.py:2726} INFO - Sync 1 DAGs
[2023-05-23T21:28:03.168+0700] {logging_mixin.py:149} INFO - [2023-05-23T21:28:03.168+0700] {dag.py:3486} INFO - Setting next_dagrun for dag2_20230521 to 2022-05-05T00:00:00+00:00, run_after=2022-05-06T00:00:00+00:00
[2023-05-23T21:28:03.258+0700] {processor.py:179} INFO - Processing /home/nhattrieu/airflow/dags/dag2_20230521.py took 0.143 seconds
[2023-05-23T21:28:33.710+0700] {processor.py:157} INFO - Started process (PID=17650) to work on /home/nhattrieu/airflow/dags/dag2_20230521.py
[2023-05-23T21:28:33.710+0700] {processor.py:826} INFO - Processing file /home/nhattrieu/airflow/dags/dag2_20230521.py for tasks to queue
[2023-05-23T21:28:33.711+0700] {logging_mixin.py:149} INFO - [2023-05-23T21:28:33.711+0700] {dagbag.py:541} INFO - Filling up the DagBag from /home/nhattrieu/airflow/dags/dag2_20230521.py
[2023-05-23T21:28:33.713+0700] {logging_mixin.py:149} INFO - ===============Processing: /dags/json/dag2_20230521213830.json================
[2023-05-23T21:28:33.713+0700] {processor.py:836} INFO - DAG(s) dict_keys(['dag2_20230521']) retrieved from /home/nhattrieu/airflow/dags/dag2_20230521.py
[2023-05-23T21:28:33.732+0700] {logging_mixin.py:149} INFO - [2023-05-23T21:28:33.732+0700] {dag.py:2726} INFO - Sync 1 DAGs
[2023-05-23T21:28:33.816+0700] {logging_mixin.py:149} INFO - [2023-05-23T21:28:33.816+0700] {dag.py:3486} INFO - Setting next_dagrun for dag2_20230521 to 2022-05-05T00:00:00+00:00, run_after=2022-05-06T00:00:00+00:00
[2023-05-23T21:28:33.827+0700] {processor.py:179} INFO - Processing /home/nhattrieu/airflow/dags/dag2_20230521.py took 0.119 seconds
[2023-05-23T21:29:04.109+0700] {processor.py:157} INFO - Started process (PID=17834) to work on /home/nhattrieu/airflow/dags/dag2_20230521.py
[2023-05-23T21:29:04.110+0700] {processor.py:826} INFO - Processing file /home/nhattrieu/airflow/dags/dag2_20230521.py for tasks to queue
[2023-05-23T21:29:04.110+0700] {logging_mixin.py:149} INFO - [2023-05-23T21:29:04.110+0700] {dagbag.py:541} INFO - Filling up the DagBag from /home/nhattrieu/airflow/dags/dag2_20230521.py
[2023-05-23T21:29:04.111+0700] {logging_mixin.py:149} INFO - ===============Processing: /dags/json/dag2_20230521213830.json================
[2023-05-23T21:29:04.111+0700] {processor.py:836} INFO - DAG(s) dict_keys(['dag2_20230521']) retrieved from /home/nhattrieu/airflow/dags/dag2_20230521.py
[2023-05-23T21:29:04.126+0700] {logging_mixin.py:149} INFO - [2023-05-23T21:29:04.126+0700] {dag.py:2726} INFO - Sync 1 DAGs
[2023-05-23T21:29:04.209+0700] {logging_mixin.py:149} INFO - [2023-05-23T21:29:04.208+0700] {dag.py:3486} INFO - Setting next_dagrun for dag2_20230521 to 2022-05-05T00:00:00+00:00, run_after=2022-05-06T00:00:00+00:00
[2023-05-23T21:29:04.219+0700] {processor.py:179} INFO - Processing /home/nhattrieu/airflow/dags/dag2_20230521.py took 0.112 seconds
[2023-05-23T21:29:34.448+0700] {processor.py:157} INFO - Started process (PID=18033) to work on /home/nhattrieu/airflow/dags/dag2_20230521.py
[2023-05-23T21:29:34.449+0700] {processor.py:826} INFO - Processing file /home/nhattrieu/airflow/dags/dag2_20230521.py for tasks to queue
[2023-05-23T21:29:34.449+0700] {logging_mixin.py:149} INFO - [2023-05-23T21:29:34.449+0700] {dagbag.py:541} INFO - Filling up the DagBag from /home/nhattrieu/airflow/dags/dag2_20230521.py
[2023-05-23T21:29:34.450+0700] {logging_mixin.py:149} INFO - ===============Processing: /dags/json/dag2_20230521213830.json================
[2023-05-23T21:29:34.451+0700] {processor.py:836} INFO - DAG(s) dict_keys(['dag2_20230521']) retrieved from /home/nhattrieu/airflow/dags/dag2_20230521.py
[2023-05-23T21:29:34.466+0700] {logging_mixin.py:149} INFO - [2023-05-23T21:29:34.466+0700] {dag.py:2726} INFO - Sync 1 DAGs
[2023-05-23T21:29:34.556+0700] {logging_mixin.py:149} INFO - [2023-05-23T21:29:34.556+0700] {dag.py:3486} INFO - Setting next_dagrun for dag2_20230521 to 2022-05-05T00:00:00+00:00, run_after=2022-05-06T00:00:00+00:00
[2023-05-23T21:29:34.569+0700] {processor.py:179} INFO - Processing /home/nhattrieu/airflow/dags/dag2_20230521.py took 0.123 seconds
[2023-05-23T21:30:05.041+0700] {processor.py:157} INFO - Started process (PID=18240) to work on /home/nhattrieu/airflow/dags/dag2_20230521.py
[2023-05-23T21:30:05.042+0700] {processor.py:826} INFO - Processing file /home/nhattrieu/airflow/dags/dag2_20230521.py for tasks to queue
[2023-05-23T21:30:05.042+0700] {logging_mixin.py:149} INFO - [2023-05-23T21:30:05.042+0700] {dagbag.py:541} INFO - Filling up the DagBag from /home/nhattrieu/airflow/dags/dag2_20230521.py
[2023-05-23T21:30:05.044+0700] {logging_mixin.py:149} INFO - ===============Processing: /dags/json/dag2_20230521213830.json================
[2023-05-23T21:30:05.044+0700] {processor.py:836} INFO - DAG(s) dict_keys(['dag2_20230521']) retrieved from /home/nhattrieu/airflow/dags/dag2_20230521.py
[2023-05-23T21:30:05.062+0700] {logging_mixin.py:149} INFO - [2023-05-23T21:30:05.062+0700] {dag.py:2726} INFO - Sync 1 DAGs
[2023-05-23T21:30:05.076+0700] {logging_mixin.py:149} INFO - [2023-05-23T21:30:05.076+0700] {dag.py:3486} INFO - Setting next_dagrun for dag2_20230521 to 2022-05-05T00:00:00+00:00, run_after=2022-05-06T00:00:00+00:00
[2023-05-23T21:30:05.089+0700] {processor.py:179} INFO - Processing /home/nhattrieu/airflow/dags/dag2_20230521.py took 0.051 seconds
[2023-05-23T21:30:35.464+0700] {processor.py:157} INFO - Started process (PID=18436) to work on /home/nhattrieu/airflow/dags/dag2_20230521.py
[2023-05-23T21:30:35.465+0700] {processor.py:826} INFO - Processing file /home/nhattrieu/airflow/dags/dag2_20230521.py for tasks to queue
[2023-05-23T21:30:35.466+0700] {logging_mixin.py:149} INFO - [2023-05-23T21:30:35.465+0700] {dagbag.py:541} INFO - Filling up the DagBag from /home/nhattrieu/airflow/dags/dag2_20230521.py
[2023-05-23T21:30:35.468+0700] {logging_mixin.py:149} INFO - ===============Processing: /dags/json/dag2_20230521213830.json================
[2023-05-23T21:30:35.469+0700] {processor.py:836} INFO - DAG(s) dict_keys(['dag2_20230521']) retrieved from /home/nhattrieu/airflow/dags/dag2_20230521.py
[2023-05-23T21:30:35.492+0700] {logging_mixin.py:149} INFO - [2023-05-23T21:30:35.492+0700] {dag.py:2726} INFO - Sync 1 DAGs
[2023-05-23T21:30:35.508+0700] {logging_mixin.py:149} INFO - [2023-05-23T21:30:35.508+0700] {dag.py:3486} INFO - Setting next_dagrun for dag2_20230521 to 2022-05-05T00:00:00+00:00, run_after=2022-05-06T00:00:00+00:00
[2023-05-23T21:30:35.520+0700] {processor.py:179} INFO - Processing /home/nhattrieu/airflow/dags/dag2_20230521.py took 0.061 seconds
[2023-05-23T21:31:05.651+0700] {processor.py:157} INFO - Started process (PID=18682) to work on /home/nhattrieu/airflow/dags/dag2_20230521.py
[2023-05-23T21:31:05.653+0700] {processor.py:826} INFO - Processing file /home/nhattrieu/airflow/dags/dag2_20230521.py for tasks to queue
[2023-05-23T21:31:05.654+0700] {logging_mixin.py:149} INFO - [2023-05-23T21:31:05.654+0700] {dagbag.py:541} INFO - Filling up the DagBag from /home/nhattrieu/airflow/dags/dag2_20230521.py
[2023-05-23T21:31:05.657+0700] {logging_mixin.py:149} INFO - ===============Processing: /dags/json/dag2_20230521213830.json================
[2023-05-23T21:31:05.658+0700] {processor.py:836} INFO - DAG(s) dict_keys(['dag2_20230521']) retrieved from /home/nhattrieu/airflow/dags/dag2_20230521.py
[2023-05-23T21:31:05.682+0700] {logging_mixin.py:149} INFO - [2023-05-23T21:31:05.681+0700] {dag.py:2726} INFO - Sync 1 DAGs
[2023-05-23T21:31:05.696+0700] {logging_mixin.py:149} INFO - [2023-05-23T21:31:05.696+0700] {dag.py:3486} INFO - Setting next_dagrun for dag2_20230521 to 2022-05-05T00:00:00+00:00, run_after=2022-05-06T00:00:00+00:00
[2023-05-23T21:31:05.708+0700] {processor.py:179} INFO - Processing /home/nhattrieu/airflow/dags/dag2_20230521.py took 0.065 seconds
[2023-05-23T21:31:35.825+0700] {processor.py:157} INFO - Started process (PID=18989) to work on /home/nhattrieu/airflow/dags/dag2_20230521.py
[2023-05-23T21:31:35.826+0700] {processor.py:826} INFO - Processing file /home/nhattrieu/airflow/dags/dag2_20230521.py for tasks to queue
[2023-05-23T21:31:35.826+0700] {logging_mixin.py:149} INFO - [2023-05-23T21:31:35.826+0700] {dagbag.py:541} INFO - Filling up the DagBag from /home/nhattrieu/airflow/dags/dag2_20230521.py
[2023-05-23T21:31:35.829+0700] {logging_mixin.py:149} INFO - ===============Processing: /dags/json/dag2_20230521213830.json================
[2023-05-23T21:31:35.829+0700] {processor.py:836} INFO - DAG(s) dict_keys(['dag2_20230521']) retrieved from /home/nhattrieu/airflow/dags/dag2_20230521.py
[2023-05-23T21:31:35.848+0700] {logging_mixin.py:149} INFO - [2023-05-23T21:31:35.848+0700] {dag.py:2726} INFO - Sync 1 DAGs
[2023-05-23T21:31:35.863+0700] {logging_mixin.py:149} INFO - [2023-05-23T21:31:35.863+0700] {dag.py:3486} INFO - Setting next_dagrun for dag2_20230521 to 2022-05-05T00:00:00+00:00, run_after=2022-05-06T00:00:00+00:00
[2023-05-23T21:31:35.875+0700] {processor.py:179} INFO - Processing /home/nhattrieu/airflow/dags/dag2_20230521.py took 0.054 seconds
[2023-05-23T21:32:06.172+0700] {processor.py:157} INFO - Started process (PID=19227) to work on /home/nhattrieu/airflow/dags/dag2_20230521.py
[2023-05-23T21:32:06.173+0700] {processor.py:826} INFO - Processing file /home/nhattrieu/airflow/dags/dag2_20230521.py for tasks to queue
[2023-05-23T21:32:06.174+0700] {logging_mixin.py:149} INFO - [2023-05-23T21:32:06.174+0700] {dagbag.py:541} INFO - Filling up the DagBag from /home/nhattrieu/airflow/dags/dag2_20230521.py
[2023-05-23T21:32:06.176+0700] {logging_mixin.py:149} INFO - ===============Processing: /dags/json/dag2_20230521213830.json================
[2023-05-23T21:32:06.176+0700] {processor.py:836} INFO - DAG(s) dict_keys(['dag2_20230521']) retrieved from /home/nhattrieu/airflow/dags/dag2_20230521.py
[2023-05-23T21:32:06.196+0700] {logging_mixin.py:149} INFO - [2023-05-23T21:32:06.196+0700] {dag.py:2726} INFO - Sync 1 DAGs
[2023-05-23T21:32:06.212+0700] {logging_mixin.py:149} INFO - [2023-05-23T21:32:06.212+0700] {dag.py:3486} INFO - Setting next_dagrun for dag2_20230521 to 2022-05-05T00:00:00+00:00, run_after=2022-05-06T00:00:00+00:00
[2023-05-23T21:32:06.225+0700] {processor.py:179} INFO - Processing /home/nhattrieu/airflow/dags/dag2_20230521.py took 0.055 seconds
[2023-05-23T21:32:36.411+0700] {processor.py:157} INFO - Started process (PID=19452) to work on /home/nhattrieu/airflow/dags/dag2_20230521.py
[2023-05-23T21:32:36.412+0700] {processor.py:826} INFO - Processing file /home/nhattrieu/airflow/dags/dag2_20230521.py for tasks to queue
[2023-05-23T21:32:36.413+0700] {logging_mixin.py:149} INFO - [2023-05-23T21:32:36.412+0700] {dagbag.py:541} INFO - Filling up the DagBag from /home/nhattrieu/airflow/dags/dag2_20230521.py
[2023-05-23T21:32:36.415+0700] {logging_mixin.py:149} INFO - ===============Processing: /dags/json/dag2_20230521213830.json================
[2023-05-23T21:32:36.415+0700] {processor.py:836} INFO - DAG(s) dict_keys(['dag2_20230521']) retrieved from /home/nhattrieu/airflow/dags/dag2_20230521.py
[2023-05-23T21:32:36.434+0700] {logging_mixin.py:149} INFO - [2023-05-23T21:32:36.434+0700] {dag.py:2726} INFO - Sync 1 DAGs
[2023-05-23T21:32:36.450+0700] {logging_mixin.py:149} INFO - [2023-05-23T21:32:36.449+0700] {dag.py:3486} INFO - Setting next_dagrun for dag2_20230521 to 2022-05-05T00:00:00+00:00, run_after=2022-05-06T00:00:00+00:00
[2023-05-23T21:32:36.462+0700] {processor.py:179} INFO - Processing /home/nhattrieu/airflow/dags/dag2_20230521.py took 0.054 seconds
[2023-05-23T21:33:06.795+0700] {processor.py:157} INFO - Started process (PID=19662) to work on /home/nhattrieu/airflow/dags/dag2_20230521.py
[2023-05-23T21:33:06.796+0700] {processor.py:826} INFO - Processing file /home/nhattrieu/airflow/dags/dag2_20230521.py for tasks to queue
[2023-05-23T21:33:06.797+0700] {logging_mixin.py:149} INFO - [2023-05-23T21:33:06.797+0700] {dagbag.py:541} INFO - Filling up the DagBag from /home/nhattrieu/airflow/dags/dag2_20230521.py
[2023-05-23T21:33:06.799+0700] {logging_mixin.py:149} INFO - ===============Processing: /dags/json/dag2_20230521213830.json================
[2023-05-23T21:33:06.800+0700] {processor.py:836} INFO - DAG(s) dict_keys(['dag2_20230521']) retrieved from /home/nhattrieu/airflow/dags/dag2_20230521.py
[2023-05-23T21:33:06.819+0700] {logging_mixin.py:149} INFO - [2023-05-23T21:33:06.819+0700] {dag.py:2726} INFO - Sync 1 DAGs
[2023-05-23T21:33:06.835+0700] {logging_mixin.py:149} INFO - [2023-05-23T21:33:06.834+0700] {dag.py:3486} INFO - Setting next_dagrun for dag2_20230521 to 2022-05-05T00:00:00+00:00, run_after=2022-05-06T00:00:00+00:00
[2023-05-23T21:33:06.847+0700] {processor.py:179} INFO - Processing /home/nhattrieu/airflow/dags/dag2_20230521.py took 0.055 seconds
[2023-05-23T21:33:37.107+0700] {processor.py:157} INFO - Started process (PID=19922) to work on /home/nhattrieu/airflow/dags/dag2_20230521.py
[2023-05-23T21:33:37.109+0700] {processor.py:826} INFO - Processing file /home/nhattrieu/airflow/dags/dag2_20230521.py for tasks to queue
[2023-05-23T21:33:37.110+0700] {logging_mixin.py:149} INFO - [2023-05-23T21:33:37.110+0700] {dagbag.py:541} INFO - Filling up the DagBag from /home/nhattrieu/airflow/dags/dag2_20230521.py
[2023-05-23T21:33:37.115+0700] {logging_mixin.py:149} INFO - ===============Processing: /dags/json/dag2_20230521213830.json================
[2023-05-23T21:33:37.116+0700] {processor.py:836} INFO - DAG(s) dict_keys(['dag2_20230521']) retrieved from /home/nhattrieu/airflow/dags/dag2_20230521.py
[2023-05-23T21:33:37.146+0700] {logging_mixin.py:149} INFO - [2023-05-23T21:33:37.146+0700] {dag.py:2726} INFO - Sync 1 DAGs
[2023-05-23T21:33:37.164+0700] {logging_mixin.py:149} INFO - [2023-05-23T21:33:37.164+0700] {dag.py:3486} INFO - Setting next_dagrun for dag2_20230521 to 2022-05-05T00:00:00+00:00, run_after=2022-05-06T00:00:00+00:00
[2023-05-23T21:33:37.176+0700] {processor.py:179} INFO - Processing /home/nhattrieu/airflow/dags/dag2_20230521.py took 0.076 seconds
[2023-05-23T21:34:07.476+0700] {processor.py:157} INFO - Started process (PID=20133) to work on /home/nhattrieu/airflow/dags/dag2_20230521.py
[2023-05-23T21:34:07.478+0700] {processor.py:826} INFO - Processing file /home/nhattrieu/airflow/dags/dag2_20230521.py for tasks to queue
[2023-05-23T21:34:07.480+0700] {logging_mixin.py:149} INFO - [2023-05-23T21:34:07.479+0700] {dagbag.py:541} INFO - Filling up the DagBag from /home/nhattrieu/airflow/dags/dag2_20230521.py
[2023-05-23T21:34:07.484+0700] {logging_mixin.py:149} INFO - ===============Processing: /dags/json/dag2_20230521213830.json================
[2023-05-23T21:34:07.484+0700] {processor.py:836} INFO - DAG(s) dict_keys(['dag2_20230521']) retrieved from /home/nhattrieu/airflow/dags/dag2_20230521.py
[2023-05-23T21:34:07.512+0700] {logging_mixin.py:149} INFO - [2023-05-23T21:34:07.512+0700] {dag.py:2726} INFO - Sync 1 DAGs
[2023-05-23T21:34:07.536+0700] {logging_mixin.py:149} INFO - [2023-05-23T21:34:07.536+0700] {dag.py:3486} INFO - Setting next_dagrun for dag2_20230521 to 2022-05-05T00:00:00+00:00, run_after=2022-05-06T00:00:00+00:00
[2023-05-23T21:34:07.550+0700] {processor.py:179} INFO - Processing /home/nhattrieu/airflow/dags/dag2_20230521.py took 0.082 seconds
[2023-05-23T21:34:37.581+0700] {processor.py:157} INFO - Started process (PID=20387) to work on /home/nhattrieu/airflow/dags/dag2_20230521.py
[2023-05-23T21:34:37.582+0700] {processor.py:826} INFO - Processing file /home/nhattrieu/airflow/dags/dag2_20230521.py for tasks to queue
[2023-05-23T21:34:37.582+0700] {logging_mixin.py:149} INFO - [2023-05-23T21:34:37.582+0700] {dagbag.py:541} INFO - Filling up the DagBag from /home/nhattrieu/airflow/dags/dag2_20230521.py
[2023-05-23T21:34:37.583+0700] {logging_mixin.py:149} INFO - ===============Processing: /dags/json/dag2_20230521213830.json================
[2023-05-23T21:34:37.584+0700] {processor.py:836} INFO - DAG(s) dict_keys(['dag2_20230521']) retrieved from /home/nhattrieu/airflow/dags/dag2_20230521.py
[2023-05-23T21:34:37.601+0700] {logging_mixin.py:149} INFO - [2023-05-23T21:34:37.601+0700] {dag.py:2726} INFO - Sync 1 DAGs
[2023-05-23T21:34:37.617+0700] {logging_mixin.py:149} INFO - [2023-05-23T21:34:37.617+0700] {dag.py:3486} INFO - Setting next_dagrun for dag2_20230521 to 2022-05-05T00:00:00+00:00, run_after=2022-05-06T00:00:00+00:00
[2023-05-23T21:34:37.630+0700] {processor.py:179} INFO - Processing /home/nhattrieu/airflow/dags/dag2_20230521.py took 0.050 seconds
[2023-05-23T21:35:08.016+0700] {processor.py:157} INFO - Started process (PID=20712) to work on /home/nhattrieu/airflow/dags/dag2_20230521.py
[2023-05-23T21:35:08.018+0700] {processor.py:826} INFO - Processing file /home/nhattrieu/airflow/dags/dag2_20230521.py for tasks to queue
[2023-05-23T21:35:08.019+0700] {logging_mixin.py:149} INFO - [2023-05-23T21:35:08.019+0700] {dagbag.py:541} INFO - Filling up the DagBag from /home/nhattrieu/airflow/dags/dag2_20230521.py
[2023-05-23T21:35:08.023+0700] {logging_mixin.py:149} INFO - ===============Processing: /dags/json/dag2_20230521213830.json================
[2023-05-23T21:35:08.024+0700] {processor.py:836} INFO - DAG(s) dict_keys(['dag2_20230521']) retrieved from /home/nhattrieu/airflow/dags/dag2_20230521.py
[2023-05-23T21:35:08.054+0700] {logging_mixin.py:149} INFO - [2023-05-23T21:35:08.054+0700] {dag.py:2726} INFO - Sync 1 DAGs
[2023-05-23T21:35:08.072+0700] {logging_mixin.py:149} INFO - [2023-05-23T21:35:08.072+0700] {dag.py:3486} INFO - Setting next_dagrun for dag2_20230521 to 2022-05-05T00:00:00+00:00, run_after=2022-05-06T00:00:00+00:00
[2023-05-23T21:35:08.086+0700] {processor.py:179} INFO - Processing /home/nhattrieu/airflow/dags/dag2_20230521.py took 0.078 seconds
[2023-05-23T21:35:38.230+0700] {processor.py:157} INFO - Started process (PID=20961) to work on /home/nhattrieu/airflow/dags/dag2_20230521.py
[2023-05-23T21:35:38.231+0700] {processor.py:826} INFO - Processing file /home/nhattrieu/airflow/dags/dag2_20230521.py for tasks to queue
[2023-05-23T21:35:38.231+0700] {logging_mixin.py:149} INFO - [2023-05-23T21:35:38.231+0700] {dagbag.py:541} INFO - Filling up the DagBag from /home/nhattrieu/airflow/dags/dag2_20230521.py
[2023-05-23T21:35:38.232+0700] {logging_mixin.py:149} INFO - ===============Processing: /dags/json/dag2_20230521213830.json================
[2023-05-23T21:35:38.233+0700] {processor.py:836} INFO - DAG(s) dict_keys(['dag2_20230521']) retrieved from /home/nhattrieu/airflow/dags/dag2_20230521.py
[2023-05-23T21:35:38.249+0700] {logging_mixin.py:149} INFO - [2023-05-23T21:35:38.249+0700] {dag.py:2726} INFO - Sync 1 DAGs
[2023-05-23T21:35:38.264+0700] {logging_mixin.py:149} INFO - [2023-05-23T21:35:38.264+0700] {dag.py:3486} INFO - Setting next_dagrun for dag2_20230521 to 2022-05-05T00:00:00+00:00, run_after=2022-05-06T00:00:00+00:00
[2023-05-23T21:35:38.280+0700] {processor.py:179} INFO - Processing /home/nhattrieu/airflow/dags/dag2_20230521.py took 0.052 seconds
[2023-05-23T21:36:08.666+0700] {processor.py:157} INFO - Started process (PID=21206) to work on /home/nhattrieu/airflow/dags/dag2_20230521.py
[2023-05-23T21:36:08.667+0700] {processor.py:826} INFO - Processing file /home/nhattrieu/airflow/dags/dag2_20230521.py for tasks to queue
[2023-05-23T21:36:08.669+0700] {logging_mixin.py:149} INFO - [2023-05-23T21:36:08.668+0700] {dagbag.py:541} INFO - Filling up the DagBag from /home/nhattrieu/airflow/dags/dag2_20230521.py
[2023-05-23T21:36:08.674+0700] {logging_mixin.py:149} INFO - ===============Processing: /dags/json/dag2_20230521213830.json================
[2023-05-23T21:36:08.674+0700] {processor.py:836} INFO - DAG(s) dict_keys(['dag2_20230521']) retrieved from /home/nhattrieu/airflow/dags/dag2_20230521.py
[2023-05-23T21:36:08.705+0700] {logging_mixin.py:149} INFO - [2023-05-23T21:36:08.705+0700] {dag.py:2726} INFO - Sync 1 DAGs
[2023-05-23T21:36:08.721+0700] {logging_mixin.py:149} INFO - [2023-05-23T21:36:08.721+0700] {dag.py:3486} INFO - Setting next_dagrun for dag2_20230521 to 2022-05-05T00:00:00+00:00, run_after=2022-05-06T00:00:00+00:00
[2023-05-23T21:36:08.732+0700] {processor.py:179} INFO - Processing /home/nhattrieu/airflow/dags/dag2_20230521.py took 0.073 seconds
[2023-05-23T21:36:38.878+0700] {processor.py:157} INFO - Started process (PID=21451) to work on /home/nhattrieu/airflow/dags/dag2_20230521.py
[2023-05-23T21:36:38.879+0700] {processor.py:826} INFO - Processing file /home/nhattrieu/airflow/dags/dag2_20230521.py for tasks to queue
[2023-05-23T21:36:38.879+0700] {logging_mixin.py:149} INFO - [2023-05-23T21:36:38.879+0700] {dagbag.py:541} INFO - Filling up the DagBag from /home/nhattrieu/airflow/dags/dag2_20230521.py
[2023-05-23T21:36:38.881+0700] {logging_mixin.py:149} INFO - ===============Processing: /dags/json/dag2_20230521213830.json================
[2023-05-23T21:36:38.882+0700] {processor.py:836} INFO - DAG(s) dict_keys(['dag2_20230521']) retrieved from /home/nhattrieu/airflow/dags/dag2_20230521.py
[2023-05-23T21:36:38.908+0700] {logging_mixin.py:149} INFO - [2023-05-23T21:36:38.908+0700] {dag.py:2726} INFO - Sync 1 DAGs
[2023-05-23T21:36:38.933+0700] {logging_mixin.py:149} INFO - [2023-05-23T21:36:38.933+0700] {dag.py:3486} INFO - Setting next_dagrun for dag2_20230521 to 2022-05-05T00:00:00+00:00, run_after=2022-05-06T00:00:00+00:00
[2023-05-23T21:36:38.950+0700] {processor.py:179} INFO - Processing /home/nhattrieu/airflow/dags/dag2_20230521.py took 0.075 seconds
[2023-05-23T21:37:09.341+0700] {processor.py:157} INFO - Started process (PID=21662) to work on /home/nhattrieu/airflow/dags/dag2_20230521.py
[2023-05-23T21:37:09.342+0700] {processor.py:826} INFO - Processing file /home/nhattrieu/airflow/dags/dag2_20230521.py for tasks to queue
[2023-05-23T21:37:09.342+0700] {logging_mixin.py:149} INFO - [2023-05-23T21:37:09.342+0700] {dagbag.py:541} INFO - Filling up the DagBag from /home/nhattrieu/airflow/dags/dag2_20230521.py
[2023-05-23T21:37:09.344+0700] {logging_mixin.py:149} INFO - ===============Processing: /dags/json/dag2_20230521213830.json================
[2023-05-23T21:37:09.344+0700] {processor.py:836} INFO - DAG(s) dict_keys(['dag2_20230521']) retrieved from /home/nhattrieu/airflow/dags/dag2_20230521.py
[2023-05-23T21:37:09.366+0700] {logging_mixin.py:149} INFO - [2023-05-23T21:37:09.366+0700] {dag.py:2726} INFO - Sync 1 DAGs
[2023-05-23T21:37:09.385+0700] {logging_mixin.py:149} INFO - [2023-05-23T21:37:09.385+0700] {dag.py:3486} INFO - Setting next_dagrun for dag2_20230521 to 2022-05-05T00:00:00+00:00, run_after=2022-05-06T00:00:00+00:00
[2023-05-23T21:37:09.397+0700] {processor.py:179} INFO - Processing /home/nhattrieu/airflow/dags/dag2_20230521.py took 0.059 seconds
[2023-05-23T21:37:39.803+0700] {processor.py:157} INFO - Started process (PID=21912) to work on /home/nhattrieu/airflow/dags/dag2_20230521.py
[2023-05-23T21:37:39.804+0700] {processor.py:826} INFO - Processing file /home/nhattrieu/airflow/dags/dag2_20230521.py for tasks to queue
[2023-05-23T21:37:39.804+0700] {logging_mixin.py:149} INFO - [2023-05-23T21:37:39.804+0700] {dagbag.py:541} INFO - Filling up the DagBag from /home/nhattrieu/airflow/dags/dag2_20230521.py
[2023-05-23T21:37:39.806+0700] {logging_mixin.py:149} INFO - ===============Processing: /dags/json/dag2_20230521213830.json================
[2023-05-23T21:37:39.806+0700] {processor.py:836} INFO - DAG(s) dict_keys(['dag2_20230521']) retrieved from /home/nhattrieu/airflow/dags/dag2_20230521.py
[2023-05-23T21:37:39.822+0700] {logging_mixin.py:149} INFO - [2023-05-23T21:37:39.822+0700] {dag.py:2726} INFO - Sync 1 DAGs
[2023-05-23T21:37:39.839+0700] {logging_mixin.py:149} INFO - [2023-05-23T21:37:39.838+0700] {dag.py:3486} INFO - Setting next_dagrun for dag2_20230521 to 2022-05-05T00:00:00+00:00, run_after=2022-05-06T00:00:00+00:00
[2023-05-23T21:37:39.850+0700] {processor.py:179} INFO - Processing /home/nhattrieu/airflow/dags/dag2_20230521.py took 0.048 seconds
[2023-05-23T21:38:10.107+0700] {processor.py:157} INFO - Started process (PID=22137) to work on /home/nhattrieu/airflow/dags/dag2_20230521.py
[2023-05-23T21:38:10.108+0700] {processor.py:826} INFO - Processing file /home/nhattrieu/airflow/dags/dag2_20230521.py for tasks to queue
[2023-05-23T21:38:10.109+0700] {logging_mixin.py:149} INFO - [2023-05-23T21:38:10.108+0700] {dagbag.py:541} INFO - Filling up the DagBag from /home/nhattrieu/airflow/dags/dag2_20230521.py
[2023-05-23T21:38:10.110+0700] {logging_mixin.py:149} INFO - ===============Processing: /dags/json/dag2_20230521213830.json================
[2023-05-23T21:38:10.111+0700] {processor.py:836} INFO - DAG(s) dict_keys(['dag2_20230521']) retrieved from /home/nhattrieu/airflow/dags/dag2_20230521.py
[2023-05-23T21:38:10.130+0700] {logging_mixin.py:149} INFO - [2023-05-23T21:38:10.130+0700] {dag.py:2726} INFO - Sync 1 DAGs
[2023-05-23T21:38:10.148+0700] {logging_mixin.py:149} INFO - [2023-05-23T21:38:10.147+0700] {dag.py:3486} INFO - Setting next_dagrun for dag2_20230521 to 2022-05-05T00:00:00+00:00, run_after=2022-05-06T00:00:00+00:00
[2023-05-23T21:38:10.162+0700] {processor.py:179} INFO - Processing /home/nhattrieu/airflow/dags/dag2_20230521.py took 0.057 seconds
[2023-05-23T21:38:40.434+0700] {processor.py:157} INFO - Started process (PID=22382) to work on /home/nhattrieu/airflow/dags/dag2_20230521.py
[2023-05-23T21:38:40.435+0700] {processor.py:826} INFO - Processing file /home/nhattrieu/airflow/dags/dag2_20230521.py for tasks to queue
[2023-05-23T21:38:40.436+0700] {logging_mixin.py:149} INFO - [2023-05-23T21:38:40.435+0700] {dagbag.py:541} INFO - Filling up the DagBag from /home/nhattrieu/airflow/dags/dag2_20230521.py
[2023-05-23T21:38:40.438+0700] {logging_mixin.py:149} INFO - ===============Processing: /dags/json/dag2_20230521213830.json================
[2023-05-23T21:38:40.438+0700] {processor.py:836} INFO - DAG(s) dict_keys(['dag2_20230521']) retrieved from /home/nhattrieu/airflow/dags/dag2_20230521.py
[2023-05-23T21:38:40.463+0700] {logging_mixin.py:149} INFO - [2023-05-23T21:38:40.462+0700] {dag.py:2726} INFO - Sync 1 DAGs
[2023-05-23T21:38:40.478+0700] {logging_mixin.py:149} INFO - [2023-05-23T21:38:40.478+0700] {dag.py:3486} INFO - Setting next_dagrun for dag2_20230521 to 2022-05-05T00:00:00+00:00, run_after=2022-05-06T00:00:00+00:00
[2023-05-23T21:38:40.490+0700] {processor.py:179} INFO - Processing /home/nhattrieu/airflow/dags/dag2_20230521.py took 0.059 seconds
[2023-05-23T21:39:10.691+0700] {processor.py:157} INFO - Started process (PID=22615) to work on /home/nhattrieu/airflow/dags/dag2_20230521.py
[2023-05-23T21:39:10.692+0700] {processor.py:826} INFO - Processing file /home/nhattrieu/airflow/dags/dag2_20230521.py for tasks to queue
[2023-05-23T21:39:10.692+0700] {logging_mixin.py:149} INFO - [2023-05-23T21:39:10.692+0700] {dagbag.py:541} INFO - Filling up the DagBag from /home/nhattrieu/airflow/dags/dag2_20230521.py
[2023-05-23T21:39:10.693+0700] {logging_mixin.py:149} INFO - ===============Processing: /dags/json/dag2_20230521213830.json================
[2023-05-23T21:39:10.694+0700] {processor.py:836} INFO - DAG(s) dict_keys(['dag2_20230521']) retrieved from /home/nhattrieu/airflow/dags/dag2_20230521.py
[2023-05-23T21:39:10.712+0700] {logging_mixin.py:149} INFO - [2023-05-23T21:39:10.712+0700] {dag.py:2726} INFO - Sync 1 DAGs
[2023-05-23T21:39:10.733+0700] {logging_mixin.py:149} INFO - [2023-05-23T21:39:10.733+0700] {dag.py:3486} INFO - Setting next_dagrun for dag2_20230521 to 2022-05-05T00:00:00+00:00, run_after=2022-05-06T00:00:00+00:00
[2023-05-23T21:39:10.750+0700] {processor.py:179} INFO - Processing /home/nhattrieu/airflow/dags/dag2_20230521.py took 0.061 seconds
[2023-05-23T21:39:41.084+0700] {processor.py:157} INFO - Started process (PID=22945) to work on /home/nhattrieu/airflow/dags/dag2_20230521.py
[2023-05-23T21:39:41.085+0700] {processor.py:826} INFO - Processing file /home/nhattrieu/airflow/dags/dag2_20230521.py for tasks to queue
[2023-05-23T21:39:41.085+0700] {logging_mixin.py:149} INFO - [2023-05-23T21:39:41.085+0700] {dagbag.py:541} INFO - Filling up the DagBag from /home/nhattrieu/airflow/dags/dag2_20230521.py
[2023-05-23T21:39:41.087+0700] {logging_mixin.py:149} INFO - ===============Processing: /dags/json/dag2_20230521213830.json================
[2023-05-23T21:39:41.087+0700] {processor.py:836} INFO - DAG(s) dict_keys(['dag2_20230521']) retrieved from /home/nhattrieu/airflow/dags/dag2_20230521.py
[2023-05-23T21:39:41.108+0700] {logging_mixin.py:149} INFO - [2023-05-23T21:39:41.108+0700] {dag.py:2726} INFO - Sync 1 DAGs
[2023-05-23T21:39:41.126+0700] {logging_mixin.py:149} INFO - [2023-05-23T21:39:41.126+0700] {dag.py:3486} INFO - Setting next_dagrun for dag2_20230521 to 2022-05-05T00:00:00+00:00, run_after=2022-05-06T00:00:00+00:00
[2023-05-23T21:39:41.142+0700] {processor.py:179} INFO - Processing /home/nhattrieu/airflow/dags/dag2_20230521.py took 0.060 seconds
[2023-05-23T21:40:11.254+0700] {processor.py:157} INFO - Started process (PID=23175) to work on /home/nhattrieu/airflow/dags/dag2_20230521.py
[2023-05-23T21:40:11.256+0700] {processor.py:826} INFO - Processing file /home/nhattrieu/airflow/dags/dag2_20230521.py for tasks to queue
[2023-05-23T21:40:11.258+0700] {logging_mixin.py:149} INFO - [2023-05-23T21:40:11.257+0700] {dagbag.py:541} INFO - Filling up the DagBag from /home/nhattrieu/airflow/dags/dag2_20230521.py
[2023-05-23T21:40:11.262+0700] {logging_mixin.py:149} INFO - ===============Processing: /dags/json/dag2_20230521213830.json================
[2023-05-23T21:40:11.263+0700] {processor.py:836} INFO - DAG(s) dict_keys(['dag2_20230521']) retrieved from /home/nhattrieu/airflow/dags/dag2_20230521.py
[2023-05-23T21:40:11.293+0700] {logging_mixin.py:149} INFO - [2023-05-23T21:40:11.293+0700] {dag.py:2726} INFO - Sync 1 DAGs
[2023-05-23T21:40:11.310+0700] {logging_mixin.py:149} INFO - [2023-05-23T21:40:11.309+0700] {dag.py:3486} INFO - Setting next_dagrun for dag2_20230521 to 2022-05-05T00:00:00+00:00, run_after=2022-05-06T00:00:00+00:00
[2023-05-23T21:40:11.320+0700] {processor.py:179} INFO - Processing /home/nhattrieu/airflow/dags/dag2_20230521.py took 0.073 seconds
