[2023-05-23T21:02:45.866+0700] {processor.py:157} INFO - Started process (PID=6105) to work on /home/nhattrieu/airflow/dags/dag6_20230521.py
[2023-05-23T21:02:45.866+0700] {processor.py:826} INFO - Processing file /home/nhattrieu/airflow/dags/dag6_20230521.py for tasks to queue
[2023-05-23T21:02:45.866+0700] {logging_mixin.py:149} INFO - [2023-05-23T21:02:45.866+0700] {dagbag.py:541} INFO - Filling up the DagBag from /home/nhattrieu/airflow/dags/dag6_20230521.py
[2023-05-23T21:02:45.867+0700] {logging_mixin.py:149} INFO - ===============Processing: /dags/json/dag6_20230521173226.json================
[2023-05-23T21:02:45.872+0700] {processor.py:836} INFO - DAG(s) dict_keys(['dag6_20230521']) retrieved from /home/nhattrieu/airflow/dags/dag6_20230521.py
[2023-05-23T21:02:45.887+0700] {logging_mixin.py:149} INFO - [2023-05-23T21:02:45.886+0700] {dag.py:2726} INFO - Sync 1 DAGs
[2023-05-23T21:02:45.906+0700] {logging_mixin.py:149} INFO - [2023-05-23T21:02:45.906+0700] {dag.py:3486} INFO - Setting next_dagrun for dag6_20230521 to 2022-05-05T00:00:00+00:00, run_after=2022-05-06T00:00:00+00:00
[2023-05-23T21:02:45.919+0700] {processor.py:179} INFO - Processing /home/nhattrieu/airflow/dags/dag6_20230521.py took 0.055 seconds
[2023-05-23T21:03:16.518+0700] {processor.py:157} INFO - Started process (PID=6519) to work on /home/nhattrieu/airflow/dags/dag6_20230521.py
[2023-05-23T21:03:16.519+0700] {processor.py:826} INFO - Processing file /home/nhattrieu/airflow/dags/dag6_20230521.py for tasks to queue
[2023-05-23T21:03:16.519+0700] {logging_mixin.py:149} INFO - [2023-05-23T21:03:16.519+0700] {dagbag.py:541} INFO - Filling up the DagBag from /home/nhattrieu/airflow/dags/dag6_20230521.py
[2023-05-23T21:03:16.521+0700] {logging_mixin.py:149} INFO - ===============Processing: /dags/json/dag6_20230521173226.json================
[2023-05-23T21:03:16.521+0700] {processor.py:836} INFO - DAG(s) dict_keys(['dag6_20230521']) retrieved from /home/nhattrieu/airflow/dags/dag6_20230521.py
[2023-05-23T21:03:16.539+0700] {logging_mixin.py:149} INFO - [2023-05-23T21:03:16.538+0700] {dag.py:2726} INFO - Sync 1 DAGs
[2023-05-23T21:03:16.559+0700] {logging_mixin.py:149} INFO - [2023-05-23T21:03:16.558+0700] {dag.py:3486} INFO - Setting next_dagrun for dag6_20230521 to 2022-05-05T00:00:00+00:00, run_after=2022-05-06T00:00:00+00:00
[2023-05-23T21:03:16.572+0700] {processor.py:179} INFO - Processing /home/nhattrieu/airflow/dags/dag6_20230521.py took 0.057 seconds
[2023-05-23T21:03:47.261+0700] {processor.py:157} INFO - Started process (PID=6742) to work on /home/nhattrieu/airflow/dags/dag6_20230521.py
[2023-05-23T21:03:47.262+0700] {processor.py:826} INFO - Processing file /home/nhattrieu/airflow/dags/dag6_20230521.py for tasks to queue
[2023-05-23T21:03:47.262+0700] {logging_mixin.py:149} INFO - [2023-05-23T21:03:47.262+0700] {dagbag.py:541} INFO - Filling up the DagBag from /home/nhattrieu/airflow/dags/dag6_20230521.py
[2023-05-23T21:03:47.264+0700] {logging_mixin.py:149} INFO - ===============Processing: /dags/json/dag6_20230521173226.json================
[2023-05-23T21:03:47.264+0700] {processor.py:836} INFO - DAG(s) dict_keys(['dag6_20230521']) retrieved from /home/nhattrieu/airflow/dags/dag6_20230521.py
[2023-05-23T21:03:47.283+0700] {logging_mixin.py:149} INFO - [2023-05-23T21:03:47.283+0700] {dag.py:2726} INFO - Sync 1 DAGs
[2023-05-23T21:03:47.304+0700] {logging_mixin.py:149} INFO - [2023-05-23T21:03:47.304+0700] {dag.py:3486} INFO - Setting next_dagrun for dag6_20230521 to 2022-05-05T00:00:00+00:00, run_after=2022-05-06T00:00:00+00:00
[2023-05-23T21:03:47.325+0700] {processor.py:179} INFO - Processing /home/nhattrieu/airflow/dags/dag6_20230521.py took 0.065 seconds
[2023-05-23T21:04:17.866+0700] {processor.py:157} INFO - Started process (PID=6923) to work on /home/nhattrieu/airflow/dags/dag6_20230521.py
[2023-05-23T21:04:17.867+0700] {processor.py:826} INFO - Processing file /home/nhattrieu/airflow/dags/dag6_20230521.py for tasks to queue
[2023-05-23T21:04:17.867+0700] {logging_mixin.py:149} INFO - [2023-05-23T21:04:17.867+0700] {dagbag.py:541} INFO - Filling up the DagBag from /home/nhattrieu/airflow/dags/dag6_20230521.py
[2023-05-23T21:04:17.868+0700] {logging_mixin.py:149} INFO - ===============Processing: /dags/json/dag6_20230521173226.json================
[2023-05-23T21:04:17.868+0700] {processor.py:836} INFO - DAG(s) dict_keys(['dag6_20230521']) retrieved from /home/nhattrieu/airflow/dags/dag6_20230521.py
[2023-05-23T21:04:17.884+0700] {logging_mixin.py:149} INFO - [2023-05-23T21:04:17.883+0700] {dag.py:2726} INFO - Sync 1 DAGs
[2023-05-23T21:04:17.898+0700] {logging_mixin.py:149} INFO - [2023-05-23T21:04:17.897+0700] {dag.py:3486} INFO - Setting next_dagrun for dag6_20230521 to 2022-05-05T00:00:00+00:00, run_after=2022-05-06T00:00:00+00:00
[2023-05-23T21:04:17.909+0700] {processor.py:179} INFO - Processing /home/nhattrieu/airflow/dags/dag6_20230521.py took 0.044 seconds
[2023-05-23T21:04:48.051+0700] {processor.py:157} INFO - Started process (PID=7104) to work on /home/nhattrieu/airflow/dags/dag6_20230521.py
[2023-05-23T21:04:48.051+0700] {processor.py:826} INFO - Processing file /home/nhattrieu/airflow/dags/dag6_20230521.py for tasks to queue
[2023-05-23T21:04:48.052+0700] {logging_mixin.py:149} INFO - [2023-05-23T21:04:48.052+0700] {dagbag.py:541} INFO - Filling up the DagBag from /home/nhattrieu/airflow/dags/dag6_20230521.py
[2023-05-23T21:04:48.053+0700] {logging_mixin.py:149} INFO - ===============Processing: /dags/json/dag6_20230521173226.json================
[2023-05-23T21:04:48.053+0700] {processor.py:836} INFO - DAG(s) dict_keys(['dag6_20230521']) retrieved from /home/nhattrieu/airflow/dags/dag6_20230521.py
[2023-05-23T21:04:48.069+0700] {logging_mixin.py:149} INFO - [2023-05-23T21:04:48.069+0700] {dag.py:2726} INFO - Sync 1 DAGs
[2023-05-23T21:04:48.083+0700] {logging_mixin.py:149} INFO - [2023-05-23T21:04:48.083+0700] {dag.py:3486} INFO - Setting next_dagrun for dag6_20230521 to 2022-05-05T00:00:00+00:00, run_after=2022-05-06T00:00:00+00:00
[2023-05-23T21:04:48.094+0700] {processor.py:179} INFO - Processing /home/nhattrieu/airflow/dags/dag6_20230521.py took 0.045 seconds
[2023-05-23T21:05:18.326+0700] {processor.py:157} INFO - Started process (PID=7274) to work on /home/nhattrieu/airflow/dags/dag6_20230521.py
[2023-05-23T21:05:18.326+0700] {processor.py:826} INFO - Processing file /home/nhattrieu/airflow/dags/dag6_20230521.py for tasks to queue
[2023-05-23T21:05:18.327+0700] {logging_mixin.py:149} INFO - [2023-05-23T21:05:18.327+0700] {dagbag.py:541} INFO - Filling up the DagBag from /home/nhattrieu/airflow/dags/dag6_20230521.py
[2023-05-23T21:05:18.328+0700] {logging_mixin.py:149} INFO - ===============Processing: /dags/json/dag6_20230521173226.json================
[2023-05-23T21:05:18.328+0700] {processor.py:836} INFO - DAG(s) dict_keys(['dag6_20230521']) retrieved from /home/nhattrieu/airflow/dags/dag6_20230521.py
[2023-05-23T21:05:18.344+0700] {logging_mixin.py:149} INFO - [2023-05-23T21:05:18.344+0700] {dag.py:2726} INFO - Sync 1 DAGs
[2023-05-23T21:05:18.360+0700] {logging_mixin.py:149} INFO - [2023-05-23T21:05:18.360+0700] {dag.py:3486} INFO - Setting next_dagrun for dag6_20230521 to 2022-05-05T00:00:00+00:00, run_after=2022-05-06T00:00:00+00:00
[2023-05-23T21:05:18.372+0700] {processor.py:179} INFO - Processing /home/nhattrieu/airflow/dags/dag6_20230521.py took 0.048 seconds
[2023-05-23T21:05:48.649+0700] {processor.py:157} INFO - Started process (PID=7472) to work on /home/nhattrieu/airflow/dags/dag6_20230521.py
[2023-05-23T21:05:48.649+0700] {processor.py:826} INFO - Processing file /home/nhattrieu/airflow/dags/dag6_20230521.py for tasks to queue
[2023-05-23T21:05:48.650+0700] {logging_mixin.py:149} INFO - [2023-05-23T21:05:48.650+0700] {dagbag.py:541} INFO - Filling up the DagBag from /home/nhattrieu/airflow/dags/dag6_20230521.py
[2023-05-23T21:05:48.651+0700] {logging_mixin.py:149} INFO - ===============Processing: /dags/json/dag6_20230521173226.json================
[2023-05-23T21:05:48.651+0700] {processor.py:836} INFO - DAG(s) dict_keys(['dag6_20230521']) retrieved from /home/nhattrieu/airflow/dags/dag6_20230521.py
[2023-05-23T21:05:48.668+0700] {logging_mixin.py:149} INFO - [2023-05-23T21:05:48.668+0700] {dag.py:2726} INFO - Sync 1 DAGs
[2023-05-23T21:05:48.683+0700] {logging_mixin.py:149} INFO - [2023-05-23T21:05:48.683+0700] {dag.py:3486} INFO - Setting next_dagrun for dag6_20230521 to 2022-05-05T00:00:00+00:00, run_after=2022-05-06T00:00:00+00:00
[2023-05-23T21:05:48.694+0700] {processor.py:179} INFO - Processing /home/nhattrieu/airflow/dags/dag6_20230521.py took 0.047 seconds
[2023-05-23T21:06:18.945+0700] {processor.py:157} INFO - Started process (PID=7643) to work on /home/nhattrieu/airflow/dags/dag6_20230521.py
[2023-05-23T21:06:18.946+0700] {processor.py:826} INFO - Processing file /home/nhattrieu/airflow/dags/dag6_20230521.py for tasks to queue
[2023-05-23T21:06:18.947+0700] {logging_mixin.py:149} INFO - [2023-05-23T21:06:18.946+0700] {dagbag.py:541} INFO - Filling up the DagBag from /home/nhattrieu/airflow/dags/dag6_20230521.py
[2023-05-23T21:06:18.948+0700] {logging_mixin.py:149} INFO - ===============Processing: /dags/json/dag6_20230521173226.json================
[2023-05-23T21:06:18.948+0700] {processor.py:836} INFO - DAG(s) dict_keys(['dag6_20230521']) retrieved from /home/nhattrieu/airflow/dags/dag6_20230521.py
[2023-05-23T21:06:18.964+0700] {logging_mixin.py:149} INFO - [2023-05-23T21:06:18.964+0700] {dag.py:2726} INFO - Sync 1 DAGs
[2023-05-23T21:06:18.979+0700] {logging_mixin.py:149} INFO - [2023-05-23T21:06:18.978+0700] {dag.py:3486} INFO - Setting next_dagrun for dag6_20230521 to 2022-05-05T00:00:00+00:00, run_after=2022-05-06T00:00:00+00:00
[2023-05-23T21:06:18.991+0700] {processor.py:179} INFO - Processing /home/nhattrieu/airflow/dags/dag6_20230521.py took 0.047 seconds
[2023-05-23T21:06:49.282+0700] {processor.py:157} INFO - Started process (PID=7855) to work on /home/nhattrieu/airflow/dags/dag6_20230521.py
[2023-05-23T21:06:49.283+0700] {processor.py:826} INFO - Processing file /home/nhattrieu/airflow/dags/dag6_20230521.py for tasks to queue
[2023-05-23T21:06:49.283+0700] {logging_mixin.py:149} INFO - [2023-05-23T21:06:49.283+0700] {dagbag.py:541} INFO - Filling up the DagBag from /home/nhattrieu/airflow/dags/dag6_20230521.py
[2023-05-23T21:06:49.284+0700] {logging_mixin.py:149} INFO - ===============Processing: /dags/json/dag6_20230521173226.json================
[2023-05-23T21:06:49.285+0700] {processor.py:836} INFO - DAG(s) dict_keys(['dag6_20230521']) retrieved from /home/nhattrieu/airflow/dags/dag6_20230521.py
[2023-05-23T21:06:49.302+0700] {logging_mixin.py:149} INFO - [2023-05-23T21:06:49.302+0700] {dag.py:2726} INFO - Sync 1 DAGs
[2023-05-23T21:06:49.318+0700] {logging_mixin.py:149} INFO - [2023-05-23T21:06:49.318+0700] {dag.py:3486} INFO - Setting next_dagrun for dag6_20230521 to 2022-05-05T00:00:00+00:00, run_after=2022-05-06T00:00:00+00:00
[2023-05-23T21:06:49.329+0700] {processor.py:179} INFO - Processing /home/nhattrieu/airflow/dags/dag6_20230521.py took 0.049 seconds
[2023-05-23T21:07:19.973+0700] {processor.py:157} INFO - Started process (PID=8068) to work on /home/nhattrieu/airflow/dags/dag6_20230521.py
[2023-05-23T21:07:19.974+0700] {processor.py:826} INFO - Processing file /home/nhattrieu/airflow/dags/dag6_20230521.py for tasks to queue
[2023-05-23T21:07:19.975+0700] {logging_mixin.py:149} INFO - [2023-05-23T21:07:19.975+0700] {dagbag.py:541} INFO - Filling up the DagBag from /home/nhattrieu/airflow/dags/dag6_20230521.py
[2023-05-23T21:07:19.976+0700] {logging_mixin.py:149} INFO - ===============Processing: /dags/json/dag6_20230521173226.json================
[2023-05-23T21:07:19.977+0700] {processor.py:836} INFO - DAG(s) dict_keys(['dag6_20230521']) retrieved from /home/nhattrieu/airflow/dags/dag6_20230521.py
[2023-05-23T21:07:20.000+0700] {logging_mixin.py:149} INFO - [2023-05-23T21:07:19.999+0700] {dag.py:2726} INFO - Sync 1 DAGs
[2023-05-23T21:07:20.023+0700] {logging_mixin.py:149} INFO - [2023-05-23T21:07:20.023+0700] {dag.py:3486} INFO - Setting next_dagrun for dag6_20230521 to 2022-05-05T00:00:00+00:00, run_after=2022-05-06T00:00:00+00:00
[2023-05-23T21:07:20.042+0700] {processor.py:179} INFO - Processing /home/nhattrieu/airflow/dags/dag6_20230521.py took 0.071 seconds
[2023-05-23T21:07:50.634+0700] {processor.py:157} INFO - Started process (PID=8268) to work on /home/nhattrieu/airflow/dags/dag6_20230521.py
[2023-05-23T21:07:50.635+0700] {processor.py:826} INFO - Processing file /home/nhattrieu/airflow/dags/dag6_20230521.py for tasks to queue
[2023-05-23T21:07:50.635+0700] {logging_mixin.py:149} INFO - [2023-05-23T21:07:50.635+0700] {dagbag.py:541} INFO - Filling up the DagBag from /home/nhattrieu/airflow/dags/dag6_20230521.py
[2023-05-23T21:07:50.637+0700] {logging_mixin.py:149} INFO - ===============Processing: /dags/json/dag6_20230521173226.json================
[2023-05-23T21:07:50.637+0700] {processor.py:836} INFO - DAG(s) dict_keys(['dag6_20230521']) retrieved from /home/nhattrieu/airflow/dags/dag6_20230521.py
[2023-05-23T21:07:50.653+0700] {logging_mixin.py:149} INFO - [2023-05-23T21:07:50.652+0700] {dag.py:2726} INFO - Sync 1 DAGs
[2023-05-23T21:07:50.667+0700] {logging_mixin.py:149} INFO - [2023-05-23T21:07:50.667+0700] {dag.py:3486} INFO - Setting next_dagrun for dag6_20230521 to 2022-05-05T00:00:00+00:00, run_after=2022-05-06T00:00:00+00:00
[2023-05-23T21:07:50.678+0700] {processor.py:179} INFO - Processing /home/nhattrieu/airflow/dags/dag6_20230521.py took 0.045 seconds
[2023-05-23T21:08:21.071+0700] {processor.py:157} INFO - Started process (PID=8443) to work on /home/nhattrieu/airflow/dags/dag6_20230521.py
[2023-05-23T21:08:21.072+0700] {processor.py:826} INFO - Processing file /home/nhattrieu/airflow/dags/dag6_20230521.py for tasks to queue
[2023-05-23T21:08:21.073+0700] {logging_mixin.py:149} INFO - [2023-05-23T21:08:21.072+0700] {dagbag.py:541} INFO - Filling up the DagBag from /home/nhattrieu/airflow/dags/dag6_20230521.py
[2023-05-23T21:08:21.074+0700] {logging_mixin.py:149} INFO - ===============Processing: /dags/json/dag6_20230521173226.json================
[2023-05-23T21:08:21.074+0700] {processor.py:836} INFO - DAG(s) dict_keys(['dag6_20230521']) retrieved from /home/nhattrieu/airflow/dags/dag6_20230521.py
[2023-05-23T21:08:21.090+0700] {logging_mixin.py:149} INFO - [2023-05-23T21:08:21.090+0700] {dag.py:2726} INFO - Sync 1 DAGs
[2023-05-23T21:08:21.104+0700] {logging_mixin.py:149} INFO - [2023-05-23T21:08:21.104+0700] {dag.py:3486} INFO - Setting next_dagrun for dag6_20230521 to 2022-05-05T00:00:00+00:00, run_after=2022-05-06T00:00:00+00:00
[2023-05-23T21:08:21.115+0700] {processor.py:179} INFO - Processing /home/nhattrieu/airflow/dags/dag6_20230521.py took 0.046 seconds
[2023-05-23T21:08:51.390+0700] {processor.py:157} INFO - Started process (PID=8632) to work on /home/nhattrieu/airflow/dags/dag6_20230521.py
[2023-05-23T21:08:51.391+0700] {processor.py:826} INFO - Processing file /home/nhattrieu/airflow/dags/dag6_20230521.py for tasks to queue
[2023-05-23T21:08:51.391+0700] {logging_mixin.py:149} INFO - [2023-05-23T21:08:51.391+0700] {dagbag.py:541} INFO - Filling up the DagBag from /home/nhattrieu/airflow/dags/dag6_20230521.py
[2023-05-23T21:08:51.393+0700] {logging_mixin.py:149} INFO - ===============Processing: /dags/json/dag6_20230521173226.json================
[2023-05-23T21:08:51.393+0700] {processor.py:836} INFO - DAG(s) dict_keys(['dag6_20230521']) retrieved from /home/nhattrieu/airflow/dags/dag6_20230521.py
[2023-05-23T21:08:51.409+0700] {logging_mixin.py:149} INFO - [2023-05-23T21:08:51.409+0700] {dag.py:2726} INFO - Sync 1 DAGs
[2023-05-23T21:08:51.425+0700] {logging_mixin.py:149} INFO - [2023-05-23T21:08:51.425+0700] {dag.py:3486} INFO - Setting next_dagrun for dag6_20230521 to 2022-05-05T00:00:00+00:00, run_after=2022-05-06T00:00:00+00:00
[2023-05-23T21:08:51.437+0700] {processor.py:179} INFO - Processing /home/nhattrieu/airflow/dags/dag6_20230521.py took 0.049 seconds
[2023-05-23T21:09:21.877+0700] {processor.py:157} INFO - Started process (PID=8809) to work on /home/nhattrieu/airflow/dags/dag6_20230521.py
[2023-05-23T21:09:21.878+0700] {processor.py:826} INFO - Processing file /home/nhattrieu/airflow/dags/dag6_20230521.py for tasks to queue
[2023-05-23T21:09:21.879+0700] {logging_mixin.py:149} INFO - [2023-05-23T21:09:21.878+0700] {dagbag.py:541} INFO - Filling up the DagBag from /home/nhattrieu/airflow/dags/dag6_20230521.py
[2023-05-23T21:09:21.880+0700] {logging_mixin.py:149} INFO - ===============Processing: /dags/json/dag6_20230521173226.json================
[2023-05-23T21:09:21.880+0700] {processor.py:836} INFO - DAG(s) dict_keys(['dag6_20230521']) retrieved from /home/nhattrieu/airflow/dags/dag6_20230521.py
[2023-05-23T21:09:21.896+0700] {logging_mixin.py:149} INFO - [2023-05-23T21:09:21.896+0700] {dag.py:2726} INFO - Sync 1 DAGs
[2023-05-23T21:09:21.914+0700] {logging_mixin.py:149} INFO - [2023-05-23T21:09:21.914+0700] {dag.py:3486} INFO - Setting next_dagrun for dag6_20230521 to 2022-05-05T00:00:00+00:00, run_after=2022-05-06T00:00:00+00:00
[2023-05-23T21:09:21.925+0700] {processor.py:179} INFO - Processing /home/nhattrieu/airflow/dags/dag6_20230521.py took 0.049 seconds
[2023-05-23T21:09:52.223+0700] {processor.py:157} INFO - Started process (PID=9036) to work on /home/nhattrieu/airflow/dags/dag6_20230521.py
[2023-05-23T21:09:52.224+0700] {processor.py:826} INFO - Processing file /home/nhattrieu/airflow/dags/dag6_20230521.py for tasks to queue
[2023-05-23T21:09:52.224+0700] {logging_mixin.py:149} INFO - [2023-05-23T21:09:52.224+0700] {dagbag.py:541} INFO - Filling up the DagBag from /home/nhattrieu/airflow/dags/dag6_20230521.py
[2023-05-23T21:09:52.226+0700] {logging_mixin.py:149} INFO - ===============Processing: /dags/json/dag6_20230521173226.json================
[2023-05-23T21:09:52.226+0700] {processor.py:836} INFO - DAG(s) dict_keys(['dag6_20230521']) retrieved from /home/nhattrieu/airflow/dags/dag6_20230521.py
[2023-05-23T21:09:52.242+0700] {logging_mixin.py:149} INFO - [2023-05-23T21:09:52.241+0700] {dag.py:2726} INFO - Sync 1 DAGs
[2023-05-23T21:09:52.257+0700] {logging_mixin.py:149} INFO - [2023-05-23T21:09:52.257+0700] {dag.py:3486} INFO - Setting next_dagrun for dag6_20230521 to 2022-05-05T00:00:00+00:00, run_after=2022-05-06T00:00:00+00:00
[2023-05-23T21:09:52.269+0700] {processor.py:179} INFO - Processing /home/nhattrieu/airflow/dags/dag6_20230521.py took 0.048 seconds
[2023-05-23T21:10:22.446+0700] {processor.py:157} INFO - Started process (PID=9237) to work on /home/nhattrieu/airflow/dags/dag6_20230521.py
[2023-05-23T21:10:22.446+0700] {processor.py:826} INFO - Processing file /home/nhattrieu/airflow/dags/dag6_20230521.py for tasks to queue
[2023-05-23T21:10:22.447+0700] {logging_mixin.py:149} INFO - [2023-05-23T21:10:22.447+0700] {dagbag.py:541} INFO - Filling up the DagBag from /home/nhattrieu/airflow/dags/dag6_20230521.py
[2023-05-23T21:10:22.448+0700] {logging_mixin.py:149} INFO - ===============Processing: /dags/json/dag6_20230521173226.json================
[2023-05-23T21:10:22.448+0700] {processor.py:836} INFO - DAG(s) dict_keys(['dag6_20230521']) retrieved from /home/nhattrieu/airflow/dags/dag6_20230521.py
[2023-05-23T21:10:22.464+0700] {logging_mixin.py:149} INFO - [2023-05-23T21:10:22.464+0700] {dag.py:2726} INFO - Sync 1 DAGs
[2023-05-23T21:10:22.479+0700] {logging_mixin.py:149} INFO - [2023-05-23T21:10:22.479+0700] {dag.py:3486} INFO - Setting next_dagrun for dag6_20230521 to 2022-05-05T00:00:00+00:00, run_after=2022-05-06T00:00:00+00:00
[2023-05-23T21:10:22.491+0700] {processor.py:179} INFO - Processing /home/nhattrieu/airflow/dags/dag6_20230521.py took 0.046 seconds
[2023-05-23T21:10:52.809+0700] {processor.py:157} INFO - Started process (PID=9411) to work on /home/nhattrieu/airflow/dags/dag6_20230521.py
[2023-05-23T21:10:52.809+0700] {processor.py:826} INFO - Processing file /home/nhattrieu/airflow/dags/dag6_20230521.py for tasks to queue
[2023-05-23T21:10:52.810+0700] {logging_mixin.py:149} INFO - [2023-05-23T21:10:52.810+0700] {dagbag.py:541} INFO - Filling up the DagBag from /home/nhattrieu/airflow/dags/dag6_20230521.py
[2023-05-23T21:10:52.811+0700] {logging_mixin.py:149} INFO - ===============Processing: /dags/json/dag6_20230521173226.json================
[2023-05-23T21:10:52.811+0700] {processor.py:836} INFO - DAG(s) dict_keys(['dag6_20230521']) retrieved from /home/nhattrieu/airflow/dags/dag6_20230521.py
[2023-05-23T21:10:52.827+0700] {logging_mixin.py:149} INFO - [2023-05-23T21:10:52.827+0700] {dag.py:2726} INFO - Sync 1 DAGs
[2023-05-23T21:10:52.840+0700] {logging_mixin.py:149} INFO - [2023-05-23T21:10:52.840+0700] {dag.py:3486} INFO - Setting next_dagrun for dag6_20230521 to 2022-05-05T00:00:00+00:00, run_after=2022-05-06T00:00:00+00:00
[2023-05-23T21:10:52.852+0700] {processor.py:179} INFO - Processing /home/nhattrieu/airflow/dags/dag6_20230521.py took 0.045 seconds
[2023-05-23T21:11:23.226+0700] {processor.py:157} INFO - Started process (PID=9587) to work on /home/nhattrieu/airflow/dags/dag6_20230521.py
[2023-05-23T21:11:23.226+0700] {processor.py:826} INFO - Processing file /home/nhattrieu/airflow/dags/dag6_20230521.py for tasks to queue
[2023-05-23T21:11:23.227+0700] {logging_mixin.py:149} INFO - [2023-05-23T21:11:23.227+0700] {dagbag.py:541} INFO - Filling up the DagBag from /home/nhattrieu/airflow/dags/dag6_20230521.py
[2023-05-23T21:11:23.228+0700] {logging_mixin.py:149} INFO - ===============Processing: /dags/json/dag6_20230521173226.json================
[2023-05-23T21:11:23.228+0700] {processor.py:836} INFO - DAG(s) dict_keys(['dag6_20230521']) retrieved from /home/nhattrieu/airflow/dags/dag6_20230521.py
[2023-05-23T21:11:23.243+0700] {logging_mixin.py:149} INFO - [2023-05-23T21:11:23.243+0700] {dag.py:2726} INFO - Sync 1 DAGs
[2023-05-23T21:11:23.258+0700] {logging_mixin.py:149} INFO - [2023-05-23T21:11:23.258+0700] {dag.py:3486} INFO - Setting next_dagrun for dag6_20230521 to 2022-05-05T00:00:00+00:00, run_after=2022-05-06T00:00:00+00:00
[2023-05-23T21:11:23.269+0700] {processor.py:179} INFO - Processing /home/nhattrieu/airflow/dags/dag6_20230521.py took 0.045 seconds
[2023-05-23T21:11:53.560+0700] {processor.py:157} INFO - Started process (PID=9792) to work on /home/nhattrieu/airflow/dags/dag6_20230521.py
[2023-05-23T21:11:53.563+0700] {processor.py:826} INFO - Processing file /home/nhattrieu/airflow/dags/dag6_20230521.py for tasks to queue
[2023-05-23T21:11:53.564+0700] {logging_mixin.py:149} INFO - [2023-05-23T21:11:53.564+0700] {dagbag.py:541} INFO - Filling up the DagBag from /home/nhattrieu/airflow/dags/dag6_20230521.py
[2023-05-23T21:11:53.569+0700] {logging_mixin.py:149} INFO - ===============Processing: /dags/json/dag6_20230521173226.json================
[2023-05-23T21:11:53.570+0700] {processor.py:836} INFO - DAG(s) dict_keys(['dag6_20230521']) retrieved from /home/nhattrieu/airflow/dags/dag6_20230521.py
[2023-05-23T21:11:53.651+0700] {logging_mixin.py:149} INFO - [2023-05-23T21:11:53.651+0700] {dag.py:2726} INFO - Sync 1 DAGs
[2023-05-23T21:11:53.684+0700] {logging_mixin.py:149} INFO - [2023-05-23T21:11:53.684+0700] {dag.py:3486} INFO - Setting next_dagrun for dag6_20230521 to 2022-05-05T00:00:00+00:00, run_after=2022-05-06T00:00:00+00:00
[2023-05-23T21:11:53.701+0700] {processor.py:179} INFO - Processing /home/nhattrieu/airflow/dags/dag6_20230521.py took 0.148 seconds
[2023-05-23T21:12:24.071+0700] {processor.py:157} INFO - Started process (PID=9969) to work on /home/nhattrieu/airflow/dags/dag6_20230521.py
[2023-05-23T21:12:24.072+0700] {processor.py:826} INFO - Processing file /home/nhattrieu/airflow/dags/dag6_20230521.py for tasks to queue
[2023-05-23T21:12:24.073+0700] {logging_mixin.py:149} INFO - [2023-05-23T21:12:24.072+0700] {dagbag.py:541} INFO - Filling up the DagBag from /home/nhattrieu/airflow/dags/dag6_20230521.py
[2023-05-23T21:12:24.074+0700] {logging_mixin.py:149} INFO - ===============Processing: /dags/json/dag6_20230521173226.json================
[2023-05-23T21:12:24.074+0700] {processor.py:836} INFO - DAG(s) dict_keys(['dag6_20230521']) retrieved from /home/nhattrieu/airflow/dags/dag6_20230521.py
[2023-05-23T21:12:24.090+0700] {logging_mixin.py:149} INFO - [2023-05-23T21:12:24.090+0700] {dag.py:2726} INFO - Sync 1 DAGs
[2023-05-23T21:12:24.105+0700] {logging_mixin.py:149} INFO - [2023-05-23T21:12:24.105+0700] {dag.py:3486} INFO - Setting next_dagrun for dag6_20230521 to 2022-05-05T00:00:00+00:00, run_after=2022-05-06T00:00:00+00:00
[2023-05-23T21:12:24.116+0700] {processor.py:179} INFO - Processing /home/nhattrieu/airflow/dags/dag6_20230521.py took 0.046 seconds
[2023-05-23T21:12:54.486+0700] {processor.py:157} INFO - Started process (PID=10180) to work on /home/nhattrieu/airflow/dags/dag6_20230521.py
[2023-05-23T21:12:54.486+0700] {processor.py:826} INFO - Processing file /home/nhattrieu/airflow/dags/dag6_20230521.py for tasks to queue
[2023-05-23T21:12:54.487+0700] {logging_mixin.py:149} INFO - [2023-05-23T21:12:54.487+0700] {dagbag.py:541} INFO - Filling up the DagBag from /home/nhattrieu/airflow/dags/dag6_20230521.py
[2023-05-23T21:12:54.488+0700] {logging_mixin.py:149} INFO - ===============Processing: /dags/json/dag6_20230521173226.json================
[2023-05-23T21:12:54.488+0700] {processor.py:836} INFO - DAG(s) dict_keys(['dag6_20230521']) retrieved from /home/nhattrieu/airflow/dags/dag6_20230521.py
[2023-05-23T21:12:54.505+0700] {logging_mixin.py:149} INFO - [2023-05-23T21:12:54.505+0700] {dag.py:2726} INFO - Sync 1 DAGs
[2023-05-23T21:12:54.519+0700] {logging_mixin.py:149} INFO - [2023-05-23T21:12:54.519+0700] {dag.py:3486} INFO - Setting next_dagrun for dag6_20230521 to 2022-05-05T00:00:00+00:00, run_after=2022-05-06T00:00:00+00:00
[2023-05-23T21:12:54.530+0700] {processor.py:179} INFO - Processing /home/nhattrieu/airflow/dags/dag6_20230521.py took 0.046 seconds
[2023-05-23T21:13:24.817+0700] {processor.py:157} INFO - Started process (PID=10358) to work on /home/nhattrieu/airflow/dags/dag6_20230521.py
[2023-05-23T21:13:24.818+0700] {processor.py:826} INFO - Processing file /home/nhattrieu/airflow/dags/dag6_20230521.py for tasks to queue
[2023-05-23T21:13:24.818+0700] {logging_mixin.py:149} INFO - [2023-05-23T21:13:24.818+0700] {dagbag.py:541} INFO - Filling up the DagBag from /home/nhattrieu/airflow/dags/dag6_20230521.py
[2023-05-23T21:13:24.819+0700] {logging_mixin.py:149} INFO - ===============Processing: /dags/json/dag6_20230521173226.json================
[2023-05-23T21:13:24.820+0700] {processor.py:836} INFO - DAG(s) dict_keys(['dag6_20230521']) retrieved from /home/nhattrieu/airflow/dags/dag6_20230521.py
[2023-05-23T21:13:24.835+0700] {logging_mixin.py:149} INFO - [2023-05-23T21:13:24.835+0700] {dag.py:2726} INFO - Sync 1 DAGs
[2023-05-23T21:13:24.849+0700] {logging_mixin.py:149} INFO - [2023-05-23T21:13:24.849+0700] {dag.py:3486} INFO - Setting next_dagrun for dag6_20230521 to 2022-05-05T00:00:00+00:00, run_after=2022-05-06T00:00:00+00:00
[2023-05-23T21:13:24.860+0700] {processor.py:179} INFO - Processing /home/nhattrieu/airflow/dags/dag6_20230521.py took 0.044 seconds
[2023-05-23T21:13:55.123+0700] {processor.py:157} INFO - Started process (PID=10565) to work on /home/nhattrieu/airflow/dags/dag6_20230521.py
[2023-05-23T21:13:55.124+0700] {processor.py:826} INFO - Processing file /home/nhattrieu/airflow/dags/dag6_20230521.py for tasks to queue
[2023-05-23T21:13:55.125+0700] {logging_mixin.py:149} INFO - [2023-05-23T21:13:55.125+0700] {dagbag.py:541} INFO - Filling up the DagBag from /home/nhattrieu/airflow/dags/dag6_20230521.py
[2023-05-23T21:13:55.126+0700] {logging_mixin.py:149} INFO - ===============Processing: /dags/json/dag6_20230521173226.json================
[2023-05-23T21:13:55.127+0700] {processor.py:836} INFO - DAG(s) dict_keys(['dag6_20230521']) retrieved from /home/nhattrieu/airflow/dags/dag6_20230521.py
[2023-05-23T21:13:55.144+0700] {logging_mixin.py:149} INFO - [2023-05-23T21:13:55.144+0700] {dag.py:2726} INFO - Sync 1 DAGs
[2023-05-23T21:13:55.158+0700] {logging_mixin.py:149} INFO - [2023-05-23T21:13:55.158+0700] {dag.py:3486} INFO - Setting next_dagrun for dag6_20230521 to 2022-05-05T00:00:00+00:00, run_after=2022-05-06T00:00:00+00:00
[2023-05-23T21:13:55.168+0700] {processor.py:179} INFO - Processing /home/nhattrieu/airflow/dags/dag6_20230521.py took 0.047 seconds
[2023-05-23T21:14:25.836+0700] {processor.py:157} INFO - Started process (PID=10742) to work on /home/nhattrieu/airflow/dags/dag6_20230521.py
[2023-05-23T21:14:25.837+0700] {processor.py:826} INFO - Processing file /home/nhattrieu/airflow/dags/dag6_20230521.py for tasks to queue
[2023-05-23T21:14:25.837+0700] {logging_mixin.py:149} INFO - [2023-05-23T21:14:25.837+0700] {dagbag.py:541} INFO - Filling up the DagBag from /home/nhattrieu/airflow/dags/dag6_20230521.py
[2023-05-23T21:14:25.839+0700] {logging_mixin.py:149} INFO - ===============Processing: /dags/json/dag6_20230521173226.json================
[2023-05-23T21:14:25.839+0700] {processor.py:836} INFO - DAG(s) dict_keys(['dag6_20230521']) retrieved from /home/nhattrieu/airflow/dags/dag6_20230521.py
[2023-05-23T21:14:25.854+0700] {logging_mixin.py:149} INFO - [2023-05-23T21:14:25.854+0700] {dag.py:2726} INFO - Sync 1 DAGs
[2023-05-23T21:14:25.871+0700] {logging_mixin.py:149} INFO - [2023-05-23T21:14:25.871+0700] {dag.py:3486} INFO - Setting next_dagrun for dag6_20230521 to 2022-05-05T00:00:00+00:00, run_after=2022-05-06T00:00:00+00:00
[2023-05-23T21:14:25.883+0700] {processor.py:179} INFO - Processing /home/nhattrieu/airflow/dags/dag6_20230521.py took 0.048 seconds
[2023-05-23T21:14:56.159+0700] {processor.py:157} INFO - Started process (PID=10959) to work on /home/nhattrieu/airflow/dags/dag6_20230521.py
[2023-05-23T21:14:56.160+0700] {processor.py:826} INFO - Processing file /home/nhattrieu/airflow/dags/dag6_20230521.py for tasks to queue
[2023-05-23T21:14:56.160+0700] {logging_mixin.py:149} INFO - [2023-05-23T21:14:56.160+0700] {dagbag.py:541} INFO - Filling up the DagBag from /home/nhattrieu/airflow/dags/dag6_20230521.py
[2023-05-23T21:14:56.161+0700] {logging_mixin.py:149} INFO - ===============Processing: /dags/json/dag6_20230521173226.json================
[2023-05-23T21:14:56.162+0700] {processor.py:836} INFO - DAG(s) dict_keys(['dag6_20230521']) retrieved from /home/nhattrieu/airflow/dags/dag6_20230521.py
[2023-05-23T21:14:56.178+0700] {logging_mixin.py:149} INFO - [2023-05-23T21:14:56.178+0700] {dag.py:2726} INFO - Sync 1 DAGs
[2023-05-23T21:14:56.194+0700] {logging_mixin.py:149} INFO - [2023-05-23T21:14:56.194+0700] {dag.py:3486} INFO - Setting next_dagrun for dag6_20230521 to 2022-05-05T00:00:00+00:00, run_after=2022-05-06T00:00:00+00:00
[2023-05-23T21:14:56.204+0700] {processor.py:179} INFO - Processing /home/nhattrieu/airflow/dags/dag6_20230521.py took 0.047 seconds
[2023-05-23T21:15:26.615+0700] {processor.py:157} INFO - Started process (PID=11278) to work on /home/nhattrieu/airflow/dags/dag6_20230521.py
[2023-05-23T21:15:26.615+0700] {processor.py:826} INFO - Processing file /home/nhattrieu/airflow/dags/dag6_20230521.py for tasks to queue
[2023-05-23T21:15:26.615+0700] {logging_mixin.py:149} INFO - [2023-05-23T21:15:26.615+0700] {dagbag.py:541} INFO - Filling up the DagBag from /home/nhattrieu/airflow/dags/dag6_20230521.py
[2023-05-23T21:15:26.617+0700] {logging_mixin.py:149} INFO - ===============Processing: /dags/json/dag6_20230521173226.json================
[2023-05-23T21:15:26.617+0700] {processor.py:836} INFO - DAG(s) dict_keys(['dag6_20230521']) retrieved from /home/nhattrieu/airflow/dags/dag6_20230521.py
[2023-05-23T21:15:26.634+0700] {logging_mixin.py:149} INFO - [2023-05-23T21:15:26.634+0700] {dag.py:2726} INFO - Sync 1 DAGs
[2023-05-23T21:15:26.650+0700] {logging_mixin.py:149} INFO - [2023-05-23T21:15:26.650+0700] {dag.py:3486} INFO - Setting next_dagrun for dag6_20230521 to 2022-05-05T00:00:00+00:00, run_after=2022-05-06T00:00:00+00:00
[2023-05-23T21:15:26.662+0700] {processor.py:179} INFO - Processing /home/nhattrieu/airflow/dags/dag6_20230521.py took 0.049 seconds
[2023-05-23T21:15:57.185+0700] {processor.py:157} INFO - Started process (PID=11960) to work on /home/nhattrieu/airflow/dags/dag6_20230521.py
[2023-05-23T21:15:57.186+0700] {processor.py:826} INFO - Processing file /home/nhattrieu/airflow/dags/dag6_20230521.py for tasks to queue
[2023-05-23T21:15:57.186+0700] {logging_mixin.py:149} INFO - [2023-05-23T21:15:57.186+0700] {dagbag.py:541} INFO - Filling up the DagBag from /home/nhattrieu/airflow/dags/dag6_20230521.py
[2023-05-23T21:15:57.188+0700] {logging_mixin.py:149} INFO - ===============Processing: /dags/json/dag6_20230521173226.json================
[2023-05-23T21:15:57.188+0700] {processor.py:836} INFO - DAG(s) dict_keys(['dag6_20230521']) retrieved from /home/nhattrieu/airflow/dags/dag6_20230521.py
[2023-05-23T21:15:57.204+0700] {logging_mixin.py:149} INFO - [2023-05-23T21:15:57.203+0700] {dag.py:2726} INFO - Sync 1 DAGs
[2023-05-23T21:15:57.219+0700] {logging_mixin.py:149} INFO - [2023-05-23T21:15:57.218+0700] {dag.py:3486} INFO - Setting next_dagrun for dag6_20230521 to 2022-05-05T00:00:00+00:00, run_after=2022-05-06T00:00:00+00:00
[2023-05-23T21:15:57.230+0700] {processor.py:179} INFO - Processing /home/nhattrieu/airflow/dags/dag6_20230521.py took 0.046 seconds
[2023-05-23T21:16:27.319+0700] {processor.py:157} INFO - Started process (PID=12219) to work on /home/nhattrieu/airflow/dags/dag6_20230521.py
[2023-05-23T21:16:27.319+0700] {processor.py:826} INFO - Processing file /home/nhattrieu/airflow/dags/dag6_20230521.py for tasks to queue
[2023-05-23T21:16:27.320+0700] {logging_mixin.py:149} INFO - [2023-05-23T21:16:27.320+0700] {dagbag.py:541} INFO - Filling up the DagBag from /home/nhattrieu/airflow/dags/dag6_20230521.py
[2023-05-23T21:16:27.322+0700] {logging_mixin.py:149} INFO - ===============Processing: /dags/json/dag6_20230521173226.json================
[2023-05-23T21:16:27.322+0700] {processor.py:836} INFO - DAG(s) dict_keys(['dag6_20230521']) retrieved from /home/nhattrieu/airflow/dags/dag6_20230521.py
[2023-05-23T21:16:27.343+0700] {logging_mixin.py:149} INFO - [2023-05-23T21:16:27.343+0700] {dag.py:2726} INFO - Sync 1 DAGs
[2023-05-23T21:16:27.366+0700] {logging_mixin.py:149} INFO - [2023-05-23T21:16:27.366+0700] {dag.py:3486} INFO - Setting next_dagrun for dag6_20230521 to 2022-05-05T00:00:00+00:00, run_after=2022-05-06T00:00:00+00:00
[2023-05-23T21:16:27.382+0700] {processor.py:179} INFO - Processing /home/nhattrieu/airflow/dags/dag6_20230521.py took 0.066 seconds
[2023-05-23T21:16:57.703+0700] {processor.py:157} INFO - Started process (PID=12403) to work on /home/nhattrieu/airflow/dags/dag6_20230521.py
[2023-05-23T21:16:57.704+0700] {processor.py:826} INFO - Processing file /home/nhattrieu/airflow/dags/dag6_20230521.py for tasks to queue
[2023-05-23T21:16:57.704+0700] {logging_mixin.py:149} INFO - [2023-05-23T21:16:57.704+0700] {dagbag.py:541} INFO - Filling up the DagBag from /home/nhattrieu/airflow/dags/dag6_20230521.py
[2023-05-23T21:16:57.705+0700] {logging_mixin.py:149} INFO - ===============Processing: /dags/json/dag6_20230521173226.json================
[2023-05-23T21:16:57.705+0700] {processor.py:836} INFO - DAG(s) dict_keys(['dag6_20230521']) retrieved from /home/nhattrieu/airflow/dags/dag6_20230521.py
[2023-05-23T21:16:57.721+0700] {logging_mixin.py:149} INFO - [2023-05-23T21:16:57.721+0700] {dag.py:2726} INFO - Sync 1 DAGs
[2023-05-23T21:16:57.736+0700] {logging_mixin.py:149} INFO - [2023-05-23T21:16:57.735+0700] {dag.py:3486} INFO - Setting next_dagrun for dag6_20230521 to 2022-05-05T00:00:00+00:00, run_after=2022-05-06T00:00:00+00:00
[2023-05-23T21:16:57.747+0700] {processor.py:179} INFO - Processing /home/nhattrieu/airflow/dags/dag6_20230521.py took 0.046 seconds
[2023-05-23T21:17:27.811+0700] {processor.py:157} INFO - Started process (PID=12626) to work on /home/nhattrieu/airflow/dags/dag6_20230521.py
[2023-05-23T21:17:27.811+0700] {processor.py:826} INFO - Processing file /home/nhattrieu/airflow/dags/dag6_20230521.py for tasks to queue
[2023-05-23T21:17:27.812+0700] {logging_mixin.py:149} INFO - [2023-05-23T21:17:27.812+0700] {dagbag.py:541} INFO - Filling up the DagBag from /home/nhattrieu/airflow/dags/dag6_20230521.py
[2023-05-23T21:17:27.813+0700] {logging_mixin.py:149} INFO - ===============Processing: /dags/json/dag6_20230521173226.json================
[2023-05-23T21:17:27.813+0700] {processor.py:836} INFO - DAG(s) dict_keys(['dag6_20230521']) retrieved from /home/nhattrieu/airflow/dags/dag6_20230521.py
[2023-05-23T21:17:27.828+0700] {logging_mixin.py:149} INFO - [2023-05-23T21:17:27.828+0700] {dag.py:2726} INFO - Sync 1 DAGs
[2023-05-23T21:17:27.842+0700] {logging_mixin.py:149} INFO - [2023-05-23T21:17:27.841+0700] {dag.py:3486} INFO - Setting next_dagrun for dag6_20230521 to 2022-05-05T00:00:00+00:00, run_after=2022-05-06T00:00:00+00:00
[2023-05-23T21:17:27.853+0700] {processor.py:179} INFO - Processing /home/nhattrieu/airflow/dags/dag6_20230521.py took 0.044 seconds
[2023-05-23T21:17:58.157+0700] {processor.py:157} INFO - Started process (PID=12815) to work on /home/nhattrieu/airflow/dags/dag6_20230521.py
[2023-05-23T21:17:58.158+0700] {processor.py:826} INFO - Processing file /home/nhattrieu/airflow/dags/dag6_20230521.py for tasks to queue
[2023-05-23T21:17:58.158+0700] {logging_mixin.py:149} INFO - [2023-05-23T21:17:58.158+0700] {dagbag.py:541} INFO - Filling up the DagBag from /home/nhattrieu/airflow/dags/dag6_20230521.py
[2023-05-23T21:17:58.160+0700] {logging_mixin.py:149} INFO - ===============Processing: /dags/json/dag6_20230521173226.json================
[2023-05-23T21:17:58.160+0700] {processor.py:836} INFO - DAG(s) dict_keys(['dag6_20230521']) retrieved from /home/nhattrieu/airflow/dags/dag6_20230521.py
[2023-05-23T21:17:58.178+0700] {logging_mixin.py:149} INFO - [2023-05-23T21:17:58.178+0700] {dag.py:2726} INFO - Sync 1 DAGs
[2023-05-23T21:17:58.195+0700] {logging_mixin.py:149} INFO - [2023-05-23T21:17:58.195+0700] {dag.py:3486} INFO - Setting next_dagrun for dag6_20230521 to 2022-05-05T00:00:00+00:00, run_after=2022-05-06T00:00:00+00:00
[2023-05-23T21:17:58.207+0700] {processor.py:179} INFO - Processing /home/nhattrieu/airflow/dags/dag6_20230521.py took 0.052 seconds
[2023-05-23T21:18:28.316+0700] {processor.py:157} INFO - Started process (PID=13020) to work on /home/nhattrieu/airflow/dags/dag6_20230521.py
[2023-05-23T21:18:28.316+0700] {processor.py:826} INFO - Processing file /home/nhattrieu/airflow/dags/dag6_20230521.py for tasks to queue
[2023-05-23T21:18:28.317+0700] {logging_mixin.py:149} INFO - [2023-05-23T21:18:28.317+0700] {dagbag.py:541} INFO - Filling up the DagBag from /home/nhattrieu/airflow/dags/dag6_20230521.py
[2023-05-23T21:18:28.318+0700] {logging_mixin.py:149} INFO - ===============Processing: /dags/json/dag6_20230521173226.json================
[2023-05-23T21:18:28.318+0700] {processor.py:836} INFO - DAG(s) dict_keys(['dag6_20230521']) retrieved from /home/nhattrieu/airflow/dags/dag6_20230521.py
[2023-05-23T21:18:28.334+0700] {logging_mixin.py:149} INFO - [2023-05-23T21:18:28.334+0700] {dag.py:2726} INFO - Sync 1 DAGs
[2023-05-23T21:18:28.349+0700] {logging_mixin.py:149} INFO - [2023-05-23T21:18:28.349+0700] {dag.py:3486} INFO - Setting next_dagrun for dag6_20230521 to 2022-05-05T00:00:00+00:00, run_after=2022-05-06T00:00:00+00:00
[2023-05-23T21:18:28.361+0700] {processor.py:179} INFO - Processing /home/nhattrieu/airflow/dags/dag6_20230521.py took 0.048 seconds
[2023-05-23T21:18:59.067+0700] {processor.py:157} INFO - Started process (PID=13312) to work on /home/nhattrieu/airflow/dags/dag6_20230521.py
[2023-05-23T21:18:59.068+0700] {processor.py:826} INFO - Processing file /home/nhattrieu/airflow/dags/dag6_20230521.py for tasks to queue
[2023-05-23T21:18:59.069+0700] {logging_mixin.py:149} INFO - [2023-05-23T21:18:59.069+0700] {dagbag.py:541} INFO - Filling up the DagBag from /home/nhattrieu/airflow/dags/dag6_20230521.py
[2023-05-23T21:18:59.071+0700] {logging_mixin.py:149} INFO - ===============Processing: /dags/json/dag6_20230521173226.json================
[2023-05-23T21:18:59.071+0700] {processor.py:836} INFO - DAG(s) dict_keys(['dag6_20230521']) retrieved from /home/nhattrieu/airflow/dags/dag6_20230521.py
[2023-05-23T21:18:59.092+0700] {logging_mixin.py:149} INFO - [2023-05-23T21:18:59.092+0700] {dag.py:2726} INFO - Sync 1 DAGs
[2023-05-23T21:18:59.109+0700] {logging_mixin.py:149} INFO - [2023-05-23T21:18:59.109+0700] {dag.py:3486} INFO - Setting next_dagrun for dag6_20230521 to 2022-05-05T00:00:00+00:00, run_after=2022-05-06T00:00:00+00:00
[2023-05-23T21:18:59.121+0700] {processor.py:179} INFO - Processing /home/nhattrieu/airflow/dags/dag6_20230521.py took 0.058 seconds
[2023-05-23T21:19:29.265+0700] {processor.py:157} INFO - Started process (PID=13534) to work on /home/nhattrieu/airflow/dags/dag6_20230521.py
[2023-05-23T21:19:29.266+0700] {processor.py:826} INFO - Processing file /home/nhattrieu/airflow/dags/dag6_20230521.py for tasks to queue
[2023-05-23T21:19:29.267+0700] {logging_mixin.py:149} INFO - [2023-05-23T21:19:29.267+0700] {dagbag.py:541} INFO - Filling up the DagBag from /home/nhattrieu/airflow/dags/dag6_20230521.py
[2023-05-23T21:19:29.269+0700] {logging_mixin.py:149} INFO - ===============Processing: /dags/json/dag6_20230521173226.json================
[2023-05-23T21:19:29.269+0700] {processor.py:836} INFO - DAG(s) dict_keys(['dag6_20230521']) retrieved from /home/nhattrieu/airflow/dags/dag6_20230521.py
[2023-05-23T21:19:29.287+0700] {logging_mixin.py:149} INFO - [2023-05-23T21:19:29.287+0700] {dag.py:2726} INFO - Sync 1 DAGs
[2023-05-23T21:19:29.305+0700] {logging_mixin.py:149} INFO - [2023-05-23T21:19:29.305+0700] {dag.py:3486} INFO - Setting next_dagrun for dag6_20230521 to 2022-05-05T00:00:00+00:00, run_after=2022-05-06T00:00:00+00:00
[2023-05-23T21:19:29.318+0700] {processor.py:179} INFO - Processing /home/nhattrieu/airflow/dags/dag6_20230521.py took 0.055 seconds
[2023-05-23T21:19:59.378+0700] {processor.py:157} INFO - Started process (PID=13763) to work on /home/nhattrieu/airflow/dags/dag6_20230521.py
[2023-05-23T21:19:59.378+0700] {processor.py:826} INFO - Processing file /home/nhattrieu/airflow/dags/dag6_20230521.py for tasks to queue
[2023-05-23T21:19:59.379+0700] {logging_mixin.py:149} INFO - [2023-05-23T21:19:59.379+0700] {dagbag.py:541} INFO - Filling up the DagBag from /home/nhattrieu/airflow/dags/dag6_20230521.py
[2023-05-23T21:19:59.380+0700] {logging_mixin.py:149} INFO - ===============Processing: /dags/json/dag6_20230521173226.json================
[2023-05-23T21:19:59.380+0700] {processor.py:836} INFO - DAG(s) dict_keys(['dag6_20230521']) retrieved from /home/nhattrieu/airflow/dags/dag6_20230521.py
[2023-05-23T21:19:59.397+0700] {logging_mixin.py:149} INFO - [2023-05-23T21:19:59.397+0700] {dag.py:2726} INFO - Sync 1 DAGs
[2023-05-23T21:19:59.413+0700] {logging_mixin.py:149} INFO - [2023-05-23T21:19:59.413+0700] {dag.py:3486} INFO - Setting next_dagrun for dag6_20230521 to 2022-05-05T00:00:00+00:00, run_after=2022-05-06T00:00:00+00:00
[2023-05-23T21:19:59.426+0700] {processor.py:179} INFO - Processing /home/nhattrieu/airflow/dags/dag6_20230521.py took 0.050 seconds
[2023-05-23T21:20:29.511+0700] {processor.py:157} INFO - Started process (PID=13983) to work on /home/nhattrieu/airflow/dags/dag6_20230521.py
[2023-05-23T21:20:29.512+0700] {processor.py:826} INFO - Processing file /home/nhattrieu/airflow/dags/dag6_20230521.py for tasks to queue
[2023-05-23T21:20:29.512+0700] {logging_mixin.py:149} INFO - [2023-05-23T21:20:29.512+0700] {dagbag.py:541} INFO - Filling up the DagBag from /home/nhattrieu/airflow/dags/dag6_20230521.py
[2023-05-23T21:20:29.513+0700] {logging_mixin.py:149} INFO - ===============Processing: /dags/json/dag6_20230521173226.json================
[2023-05-23T21:20:29.514+0700] {processor.py:836} INFO - DAG(s) dict_keys(['dag6_20230521']) retrieved from /home/nhattrieu/airflow/dags/dag6_20230521.py
[2023-05-23T21:20:29.530+0700] {logging_mixin.py:149} INFO - [2023-05-23T21:20:29.530+0700] {dag.py:2726} INFO - Sync 1 DAGs
[2023-05-23T21:20:29.546+0700] {logging_mixin.py:149} INFO - [2023-05-23T21:20:29.546+0700] {dag.py:3486} INFO - Setting next_dagrun for dag6_20230521 to 2022-05-05T00:00:00+00:00, run_after=2022-05-06T00:00:00+00:00
[2023-05-23T21:20:29.557+0700] {processor.py:179} INFO - Processing /home/nhattrieu/airflow/dags/dag6_20230521.py took 0.048 seconds
[2023-05-23T21:20:59.801+0700] {processor.py:157} INFO - Started process (PID=14169) to work on /home/nhattrieu/airflow/dags/dag6_20230521.py
[2023-05-23T21:20:59.802+0700] {processor.py:826} INFO - Processing file /home/nhattrieu/airflow/dags/dag6_20230521.py for tasks to queue
[2023-05-23T21:20:59.802+0700] {logging_mixin.py:149} INFO - [2023-05-23T21:20:59.802+0700] {dagbag.py:541} INFO - Filling up the DagBag from /home/nhattrieu/airflow/dags/dag6_20230521.py
[2023-05-23T21:20:59.803+0700] {logging_mixin.py:149} INFO - ===============Processing: /dags/json/dag6_20230521173226.json================
[2023-05-23T21:20:59.803+0700] {processor.py:836} INFO - DAG(s) dict_keys(['dag6_20230521']) retrieved from /home/nhattrieu/airflow/dags/dag6_20230521.py
[2023-05-23T21:20:59.819+0700] {logging_mixin.py:149} INFO - [2023-05-23T21:20:59.819+0700] {dag.py:2726} INFO - Sync 1 DAGs
[2023-05-23T21:20:59.835+0700] {logging_mixin.py:149} INFO - [2023-05-23T21:20:59.835+0700] {dag.py:3486} INFO - Setting next_dagrun for dag6_20230521 to 2022-05-05T00:00:00+00:00, run_after=2022-05-06T00:00:00+00:00
[2023-05-23T21:20:59.846+0700] {processor.py:179} INFO - Processing /home/nhattrieu/airflow/dags/dag6_20230521.py took 0.047 seconds
[2023-05-23T21:21:29.938+0700] {processor.py:157} INFO - Started process (PID=14355) to work on /home/nhattrieu/airflow/dags/dag6_20230521.py
[2023-05-23T21:21:29.939+0700] {processor.py:826} INFO - Processing file /home/nhattrieu/airflow/dags/dag6_20230521.py for tasks to queue
[2023-05-23T21:21:29.939+0700] {logging_mixin.py:149} INFO - [2023-05-23T21:21:29.939+0700] {dagbag.py:541} INFO - Filling up the DagBag from /home/nhattrieu/airflow/dags/dag6_20230521.py
[2023-05-23T21:21:29.940+0700] {logging_mixin.py:149} INFO - ===============Processing: /dags/json/dag6_20230521173226.json================
[2023-05-23T21:21:29.940+0700] {processor.py:836} INFO - DAG(s) dict_keys(['dag6_20230521']) retrieved from /home/nhattrieu/airflow/dags/dag6_20230521.py
[2023-05-23T21:21:29.956+0700] {logging_mixin.py:149} INFO - [2023-05-23T21:21:29.955+0700] {dag.py:2726} INFO - Sync 1 DAGs
[2023-05-23T21:21:29.971+0700] {logging_mixin.py:149} INFO - [2023-05-23T21:21:29.971+0700] {dag.py:3486} INFO - Setting next_dagrun for dag6_20230521 to 2022-05-05T00:00:00+00:00, run_after=2022-05-06T00:00:00+00:00
[2023-05-23T21:21:29.982+0700] {processor.py:179} INFO - Processing /home/nhattrieu/airflow/dags/dag6_20230521.py took 0.046 seconds
[2023-05-23T21:22:00.175+0700] {processor.py:157} INFO - Started process (PID=14513) to work on /home/nhattrieu/airflow/dags/dag6_20230521.py
[2023-05-23T21:22:00.175+0700] {processor.py:826} INFO - Processing file /home/nhattrieu/airflow/dags/dag6_20230521.py for tasks to queue
[2023-05-23T21:22:00.176+0700] {logging_mixin.py:149} INFO - [2023-05-23T21:22:00.176+0700] {dagbag.py:541} INFO - Filling up the DagBag from /home/nhattrieu/airflow/dags/dag6_20230521.py
[2023-05-23T21:22:00.177+0700] {logging_mixin.py:149} INFO - ===============Processing: /dags/json/dag6_20230521173226.json================
[2023-05-23T21:22:00.177+0700] {processor.py:836} INFO - DAG(s) dict_keys(['dag6_20230521']) retrieved from /home/nhattrieu/airflow/dags/dag6_20230521.py
[2023-05-23T21:22:00.193+0700] {logging_mixin.py:149} INFO - [2023-05-23T21:22:00.192+0700] {dag.py:2726} INFO - Sync 1 DAGs
[2023-05-23T21:22:00.207+0700] {logging_mixin.py:149} INFO - [2023-05-23T21:22:00.207+0700] {dag.py:3486} INFO - Setting next_dagrun for dag6_20230521 to 2022-05-05T00:00:00+00:00, run_after=2022-05-06T00:00:00+00:00
[2023-05-23T21:22:00.217+0700] {processor.py:179} INFO - Processing /home/nhattrieu/airflow/dags/dag6_20230521.py took 0.044 seconds
[2023-05-23T21:22:30.383+0700] {processor.py:157} INFO - Started process (PID=14700) to work on /home/nhattrieu/airflow/dags/dag6_20230521.py
[2023-05-23T21:22:30.383+0700] {processor.py:826} INFO - Processing file /home/nhattrieu/airflow/dags/dag6_20230521.py for tasks to queue
[2023-05-23T21:22:30.384+0700] {logging_mixin.py:149} INFO - [2023-05-23T21:22:30.384+0700] {dagbag.py:541} INFO - Filling up the DagBag from /home/nhattrieu/airflow/dags/dag6_20230521.py
[2023-05-23T21:22:30.385+0700] {logging_mixin.py:149} INFO - ===============Processing: /dags/json/dag6_20230521173226.json================
[2023-05-23T21:22:30.386+0700] {processor.py:836} INFO - DAG(s) dict_keys(['dag6_20230521']) retrieved from /home/nhattrieu/airflow/dags/dag6_20230521.py
[2023-05-23T21:22:30.401+0700] {logging_mixin.py:149} INFO - [2023-05-23T21:22:30.400+0700] {dag.py:2726} INFO - Sync 1 DAGs
[2023-05-23T21:22:30.415+0700] {logging_mixin.py:149} INFO - [2023-05-23T21:22:30.415+0700] {dag.py:3486} INFO - Setting next_dagrun for dag6_20230521 to 2022-05-05T00:00:00+00:00, run_after=2022-05-06T00:00:00+00:00
[2023-05-23T21:22:30.425+0700] {processor.py:179} INFO - Processing /home/nhattrieu/airflow/dags/dag6_20230521.py took 0.044 seconds
[2023-05-23T21:23:00.596+0700] {processor.py:157} INFO - Started process (PID=14868) to work on /home/nhattrieu/airflow/dags/dag6_20230521.py
[2023-05-23T21:23:00.596+0700] {processor.py:826} INFO - Processing file /home/nhattrieu/airflow/dags/dag6_20230521.py for tasks to queue
[2023-05-23T21:23:00.597+0700] {logging_mixin.py:149} INFO - [2023-05-23T21:23:00.596+0700] {dagbag.py:541} INFO - Filling up the DagBag from /home/nhattrieu/airflow/dags/dag6_20230521.py
[2023-05-23T21:23:00.598+0700] {logging_mixin.py:149} INFO - ===============Processing: /dags/json/dag6_20230521173226.json================
[2023-05-23T21:23:00.598+0700] {processor.py:836} INFO - DAG(s) dict_keys(['dag6_20230521']) retrieved from /home/nhattrieu/airflow/dags/dag6_20230521.py
[2023-05-23T21:23:00.614+0700] {logging_mixin.py:149} INFO - [2023-05-23T21:23:00.614+0700] {dag.py:2726} INFO - Sync 1 DAGs
[2023-05-23T21:23:00.629+0700] {logging_mixin.py:149} INFO - [2023-05-23T21:23:00.629+0700] {dag.py:3486} INFO - Setting next_dagrun for dag6_20230521 to 2022-05-05T00:00:00+00:00, run_after=2022-05-06T00:00:00+00:00
[2023-05-23T21:23:00.640+0700] {processor.py:179} INFO - Processing /home/nhattrieu/airflow/dags/dag6_20230521.py took 0.046 seconds
[2023-05-23T21:23:30.994+0700] {processor.py:157} INFO - Started process (PID=15074) to work on /home/nhattrieu/airflow/dags/dag6_20230521.py
[2023-05-23T21:23:30.995+0700] {processor.py:826} INFO - Processing file /home/nhattrieu/airflow/dags/dag6_20230521.py for tasks to queue
[2023-05-23T21:23:30.995+0700] {logging_mixin.py:149} INFO - [2023-05-23T21:23:30.995+0700] {dagbag.py:541} INFO - Filling up the DagBag from /home/nhattrieu/airflow/dags/dag6_20230521.py
[2023-05-23T21:23:30.997+0700] {logging_mixin.py:149} INFO - ===============Processing: /dags/json/dag6_20230521173226.json================
[2023-05-23T21:23:30.997+0700] {processor.py:836} INFO - DAG(s) dict_keys(['dag6_20230521']) retrieved from /home/nhattrieu/airflow/dags/dag6_20230521.py
[2023-05-23T21:23:31.013+0700] {logging_mixin.py:149} INFO - [2023-05-23T21:23:31.013+0700] {dag.py:2726} INFO - Sync 1 DAGs
[2023-05-23T21:23:31.029+0700] {logging_mixin.py:149} INFO - [2023-05-23T21:23:31.029+0700] {dag.py:3486} INFO - Setting next_dagrun for dag6_20230521 to 2022-05-05T00:00:00+00:00, run_after=2022-05-06T00:00:00+00:00
[2023-05-23T21:23:31.039+0700] {processor.py:179} INFO - Processing /home/nhattrieu/airflow/dags/dag6_20230521.py took 0.047 seconds
[2023-05-23T21:24:01.261+0700] {processor.py:157} INFO - Started process (PID=15238) to work on /home/nhattrieu/airflow/dags/dag6_20230521.py
[2023-05-23T21:24:01.261+0700] {processor.py:826} INFO - Processing file /home/nhattrieu/airflow/dags/dag6_20230521.py for tasks to queue
[2023-05-23T21:24:01.262+0700] {logging_mixin.py:149} INFO - [2023-05-23T21:24:01.262+0700] {dagbag.py:541} INFO - Filling up the DagBag from /home/nhattrieu/airflow/dags/dag6_20230521.py
[2023-05-23T21:24:01.263+0700] {logging_mixin.py:149} INFO - ===============Processing: /dags/json/dag6_20230521173226.json================
[2023-05-23T21:24:01.263+0700] {processor.py:836} INFO - DAG(s) dict_keys(['dag6_20230521']) retrieved from /home/nhattrieu/airflow/dags/dag6_20230521.py
[2023-05-23T21:24:01.279+0700] {logging_mixin.py:149} INFO - [2023-05-23T21:24:01.279+0700] {dag.py:2726} INFO - Sync 1 DAGs
[2023-05-23T21:24:01.294+0700] {logging_mixin.py:149} INFO - [2023-05-23T21:24:01.294+0700] {dag.py:3486} INFO - Setting next_dagrun for dag6_20230521 to 2022-05-05T00:00:00+00:00, run_after=2022-05-06T00:00:00+00:00
[2023-05-23T21:24:01.305+0700] {processor.py:179} INFO - Processing /home/nhattrieu/airflow/dags/dag6_20230521.py took 0.046 seconds
[2023-05-23T21:24:31.553+0700] {processor.py:157} INFO - Started process (PID=15433) to work on /home/nhattrieu/airflow/dags/dag6_20230521.py
[2023-05-23T21:24:31.554+0700] {processor.py:826} INFO - Processing file /home/nhattrieu/airflow/dags/dag6_20230521.py for tasks to queue
[2023-05-23T21:24:31.554+0700] {logging_mixin.py:149} INFO - [2023-05-23T21:24:31.554+0700] {dagbag.py:541} INFO - Filling up the DagBag from /home/nhattrieu/airflow/dags/dag6_20230521.py
[2023-05-23T21:24:31.555+0700] {logging_mixin.py:149} INFO - ===============Processing: /dags/json/dag6_20230521173226.json================
[2023-05-23T21:24:31.556+0700] {processor.py:836} INFO - DAG(s) dict_keys(['dag6_20230521']) retrieved from /home/nhattrieu/airflow/dags/dag6_20230521.py
[2023-05-23T21:24:31.571+0700] {logging_mixin.py:149} INFO - [2023-05-23T21:24:31.571+0700] {dag.py:2726} INFO - Sync 1 DAGs
[2023-05-23T21:24:31.589+0700] {logging_mixin.py:149} INFO - [2023-05-23T21:24:31.588+0700] {dag.py:3486} INFO - Setting next_dagrun for dag6_20230521 to 2022-05-05T00:00:00+00:00, run_after=2022-05-06T00:00:00+00:00
[2023-05-23T21:24:31.602+0700] {processor.py:179} INFO - Processing /home/nhattrieu/airflow/dags/dag6_20230521.py took 0.051 seconds
[2023-05-23T21:25:01.679+0700] {processor.py:157} INFO - Started process (PID=15599) to work on /home/nhattrieu/airflow/dags/dag6_20230521.py
[2023-05-23T21:25:01.680+0700] {processor.py:826} INFO - Processing file /home/nhattrieu/airflow/dags/dag6_20230521.py for tasks to queue
[2023-05-23T21:25:01.680+0700] {logging_mixin.py:149} INFO - [2023-05-23T21:25:01.680+0700] {dagbag.py:541} INFO - Filling up the DagBag from /home/nhattrieu/airflow/dags/dag6_20230521.py
[2023-05-23T21:25:01.682+0700] {logging_mixin.py:149} INFO - ===============Processing: /dags/json/dag6_20230521173226.json================
[2023-05-23T21:25:01.682+0700] {processor.py:836} INFO - DAG(s) dict_keys(['dag6_20230521']) retrieved from /home/nhattrieu/airflow/dags/dag6_20230521.py
[2023-05-23T21:25:01.697+0700] {logging_mixin.py:149} INFO - [2023-05-23T21:25:01.697+0700] {dag.py:2726} INFO - Sync 1 DAGs
[2023-05-23T21:25:01.711+0700] {logging_mixin.py:149} INFO - [2023-05-23T21:25:01.711+0700] {dag.py:3486} INFO - Setting next_dagrun for dag6_20230521 to 2022-05-05T00:00:00+00:00, run_after=2022-05-06T00:00:00+00:00
[2023-05-23T21:25:01.722+0700] {processor.py:179} INFO - Processing /home/nhattrieu/airflow/dags/dag6_20230521.py took 0.044 seconds
[2023-05-23T21:25:31.775+0700] {processor.py:157} INFO - Started process (PID=15801) to work on /home/nhattrieu/airflow/dags/dag6_20230521.py
[2023-05-23T21:25:31.776+0700] {processor.py:826} INFO - Processing file /home/nhattrieu/airflow/dags/dag6_20230521.py for tasks to queue
[2023-05-23T21:25:31.776+0700] {logging_mixin.py:149} INFO - [2023-05-23T21:25:31.776+0700] {dagbag.py:541} INFO - Filling up the DagBag from /home/nhattrieu/airflow/dags/dag6_20230521.py
[2023-05-23T21:25:31.777+0700] {logging_mixin.py:149} INFO - ===============Processing: /dags/json/dag6_20230521173226.json================
[2023-05-23T21:25:31.777+0700] {processor.py:836} INFO - DAG(s) dict_keys(['dag6_20230521']) retrieved from /home/nhattrieu/airflow/dags/dag6_20230521.py
[2023-05-23T21:25:31.793+0700] {logging_mixin.py:149} INFO - [2023-05-23T21:25:31.793+0700] {dag.py:2726} INFO - Sync 1 DAGs
[2023-05-23T21:25:31.807+0700] {logging_mixin.py:149} INFO - [2023-05-23T21:25:31.807+0700] {dag.py:3486} INFO - Setting next_dagrun for dag6_20230521 to 2022-05-05T00:00:00+00:00, run_after=2022-05-06T00:00:00+00:00
[2023-05-23T21:25:31.819+0700] {processor.py:179} INFO - Processing /home/nhattrieu/airflow/dags/dag6_20230521.py took 0.046 seconds
[2023-05-23T21:26:02.010+0700] {processor.py:157} INFO - Started process (PID=15967) to work on /home/nhattrieu/airflow/dags/dag6_20230521.py
[2023-05-23T21:26:02.010+0700] {processor.py:826} INFO - Processing file /home/nhattrieu/airflow/dags/dag6_20230521.py for tasks to queue
[2023-05-23T21:26:02.011+0700] {logging_mixin.py:149} INFO - [2023-05-23T21:26:02.011+0700] {dagbag.py:541} INFO - Filling up the DagBag from /home/nhattrieu/airflow/dags/dag6_20230521.py
[2023-05-23T21:26:02.012+0700] {logging_mixin.py:149} INFO - ===============Processing: /dags/json/dag6_20230521173226.json================
[2023-05-23T21:26:02.012+0700] {processor.py:836} INFO - DAG(s) dict_keys(['dag6_20230521']) retrieved from /home/nhattrieu/airflow/dags/dag6_20230521.py
[2023-05-23T21:26:02.028+0700] {logging_mixin.py:149} INFO - [2023-05-23T21:26:02.028+0700] {dag.py:2726} INFO - Sync 1 DAGs
[2023-05-23T21:26:02.043+0700] {logging_mixin.py:149} INFO - [2023-05-23T21:26:02.043+0700] {dag.py:3486} INFO - Setting next_dagrun for dag6_20230521 to 2022-05-05T00:00:00+00:00, run_after=2022-05-06T00:00:00+00:00
[2023-05-23T21:26:02.054+0700] {processor.py:179} INFO - Processing /home/nhattrieu/airflow/dags/dag6_20230521.py took 0.046 seconds
[2023-05-23T21:26:32.179+0700] {processor.py:157} INFO - Started process (PID=16168) to work on /home/nhattrieu/airflow/dags/dag6_20230521.py
[2023-05-23T21:26:32.180+0700] {processor.py:826} INFO - Processing file /home/nhattrieu/airflow/dags/dag6_20230521.py for tasks to queue
[2023-05-23T21:26:32.181+0700] {logging_mixin.py:149} INFO - [2023-05-23T21:26:32.181+0700] {dagbag.py:541} INFO - Filling up the DagBag from /home/nhattrieu/airflow/dags/dag6_20230521.py
[2023-05-23T21:26:32.183+0700] {logging_mixin.py:149} INFO - ===============Processing: /dags/json/dag6_20230521173226.json================
[2023-05-23T21:26:32.184+0700] {processor.py:836} INFO - DAG(s) dict_keys(['dag6_20230521']) retrieved from /home/nhattrieu/airflow/dags/dag6_20230521.py
[2023-05-23T21:26:32.210+0700] {logging_mixin.py:149} INFO - [2023-05-23T21:26:32.210+0700] {dag.py:2726} INFO - Sync 1 DAGs
[2023-05-23T21:26:32.231+0700] {logging_mixin.py:149} INFO - [2023-05-23T21:26:32.231+0700] {dag.py:3486} INFO - Setting next_dagrun for dag6_20230521 to 2022-05-05T00:00:00+00:00, run_after=2022-05-06T00:00:00+00:00
[2023-05-23T21:26:32.244+0700] {processor.py:179} INFO - Processing /home/nhattrieu/airflow/dags/dag6_20230521.py took 0.068 seconds
[2023-05-23T21:27:02.336+0700] {processor.py:157} INFO - Started process (PID=16343) to work on /home/nhattrieu/airflow/dags/dag6_20230521.py
[2023-05-23T21:27:02.337+0700] {processor.py:826} INFO - Processing file /home/nhattrieu/airflow/dags/dag6_20230521.py for tasks to queue
[2023-05-23T21:27:02.337+0700] {logging_mixin.py:149} INFO - [2023-05-23T21:27:02.337+0700] {dagbag.py:541} INFO - Filling up the DagBag from /home/nhattrieu/airflow/dags/dag6_20230521.py
[2023-05-23T21:27:02.339+0700] {logging_mixin.py:149} INFO - ===============Processing: /dags/json/dag6_20230521173226.json================
[2023-05-23T21:27:02.339+0700] {processor.py:836} INFO - DAG(s) dict_keys(['dag6_20230521']) retrieved from /home/nhattrieu/airflow/dags/dag6_20230521.py
[2023-05-23T21:27:02.354+0700] {logging_mixin.py:149} INFO - [2023-05-23T21:27:02.354+0700] {dag.py:2726} INFO - Sync 1 DAGs
[2023-05-23T21:27:02.370+0700] {logging_mixin.py:149} INFO - [2023-05-23T21:27:02.370+0700] {dag.py:3486} INFO - Setting next_dagrun for dag6_20230521 to 2022-05-05T00:00:00+00:00, run_after=2022-05-06T00:00:00+00:00
[2023-05-23T21:27:02.383+0700] {processor.py:179} INFO - Processing /home/nhattrieu/airflow/dags/dag6_20230521.py took 0.048 seconds
[2023-05-23T21:27:32.777+0700] {processor.py:157} INFO - Started process (PID=16537) to work on /home/nhattrieu/airflow/dags/dag6_20230521.py
[2023-05-23T21:27:32.778+0700] {processor.py:826} INFO - Processing file /home/nhattrieu/airflow/dags/dag6_20230521.py for tasks to queue
[2023-05-23T21:27:32.778+0700] {logging_mixin.py:149} INFO - [2023-05-23T21:27:32.778+0700] {dagbag.py:541} INFO - Filling up the DagBag from /home/nhattrieu/airflow/dags/dag6_20230521.py
[2023-05-23T21:27:32.780+0700] {logging_mixin.py:149} INFO - ===============Processing: /dags/json/dag6_20230521173226.json================
[2023-05-23T21:27:32.780+0700] {processor.py:836} INFO - DAG(s) dict_keys(['dag6_20230521']) retrieved from /home/nhattrieu/airflow/dags/dag6_20230521.py
[2023-05-23T21:27:32.796+0700] {logging_mixin.py:149} INFO - [2023-05-23T21:27:32.796+0700] {dag.py:2726} INFO - Sync 1 DAGs
[2023-05-23T21:27:32.810+0700] {logging_mixin.py:149} INFO - [2023-05-23T21:27:32.810+0700] {dag.py:3486} INFO - Setting next_dagrun for dag6_20230521 to 2022-05-05T00:00:00+00:00, run_after=2022-05-06T00:00:00+00:00
[2023-05-23T21:27:32.921+0700] {processor.py:179} INFO - Processing /home/nhattrieu/airflow/dags/dag6_20230521.py took 0.146 seconds
[2023-05-23T21:28:03.414+0700] {processor.py:157} INFO - Started process (PID=17162) to work on /home/nhattrieu/airflow/dags/dag6_20230521.py
[2023-05-23T21:28:03.415+0700] {processor.py:826} INFO - Processing file /home/nhattrieu/airflow/dags/dag6_20230521.py for tasks to queue
[2023-05-23T21:28:03.415+0700] {logging_mixin.py:149} INFO - [2023-05-23T21:28:03.415+0700] {dagbag.py:541} INFO - Filling up the DagBag from /home/nhattrieu/airflow/dags/dag6_20230521.py
[2023-05-23T21:28:03.416+0700] {logging_mixin.py:149} INFO - ===============Processing: /dags/json/dag6_20230521173226.json================
[2023-05-23T21:28:03.417+0700] {processor.py:836} INFO - DAG(s) dict_keys(['dag6_20230521']) retrieved from /home/nhattrieu/airflow/dags/dag6_20230521.py
[2023-05-23T21:28:03.434+0700] {logging_mixin.py:149} INFO - [2023-05-23T21:28:03.434+0700] {dag.py:2726} INFO - Sync 1 DAGs
[2023-05-23T21:28:03.451+0700] {logging_mixin.py:149} INFO - [2023-05-23T21:28:03.450+0700] {dag.py:3486} INFO - Setting next_dagrun for dag6_20230521 to 2022-05-05T00:00:00+00:00, run_after=2022-05-06T00:00:00+00:00
[2023-05-23T21:28:03.540+0700] {processor.py:179} INFO - Processing /home/nhattrieu/airflow/dags/dag6_20230521.py took 0.127 seconds
[2023-05-23T21:28:33.954+0700] {processor.py:157} INFO - Started process (PID=17655) to work on /home/nhattrieu/airflow/dags/dag6_20230521.py
[2023-05-23T21:28:33.955+0700] {processor.py:826} INFO - Processing file /home/nhattrieu/airflow/dags/dag6_20230521.py for tasks to queue
[2023-05-23T21:28:33.955+0700] {logging_mixin.py:149} INFO - [2023-05-23T21:28:33.955+0700] {dagbag.py:541} INFO - Filling up the DagBag from /home/nhattrieu/airflow/dags/dag6_20230521.py
[2023-05-23T21:28:33.956+0700] {logging_mixin.py:149} INFO - ===============Processing: /dags/json/dag6_20230521173226.json================
[2023-05-23T21:28:33.957+0700] {processor.py:836} INFO - DAG(s) dict_keys(['dag6_20230521']) retrieved from /home/nhattrieu/airflow/dags/dag6_20230521.py
[2023-05-23T21:28:33.973+0700] {logging_mixin.py:149} INFO - [2023-05-23T21:28:33.973+0700] {dag.py:2726} INFO - Sync 1 DAGs
[2023-05-23T21:28:34.055+0700] {logging_mixin.py:149} INFO - [2023-05-23T21:28:34.055+0700] {dag.py:3486} INFO - Setting next_dagrun for dag6_20230521 to 2022-05-05T00:00:00+00:00, run_after=2022-05-06T00:00:00+00:00
[2023-05-23T21:28:34.067+0700] {processor.py:179} INFO - Processing /home/nhattrieu/airflow/dags/dag6_20230521.py took 0.114 seconds
[2023-05-23T21:29:04.342+0700] {processor.py:157} INFO - Started process (PID=17840) to work on /home/nhattrieu/airflow/dags/dag6_20230521.py
[2023-05-23T21:29:04.343+0700] {processor.py:826} INFO - Processing file /home/nhattrieu/airflow/dags/dag6_20230521.py for tasks to queue
[2023-05-23T21:29:04.343+0700] {logging_mixin.py:149} INFO - [2023-05-23T21:29:04.343+0700] {dagbag.py:541} INFO - Filling up the DagBag from /home/nhattrieu/airflow/dags/dag6_20230521.py
[2023-05-23T21:29:04.344+0700] {logging_mixin.py:149} INFO - ===============Processing: /dags/json/dag6_20230521173226.json================
[2023-05-23T21:29:04.345+0700] {processor.py:836} INFO - DAG(s) dict_keys(['dag6_20230521']) retrieved from /home/nhattrieu/airflow/dags/dag6_20230521.py
[2023-05-23T21:29:04.360+0700] {logging_mixin.py:149} INFO - [2023-05-23T21:29:04.360+0700] {dag.py:2726} INFO - Sync 1 DAGs
[2023-05-23T21:29:04.443+0700] {logging_mixin.py:149} INFO - [2023-05-23T21:29:04.443+0700] {dag.py:3486} INFO - Setting next_dagrun for dag6_20230521 to 2022-05-05T00:00:00+00:00, run_after=2022-05-06T00:00:00+00:00
[2023-05-23T21:29:04.454+0700] {processor.py:179} INFO - Processing /home/nhattrieu/airflow/dags/dag6_20230521.py took 0.114 seconds
[2023-05-23T21:29:34.735+0700] {processor.py:157} INFO - Started process (PID=18042) to work on /home/nhattrieu/airflow/dags/dag6_20230521.py
[2023-05-23T21:29:34.736+0700] {processor.py:826} INFO - Processing file /home/nhattrieu/airflow/dags/dag6_20230521.py for tasks to queue
[2023-05-23T21:29:34.736+0700] {logging_mixin.py:149} INFO - [2023-05-23T21:29:34.736+0700] {dagbag.py:541} INFO - Filling up the DagBag from /home/nhattrieu/airflow/dags/dag6_20230521.py
[2023-05-23T21:29:34.738+0700] {logging_mixin.py:149} INFO - ===============Processing: /dags/json/dag6_20230521173226.json================
[2023-05-23T21:29:34.738+0700] {processor.py:836} INFO - DAG(s) dict_keys(['dag6_20230521']) retrieved from /home/nhattrieu/airflow/dags/dag6_20230521.py
[2023-05-23T21:29:34.753+0700] {logging_mixin.py:149} INFO - [2023-05-23T21:29:34.753+0700] {dag.py:2726} INFO - Sync 1 DAGs
[2023-05-23T21:29:34.839+0700] {logging_mixin.py:149} INFO - [2023-05-23T21:29:34.839+0700] {dag.py:3486} INFO - Setting next_dagrun for dag6_20230521 to 2022-05-05T00:00:00+00:00, run_after=2022-05-06T00:00:00+00:00
[2023-05-23T21:29:34.850+0700] {processor.py:179} INFO - Processing /home/nhattrieu/airflow/dags/dag6_20230521.py took 0.116 seconds
[2023-05-23T21:30:05.175+0700] {processor.py:157} INFO - Started process (PID=18245) to work on /home/nhattrieu/airflow/dags/dag6_20230521.py
[2023-05-23T21:30:05.176+0700] {processor.py:826} INFO - Processing file /home/nhattrieu/airflow/dags/dag6_20230521.py for tasks to queue
[2023-05-23T21:30:05.176+0700] {logging_mixin.py:149} INFO - [2023-05-23T21:30:05.176+0700] {dagbag.py:541} INFO - Filling up the DagBag from /home/nhattrieu/airflow/dags/dag6_20230521.py
[2023-05-23T21:30:05.177+0700] {logging_mixin.py:149} INFO - ===============Processing: /dags/json/dag6_20230521173226.json================
[2023-05-23T21:30:05.178+0700] {processor.py:836} INFO - DAG(s) dict_keys(['dag6_20230521']) retrieved from /home/nhattrieu/airflow/dags/dag6_20230521.py
[2023-05-23T21:30:05.200+0700] {logging_mixin.py:149} INFO - [2023-05-23T21:30:05.199+0700] {dag.py:2726} INFO - Sync 1 DAGs
[2023-05-23T21:30:05.218+0700] {logging_mixin.py:149} INFO - [2023-05-23T21:30:05.218+0700] {dag.py:3486} INFO - Setting next_dagrun for dag6_20230521 to 2022-05-05T00:00:00+00:00, run_after=2022-05-06T00:00:00+00:00
[2023-05-23T21:30:05.230+0700] {processor.py:179} INFO - Processing /home/nhattrieu/airflow/dags/dag6_20230521.py took 0.056 seconds
[2023-05-23T21:30:35.587+0700] {processor.py:157} INFO - Started process (PID=18441) to work on /home/nhattrieu/airflow/dags/dag6_20230521.py
[2023-05-23T21:30:35.587+0700] {processor.py:826} INFO - Processing file /home/nhattrieu/airflow/dags/dag6_20230521.py for tasks to queue
[2023-05-23T21:30:35.588+0700] {logging_mixin.py:149} INFO - [2023-05-23T21:30:35.588+0700] {dagbag.py:541} INFO - Filling up the DagBag from /home/nhattrieu/airflow/dags/dag6_20230521.py
[2023-05-23T21:30:35.589+0700] {logging_mixin.py:149} INFO - ===============Processing: /dags/json/dag6_20230521173226.json================
[2023-05-23T21:30:35.589+0700] {processor.py:836} INFO - DAG(s) dict_keys(['dag6_20230521']) retrieved from /home/nhattrieu/airflow/dags/dag6_20230521.py
[2023-05-23T21:30:35.605+0700] {logging_mixin.py:149} INFO - [2023-05-23T21:30:35.605+0700] {dag.py:2726} INFO - Sync 1 DAGs
[2023-05-23T21:30:35.620+0700] {logging_mixin.py:149} INFO - [2023-05-23T21:30:35.620+0700] {dag.py:3486} INFO - Setting next_dagrun for dag6_20230521 to 2022-05-05T00:00:00+00:00, run_after=2022-05-06T00:00:00+00:00
[2023-05-23T21:30:35.633+0700] {processor.py:179} INFO - Processing /home/nhattrieu/airflow/dags/dag6_20230521.py took 0.048 seconds
[2023-05-23T21:31:05.796+0700] {processor.py:157} INFO - Started process (PID=18689) to work on /home/nhattrieu/airflow/dags/dag6_20230521.py
[2023-05-23T21:31:05.797+0700] {processor.py:826} INFO - Processing file /home/nhattrieu/airflow/dags/dag6_20230521.py for tasks to queue
[2023-05-23T21:31:05.797+0700] {logging_mixin.py:149} INFO - [2023-05-23T21:31:05.797+0700] {dagbag.py:541} INFO - Filling up the DagBag from /home/nhattrieu/airflow/dags/dag6_20230521.py
[2023-05-23T21:31:05.798+0700] {logging_mixin.py:149} INFO - ===============Processing: /dags/json/dag6_20230521173226.json================
[2023-05-23T21:31:05.798+0700] {processor.py:836} INFO - DAG(s) dict_keys(['dag6_20230521']) retrieved from /home/nhattrieu/airflow/dags/dag6_20230521.py
[2023-05-23T21:31:05.814+0700] {logging_mixin.py:149} INFO - [2023-05-23T21:31:05.813+0700] {dag.py:2726} INFO - Sync 1 DAGs
[2023-05-23T21:31:05.828+0700] {logging_mixin.py:149} INFO - [2023-05-23T21:31:05.828+0700] {dag.py:3486} INFO - Setting next_dagrun for dag6_20230521 to 2022-05-05T00:00:00+00:00, run_after=2022-05-06T00:00:00+00:00
[2023-05-23T21:31:05.840+0700] {processor.py:179} INFO - Processing /home/nhattrieu/airflow/dags/dag6_20230521.py took 0.046 seconds
[2023-05-23T21:31:35.954+0700] {processor.py:157} INFO - Started process (PID=18995) to work on /home/nhattrieu/airflow/dags/dag6_20230521.py
[2023-05-23T21:31:35.955+0700] {processor.py:826} INFO - Processing file /home/nhattrieu/airflow/dags/dag6_20230521.py for tasks to queue
[2023-05-23T21:31:35.955+0700] {logging_mixin.py:149} INFO - [2023-05-23T21:31:35.955+0700] {dagbag.py:541} INFO - Filling up the DagBag from /home/nhattrieu/airflow/dags/dag6_20230521.py
[2023-05-23T21:31:35.957+0700] {logging_mixin.py:149} INFO - ===============Processing: /dags/json/dag6_20230521173226.json================
[2023-05-23T21:31:35.957+0700] {processor.py:836} INFO - DAG(s) dict_keys(['dag6_20230521']) retrieved from /home/nhattrieu/airflow/dags/dag6_20230521.py
[2023-05-23T21:31:35.973+0700] {logging_mixin.py:149} INFO - [2023-05-23T21:31:35.973+0700] {dag.py:2726} INFO - Sync 1 DAGs
[2023-05-23T21:31:35.988+0700] {logging_mixin.py:149} INFO - [2023-05-23T21:31:35.988+0700] {dag.py:3486} INFO - Setting next_dagrun for dag6_20230521 to 2022-05-05T00:00:00+00:00, run_after=2022-05-06T00:00:00+00:00
[2023-05-23T21:31:36.000+0700] {processor.py:179} INFO - Processing /home/nhattrieu/airflow/dags/dag6_20230521.py took 0.047 seconds
[2023-05-23T21:32:06.289+0700] {processor.py:157} INFO - Started process (PID=19232) to work on /home/nhattrieu/airflow/dags/dag6_20230521.py
[2023-05-23T21:32:06.289+0700] {processor.py:826} INFO - Processing file /home/nhattrieu/airflow/dags/dag6_20230521.py for tasks to queue
[2023-05-23T21:32:06.290+0700] {logging_mixin.py:149} INFO - [2023-05-23T21:32:06.290+0700] {dagbag.py:541} INFO - Filling up the DagBag from /home/nhattrieu/airflow/dags/dag6_20230521.py
[2023-05-23T21:32:06.291+0700] {logging_mixin.py:149} INFO - ===============Processing: /dags/json/dag6_20230521173226.json================
[2023-05-23T21:32:06.291+0700] {processor.py:836} INFO - DAG(s) dict_keys(['dag6_20230521']) retrieved from /home/nhattrieu/airflow/dags/dag6_20230521.py
[2023-05-23T21:32:06.306+0700] {logging_mixin.py:149} INFO - [2023-05-23T21:32:06.306+0700] {dag.py:2726} INFO - Sync 1 DAGs
[2023-05-23T21:32:06.321+0700] {logging_mixin.py:149} INFO - [2023-05-23T21:32:06.321+0700] {dag.py:3486} INFO - Setting next_dagrun for dag6_20230521 to 2022-05-05T00:00:00+00:00, run_after=2022-05-06T00:00:00+00:00
[2023-05-23T21:32:06.332+0700] {processor.py:179} INFO - Processing /home/nhattrieu/airflow/dags/dag6_20230521.py took 0.045 seconds
[2023-05-23T21:32:36.533+0700] {processor.py:157} INFO - Started process (PID=19457) to work on /home/nhattrieu/airflow/dags/dag6_20230521.py
[2023-05-23T21:32:36.534+0700] {processor.py:826} INFO - Processing file /home/nhattrieu/airflow/dags/dag6_20230521.py for tasks to queue
[2023-05-23T21:32:36.534+0700] {logging_mixin.py:149} INFO - [2023-05-23T21:32:36.534+0700] {dagbag.py:541} INFO - Filling up the DagBag from /home/nhattrieu/airflow/dags/dag6_20230521.py
[2023-05-23T21:32:36.536+0700] {logging_mixin.py:149} INFO - ===============Processing: /dags/json/dag6_20230521173226.json================
[2023-05-23T21:32:36.536+0700] {processor.py:836} INFO - DAG(s) dict_keys(['dag6_20230521']) retrieved from /home/nhattrieu/airflow/dags/dag6_20230521.py
[2023-05-23T21:32:36.556+0700] {logging_mixin.py:149} INFO - [2023-05-23T21:32:36.556+0700] {dag.py:2726} INFO - Sync 1 DAGs
[2023-05-23T21:32:36.573+0700] {logging_mixin.py:149} INFO - [2023-05-23T21:32:36.573+0700] {dag.py:3486} INFO - Setting next_dagrun for dag6_20230521 to 2022-05-05T00:00:00+00:00, run_after=2022-05-06T00:00:00+00:00
[2023-05-23T21:32:36.585+0700] {processor.py:179} INFO - Processing /home/nhattrieu/airflow/dags/dag6_20230521.py took 0.053 seconds
[2023-05-23T21:33:06.911+0700] {processor.py:157} INFO - Started process (PID=19667) to work on /home/nhattrieu/airflow/dags/dag6_20230521.py
[2023-05-23T21:33:06.912+0700] {processor.py:826} INFO - Processing file /home/nhattrieu/airflow/dags/dag6_20230521.py for tasks to queue
[2023-05-23T21:33:06.912+0700] {logging_mixin.py:149} INFO - [2023-05-23T21:33:06.912+0700] {dagbag.py:541} INFO - Filling up the DagBag from /home/nhattrieu/airflow/dags/dag6_20230521.py
[2023-05-23T21:33:06.914+0700] {logging_mixin.py:149} INFO - ===============Processing: /dags/json/dag6_20230521173226.json================
[2023-05-23T21:33:06.914+0700] {processor.py:836} INFO - DAG(s) dict_keys(['dag6_20230521']) retrieved from /home/nhattrieu/airflow/dags/dag6_20230521.py
[2023-05-23T21:33:06.929+0700] {logging_mixin.py:149} INFO - [2023-05-23T21:33:06.929+0700] {dag.py:2726} INFO - Sync 1 DAGs
[2023-05-23T21:33:06.944+0700] {logging_mixin.py:149} INFO - [2023-05-23T21:33:06.944+0700] {dag.py:3486} INFO - Setting next_dagrun for dag6_20230521 to 2022-05-05T00:00:00+00:00, run_after=2022-05-06T00:00:00+00:00
[2023-05-23T21:33:06.956+0700] {processor.py:179} INFO - Processing /home/nhattrieu/airflow/dags/dag6_20230521.py took 0.046 seconds
[2023-05-23T21:33:37.237+0700] {processor.py:157} INFO - Started process (PID=19927) to work on /home/nhattrieu/airflow/dags/dag6_20230521.py
[2023-05-23T21:33:37.238+0700] {processor.py:826} INFO - Processing file /home/nhattrieu/airflow/dags/dag6_20230521.py for tasks to queue
[2023-05-23T21:33:37.238+0700] {logging_mixin.py:149} INFO - [2023-05-23T21:33:37.238+0700] {dagbag.py:541} INFO - Filling up the DagBag from /home/nhattrieu/airflow/dags/dag6_20230521.py
[2023-05-23T21:33:37.239+0700] {logging_mixin.py:149} INFO - ===============Processing: /dags/json/dag6_20230521173226.json================
[2023-05-23T21:33:37.240+0700] {processor.py:836} INFO - DAG(s) dict_keys(['dag6_20230521']) retrieved from /home/nhattrieu/airflow/dags/dag6_20230521.py
[2023-05-23T21:33:37.255+0700] {logging_mixin.py:149} INFO - [2023-05-23T21:33:37.255+0700] {dag.py:2726} INFO - Sync 1 DAGs
[2023-05-23T21:33:37.269+0700] {logging_mixin.py:149} INFO - [2023-05-23T21:33:37.269+0700] {dag.py:3486} INFO - Setting next_dagrun for dag6_20230521 to 2022-05-05T00:00:00+00:00, run_after=2022-05-06T00:00:00+00:00
[2023-05-23T21:33:37.279+0700] {processor.py:179} INFO - Processing /home/nhattrieu/airflow/dags/dag6_20230521.py took 0.044 seconds
[2023-05-23T21:34:07.564+0700] {processor.py:157} INFO - Started process (PID=20137) to work on /home/nhattrieu/airflow/dags/dag6_20230521.py
[2023-05-23T21:34:07.565+0700] {processor.py:826} INFO - Processing file /home/nhattrieu/airflow/dags/dag6_20230521.py for tasks to queue
[2023-05-23T21:34:07.565+0700] {logging_mixin.py:149} INFO - [2023-05-23T21:34:07.565+0700] {dagbag.py:541} INFO - Filling up the DagBag from /home/nhattrieu/airflow/dags/dag6_20230521.py
[2023-05-23T21:34:07.566+0700] {logging_mixin.py:149} INFO - ===============Processing: /dags/json/dag6_20230521173226.json================
[2023-05-23T21:34:07.566+0700] {processor.py:836} INFO - DAG(s) dict_keys(['dag6_20230521']) retrieved from /home/nhattrieu/airflow/dags/dag6_20230521.py
[2023-05-23T21:34:07.582+0700] {logging_mixin.py:149} INFO - [2023-05-23T21:34:07.582+0700] {dag.py:2726} INFO - Sync 1 DAGs
[2023-05-23T21:34:07.597+0700] {logging_mixin.py:149} INFO - [2023-05-23T21:34:07.597+0700] {dag.py:3486} INFO - Setting next_dagrun for dag6_20230521 to 2022-05-05T00:00:00+00:00, run_after=2022-05-06T00:00:00+00:00
[2023-05-23T21:34:07.610+0700] {processor.py:179} INFO - Processing /home/nhattrieu/airflow/dags/dag6_20230521.py took 0.048 seconds
[2023-05-23T21:34:37.695+0700] {processor.py:157} INFO - Started process (PID=20392) to work on /home/nhattrieu/airflow/dags/dag6_20230521.py
[2023-05-23T21:34:37.695+0700] {processor.py:826} INFO - Processing file /home/nhattrieu/airflow/dags/dag6_20230521.py for tasks to queue
[2023-05-23T21:34:37.696+0700] {logging_mixin.py:149} INFO - [2023-05-23T21:34:37.696+0700] {dagbag.py:541} INFO - Filling up the DagBag from /home/nhattrieu/airflow/dags/dag6_20230521.py
[2023-05-23T21:34:37.697+0700] {logging_mixin.py:149} INFO - ===============Processing: /dags/json/dag6_20230521173226.json================
[2023-05-23T21:34:37.697+0700] {processor.py:836} INFO - DAG(s) dict_keys(['dag6_20230521']) retrieved from /home/nhattrieu/airflow/dags/dag6_20230521.py
[2023-05-23T21:34:37.714+0700] {logging_mixin.py:149} INFO - [2023-05-23T21:34:37.714+0700] {dag.py:2726} INFO - Sync 1 DAGs
[2023-05-23T21:34:37.730+0700] {logging_mixin.py:149} INFO - [2023-05-23T21:34:37.730+0700] {dag.py:3486} INFO - Setting next_dagrun for dag6_20230521 to 2022-05-05T00:00:00+00:00, run_after=2022-05-06T00:00:00+00:00
[2023-05-23T21:34:37.742+0700] {processor.py:179} INFO - Processing /home/nhattrieu/airflow/dags/dag6_20230521.py took 0.049 seconds
[2023-05-23T21:35:08.149+0700] {processor.py:157} INFO - Started process (PID=20718) to work on /home/nhattrieu/airflow/dags/dag6_20230521.py
[2023-05-23T21:35:08.150+0700] {processor.py:826} INFO - Processing file /home/nhattrieu/airflow/dags/dag6_20230521.py for tasks to queue
[2023-05-23T21:35:08.150+0700] {logging_mixin.py:149} INFO - [2023-05-23T21:35:08.150+0700] {dagbag.py:541} INFO - Filling up the DagBag from /home/nhattrieu/airflow/dags/dag6_20230521.py
[2023-05-23T21:35:08.151+0700] {logging_mixin.py:149} INFO - ===============Processing: /dags/json/dag6_20230521173226.json================
[2023-05-23T21:35:08.152+0700] {processor.py:836} INFO - DAG(s) dict_keys(['dag6_20230521']) retrieved from /home/nhattrieu/airflow/dags/dag6_20230521.py
[2023-05-23T21:35:08.167+0700] {logging_mixin.py:149} INFO - [2023-05-23T21:35:08.167+0700] {dag.py:2726} INFO - Sync 1 DAGs
[2023-05-23T21:35:08.181+0700] {logging_mixin.py:149} INFO - [2023-05-23T21:35:08.181+0700] {dag.py:3486} INFO - Setting next_dagrun for dag6_20230521 to 2022-05-05T00:00:00+00:00, run_after=2022-05-06T00:00:00+00:00
[2023-05-23T21:35:08.192+0700] {processor.py:179} INFO - Processing /home/nhattrieu/airflow/dags/dag6_20230521.py took 0.045 seconds
[2023-05-23T21:35:38.351+0700] {processor.py:157} INFO - Started process (PID=20966) to work on /home/nhattrieu/airflow/dags/dag6_20230521.py
[2023-05-23T21:35:38.351+0700] {processor.py:826} INFO - Processing file /home/nhattrieu/airflow/dags/dag6_20230521.py for tasks to queue
[2023-05-23T21:35:38.352+0700] {logging_mixin.py:149} INFO - [2023-05-23T21:35:38.352+0700] {dagbag.py:541} INFO - Filling up the DagBag from /home/nhattrieu/airflow/dags/dag6_20230521.py
[2023-05-23T21:35:38.353+0700] {logging_mixin.py:149} INFO - ===============Processing: /dags/json/dag6_20230521173226.json================
[2023-05-23T21:35:38.353+0700] {processor.py:836} INFO - DAG(s) dict_keys(['dag6_20230521']) retrieved from /home/nhattrieu/airflow/dags/dag6_20230521.py
[2023-05-23T21:35:38.369+0700] {logging_mixin.py:149} INFO - [2023-05-23T21:35:38.369+0700] {dag.py:2726} INFO - Sync 1 DAGs
[2023-05-23T21:35:38.383+0700] {logging_mixin.py:149} INFO - [2023-05-23T21:35:38.383+0700] {dag.py:3486} INFO - Setting next_dagrun for dag6_20230521 to 2022-05-05T00:00:00+00:00, run_after=2022-05-06T00:00:00+00:00
[2023-05-23T21:35:38.393+0700] {processor.py:179} INFO - Processing /home/nhattrieu/airflow/dags/dag6_20230521.py took 0.044 seconds
[2023-05-23T21:36:08.794+0700] {processor.py:157} INFO - Started process (PID=21211) to work on /home/nhattrieu/airflow/dags/dag6_20230521.py
[2023-05-23T21:36:08.795+0700] {processor.py:826} INFO - Processing file /home/nhattrieu/airflow/dags/dag6_20230521.py for tasks to queue
[2023-05-23T21:36:08.795+0700] {logging_mixin.py:149} INFO - [2023-05-23T21:36:08.795+0700] {dagbag.py:541} INFO - Filling up the DagBag from /home/nhattrieu/airflow/dags/dag6_20230521.py
[2023-05-23T21:36:08.796+0700] {logging_mixin.py:149} INFO - ===============Processing: /dags/json/dag6_20230521173226.json================
[2023-05-23T21:36:08.796+0700] {processor.py:836} INFO - DAG(s) dict_keys(['dag6_20230521']) retrieved from /home/nhattrieu/airflow/dags/dag6_20230521.py
[2023-05-23T21:36:08.812+0700] {logging_mixin.py:149} INFO - [2023-05-23T21:36:08.812+0700] {dag.py:2726} INFO - Sync 1 DAGs
[2023-05-23T21:36:08.826+0700] {logging_mixin.py:149} INFO - [2023-05-23T21:36:08.826+0700] {dag.py:3486} INFO - Setting next_dagrun for dag6_20230521 to 2022-05-05T00:00:00+00:00, run_after=2022-05-06T00:00:00+00:00
[2023-05-23T21:36:08.837+0700] {processor.py:179} INFO - Processing /home/nhattrieu/airflow/dags/dag6_20230521.py took 0.045 seconds
[2023-05-23T21:36:39.054+0700] {processor.py:157} INFO - Started process (PID=21458) to work on /home/nhattrieu/airflow/dags/dag6_20230521.py
[2023-05-23T21:36:39.054+0700] {processor.py:826} INFO - Processing file /home/nhattrieu/airflow/dags/dag6_20230521.py for tasks to queue
[2023-05-23T21:36:39.055+0700] {logging_mixin.py:149} INFO - [2023-05-23T21:36:39.055+0700] {dagbag.py:541} INFO - Filling up the DagBag from /home/nhattrieu/airflow/dags/dag6_20230521.py
[2023-05-23T21:36:39.057+0700] {logging_mixin.py:149} INFO - ===============Processing: /dags/json/dag6_20230521173226.json================
[2023-05-23T21:36:39.057+0700] {processor.py:836} INFO - DAG(s) dict_keys(['dag6_20230521']) retrieved from /home/nhattrieu/airflow/dags/dag6_20230521.py
[2023-05-23T21:36:39.082+0700] {logging_mixin.py:149} INFO - [2023-05-23T21:36:39.082+0700] {dag.py:2726} INFO - Sync 1 DAGs
[2023-05-23T21:36:39.109+0700] {logging_mixin.py:149} INFO - [2023-05-23T21:36:39.108+0700] {dag.py:3486} INFO - Setting next_dagrun for dag6_20230521 to 2022-05-05T00:00:00+00:00, run_after=2022-05-06T00:00:00+00:00
[2023-05-23T21:36:39.129+0700] {processor.py:179} INFO - Processing /home/nhattrieu/airflow/dags/dag6_20230521.py took 0.077 seconds
[2023-05-23T21:37:09.462+0700] {processor.py:157} INFO - Started process (PID=21667) to work on /home/nhattrieu/airflow/dags/dag6_20230521.py
[2023-05-23T21:37:09.462+0700] {processor.py:826} INFO - Processing file /home/nhattrieu/airflow/dags/dag6_20230521.py for tasks to queue
[2023-05-23T21:37:09.463+0700] {logging_mixin.py:149} INFO - [2023-05-23T21:37:09.463+0700] {dagbag.py:541} INFO - Filling up the DagBag from /home/nhattrieu/airflow/dags/dag6_20230521.py
[2023-05-23T21:37:09.464+0700] {logging_mixin.py:149} INFO - ===============Processing: /dags/json/dag6_20230521173226.json================
[2023-05-23T21:37:09.464+0700] {processor.py:836} INFO - DAG(s) dict_keys(['dag6_20230521']) retrieved from /home/nhattrieu/airflow/dags/dag6_20230521.py
[2023-05-23T21:37:09.481+0700] {logging_mixin.py:149} INFO - [2023-05-23T21:37:09.480+0700] {dag.py:2726} INFO - Sync 1 DAGs
[2023-05-23T21:37:09.496+0700] {logging_mixin.py:149} INFO - [2023-05-23T21:37:09.495+0700] {dag.py:3486} INFO - Setting next_dagrun for dag6_20230521 to 2022-05-05T00:00:00+00:00, run_after=2022-05-06T00:00:00+00:00
[2023-05-23T21:37:09.507+0700] {processor.py:179} INFO - Processing /home/nhattrieu/airflow/dags/dag6_20230521.py took 0.047 seconds
[2023-05-23T21:37:39.911+0700] {processor.py:157} INFO - Started process (PID=21917) to work on /home/nhattrieu/airflow/dags/dag6_20230521.py
[2023-05-23T21:37:39.912+0700] {processor.py:826} INFO - Processing file /home/nhattrieu/airflow/dags/dag6_20230521.py for tasks to queue
[2023-05-23T21:37:39.912+0700] {logging_mixin.py:149} INFO - [2023-05-23T21:37:39.912+0700] {dagbag.py:541} INFO - Filling up the DagBag from /home/nhattrieu/airflow/dags/dag6_20230521.py
[2023-05-23T21:37:39.913+0700] {logging_mixin.py:149} INFO - ===============Processing: /dags/json/dag6_20230521173226.json================
[2023-05-23T21:37:39.913+0700] {processor.py:836} INFO - DAG(s) dict_keys(['dag6_20230521']) retrieved from /home/nhattrieu/airflow/dags/dag6_20230521.py
[2023-05-23T21:37:39.929+0700] {logging_mixin.py:149} INFO - [2023-05-23T21:37:39.929+0700] {dag.py:2726} INFO - Sync 1 DAGs
[2023-05-23T21:37:39.944+0700] {logging_mixin.py:149} INFO - [2023-05-23T21:37:39.944+0700] {dag.py:3486} INFO - Setting next_dagrun for dag6_20230521 to 2022-05-05T00:00:00+00:00, run_after=2022-05-06T00:00:00+00:00
[2023-05-23T21:37:39.957+0700] {processor.py:179} INFO - Processing /home/nhattrieu/airflow/dags/dag6_20230521.py took 0.048 seconds
[2023-05-23T21:38:10.235+0700] {processor.py:157} INFO - Started process (PID=22142) to work on /home/nhattrieu/airflow/dags/dag6_20230521.py
[2023-05-23T21:38:10.236+0700] {processor.py:826} INFO - Processing file /home/nhattrieu/airflow/dags/dag6_20230521.py for tasks to queue
[2023-05-23T21:38:10.236+0700] {logging_mixin.py:149} INFO - [2023-05-23T21:38:10.236+0700] {dagbag.py:541} INFO - Filling up the DagBag from /home/nhattrieu/airflow/dags/dag6_20230521.py
[2023-05-23T21:38:10.238+0700] {logging_mixin.py:149} INFO - ===============Processing: /dags/json/dag6_20230521173226.json================
[2023-05-23T21:38:10.238+0700] {processor.py:836} INFO - DAG(s) dict_keys(['dag6_20230521']) retrieved from /home/nhattrieu/airflow/dags/dag6_20230521.py
[2023-05-23T21:38:10.258+0700] {logging_mixin.py:149} INFO - [2023-05-23T21:38:10.258+0700] {dag.py:2726} INFO - Sync 1 DAGs
[2023-05-23T21:38:10.277+0700] {logging_mixin.py:149} INFO - [2023-05-23T21:38:10.277+0700] {dag.py:3486} INFO - Setting next_dagrun for dag6_20230521 to 2022-05-05T00:00:00+00:00, run_after=2022-05-06T00:00:00+00:00
[2023-05-23T21:38:10.293+0700] {processor.py:179} INFO - Processing /home/nhattrieu/airflow/dags/dag6_20230521.py took 0.059 seconds
[2023-05-23T21:38:40.505+0700] {processor.py:157} INFO - Started process (PID=22386) to work on /home/nhattrieu/airflow/dags/dag6_20230521.py
[2023-05-23T21:38:40.505+0700] {processor.py:826} INFO - Processing file /home/nhattrieu/airflow/dags/dag6_20230521.py for tasks to queue
[2023-05-23T21:38:40.506+0700] {logging_mixin.py:149} INFO - [2023-05-23T21:38:40.506+0700] {dagbag.py:541} INFO - Filling up the DagBag from /home/nhattrieu/airflow/dags/dag6_20230521.py
[2023-05-23T21:38:40.507+0700] {logging_mixin.py:149} INFO - ===============Processing: /dags/json/dag6_20230521173226.json================
[2023-05-23T21:38:40.508+0700] {processor.py:836} INFO - DAG(s) dict_keys(['dag6_20230521']) retrieved from /home/nhattrieu/airflow/dags/dag6_20230521.py
[2023-05-23T21:38:40.524+0700] {logging_mixin.py:149} INFO - [2023-05-23T21:38:40.524+0700] {dag.py:2726} INFO - Sync 1 DAGs
[2023-05-23T21:38:40.538+0700] {logging_mixin.py:149} INFO - [2023-05-23T21:38:40.538+0700] {dag.py:3486} INFO - Setting next_dagrun for dag6_20230521 to 2022-05-05T00:00:00+00:00, run_after=2022-05-06T00:00:00+00:00
[2023-05-23T21:38:40.549+0700] {processor.py:179} INFO - Processing /home/nhattrieu/airflow/dags/dag6_20230521.py took 0.046 seconds
[2023-05-23T21:39:10.765+0700] {processor.py:157} INFO - Started process (PID=22620) to work on /home/nhattrieu/airflow/dags/dag6_20230521.py
[2023-05-23T21:39:10.765+0700] {processor.py:826} INFO - Processing file /home/nhattrieu/airflow/dags/dag6_20230521.py for tasks to queue
[2023-05-23T21:39:10.766+0700] {logging_mixin.py:149} INFO - [2023-05-23T21:39:10.766+0700] {dagbag.py:541} INFO - Filling up the DagBag from /home/nhattrieu/airflow/dags/dag6_20230521.py
[2023-05-23T21:39:10.768+0700] {logging_mixin.py:149} INFO - ===============Processing: /dags/json/dag6_20230521173226.json================
[2023-05-23T21:39:10.768+0700] {processor.py:836} INFO - DAG(s) dict_keys(['dag6_20230521']) retrieved from /home/nhattrieu/airflow/dags/dag6_20230521.py
[2023-05-23T21:39:10.789+0700] {logging_mixin.py:149} INFO - [2023-05-23T21:39:10.788+0700] {dag.py:2726} INFO - Sync 1 DAGs
[2023-05-23T21:39:10.810+0700] {logging_mixin.py:149} INFO - [2023-05-23T21:39:10.810+0700] {dag.py:3486} INFO - Setting next_dagrun for dag6_20230521 to 2022-05-05T00:00:00+00:00, run_after=2022-05-06T00:00:00+00:00
[2023-05-23T21:39:10.827+0700] {processor.py:179} INFO - Processing /home/nhattrieu/airflow/dags/dag6_20230521.py took 0.064 seconds
[2023-05-23T21:39:41.223+0700] {processor.py:157} INFO - Started process (PID=22950) to work on /home/nhattrieu/airflow/dags/dag6_20230521.py
[2023-05-23T21:39:41.224+0700] {processor.py:826} INFO - Processing file /home/nhattrieu/airflow/dags/dag6_20230521.py for tasks to queue
[2023-05-23T21:39:41.224+0700] {logging_mixin.py:149} INFO - [2023-05-23T21:39:41.224+0700] {dagbag.py:541} INFO - Filling up the DagBag from /home/nhattrieu/airflow/dags/dag6_20230521.py
[2023-05-23T21:39:41.226+0700] {logging_mixin.py:149} INFO - ===============Processing: /dags/json/dag6_20230521173226.json================
[2023-05-23T21:39:41.226+0700] {processor.py:836} INFO - DAG(s) dict_keys(['dag6_20230521']) retrieved from /home/nhattrieu/airflow/dags/dag6_20230521.py
[2023-05-23T21:39:41.248+0700] {logging_mixin.py:149} INFO - [2023-05-23T21:39:41.248+0700] {dag.py:2726} INFO - Sync 1 DAGs
[2023-05-23T21:39:41.268+0700] {logging_mixin.py:149} INFO - [2023-05-23T21:39:41.268+0700] {dag.py:3486} INFO - Setting next_dagrun for dag6_20230521 to 2022-05-05T00:00:00+00:00, run_after=2022-05-06T00:00:00+00:00
[2023-05-23T21:39:41.282+0700] {processor.py:179} INFO - Processing /home/nhattrieu/airflow/dags/dag6_20230521.py took 0.061 seconds
[2023-05-23T21:40:11.382+0700] {processor.py:157} INFO - Started process (PID=23181) to work on /home/nhattrieu/airflow/dags/dag6_20230521.py
[2023-05-23T21:40:11.383+0700] {processor.py:826} INFO - Processing file /home/nhattrieu/airflow/dags/dag6_20230521.py for tasks to queue
[2023-05-23T21:40:11.383+0700] {logging_mixin.py:149} INFO - [2023-05-23T21:40:11.383+0700] {dagbag.py:541} INFO - Filling up the DagBag from /home/nhattrieu/airflow/dags/dag6_20230521.py
[2023-05-23T21:40:11.385+0700] {logging_mixin.py:149} INFO - ===============Processing: /dags/json/dag6_20230521173226.json================
[2023-05-23T21:40:11.385+0700] {processor.py:836} INFO - DAG(s) dict_keys(['dag6_20230521']) retrieved from /home/nhattrieu/airflow/dags/dag6_20230521.py
[2023-05-23T21:40:11.400+0700] {logging_mixin.py:149} INFO - [2023-05-23T21:40:11.400+0700] {dag.py:2726} INFO - Sync 1 DAGs
[2023-05-23T21:40:11.415+0700] {logging_mixin.py:149} INFO - [2023-05-23T21:40:11.415+0700] {dag.py:3486} INFO - Setting next_dagrun for dag6_20230521 to 2022-05-05T00:00:00+00:00, run_after=2022-05-06T00:00:00+00:00
[2023-05-23T21:40:11.425+0700] {processor.py:179} INFO - Processing /home/nhattrieu/airflow/dags/dag6_20230521.py took 0.045 seconds
