[2023-05-23T22:07:51.372+0700] {processor.py:157} INFO - Started process (PID=35444) to work on /home/nhattrieu/airflow/dags/tasks_2_20230523.py
[2023-05-23T22:07:51.372+0700] {processor.py:826} INFO - Processing file /home/nhattrieu/airflow/dags/tasks_2_20230523.py for tasks to queue
[2023-05-23T22:07:51.372+0700] {logging_mixin.py:149} INFO - [2023-05-23T22:07:51.372+0700] {dagbag.py:541} INFO - Filling up the DagBag from /home/nhattrieu/airflow/dags/tasks_2_20230523.py
[2023-05-23T22:07:51.374+0700] {logging_mixin.py:149} INFO - ===============Processing: /dags/json/tasks_2_20230523220316.json================
[2023-05-23T22:07:51.374+0700] {processor.py:836} INFO - DAG(s) dict_keys(['tasks_2_20230523']) retrieved from /home/nhattrieu/airflow/dags/tasks_2_20230523.py
[2023-05-23T22:07:51.526+0700] {logging_mixin.py:149} INFO - [2023-05-23T22:07:51.525+0700] {manager.py:504} INFO - Created Permission View: can edit on DAG:tasks_2_20230523
[2023-05-23T22:07:51.531+0700] {logging_mixin.py:149} INFO - [2023-05-23T22:07:51.531+0700] {manager.py:504} INFO - Created Permission View: can read on DAG:tasks_2_20230523
[2023-05-23T22:07:51.536+0700] {logging_mixin.py:149} INFO - [2023-05-23T22:07:51.536+0700] {manager.py:504} INFO - Created Permission View: can delete on DAG:tasks_2_20230523
[2023-05-23T22:07:51.536+0700] {logging_mixin.py:149} INFO - [2023-05-23T22:07:51.536+0700] {dag.py:2726} INFO - Sync 1 DAGs
[2023-05-23T22:07:51.544+0700] {logging_mixin.py:149} INFO - [2023-05-23T22:07:51.544+0700] {dag.py:2747} INFO - Creating ORM DAG for tasks_2_20230523
[2023-05-23T22:07:51.551+0700] {logging_mixin.py:149} INFO - [2023-05-23T22:07:51.551+0700] {dag.py:3486} INFO - Setting next_dagrun for tasks_2_20230523 to 2022-05-05T00:00:00+00:00, run_after=2022-05-06T00:00:00+00:00
[2023-05-23T22:07:51.562+0700] {processor.py:179} INFO - Processing /home/nhattrieu/airflow/dags/tasks_2_20230523.py took 0.192 seconds
[2023-05-23T22:08:21.955+0700] {processor.py:157} INFO - Started process (PID=36029) to work on /home/nhattrieu/airflow/dags/tasks_2_20230523.py
[2023-05-23T22:08:21.956+0700] {processor.py:826} INFO - Processing file /home/nhattrieu/airflow/dags/tasks_2_20230523.py for tasks to queue
[2023-05-23T22:08:21.956+0700] {logging_mixin.py:149} INFO - [2023-05-23T22:08:21.956+0700] {dagbag.py:541} INFO - Filling up the DagBag from /home/nhattrieu/airflow/dags/tasks_2_20230523.py
[2023-05-23T22:08:21.957+0700] {logging_mixin.py:149} INFO - ===============Processing: /dags/json/tasks_2_20230523220316.json================
[2023-05-23T22:08:21.958+0700] {processor.py:836} INFO - DAG(s) dict_keys(['tasks_2_20230523']) retrieved from /home/nhattrieu/airflow/dags/tasks_2_20230523.py
[2023-05-23T22:08:21.973+0700] {logging_mixin.py:149} INFO - [2023-05-23T22:08:21.973+0700] {dag.py:2726} INFO - Sync 1 DAGs
[2023-05-23T22:08:22.053+0700] {logging_mixin.py:149} INFO - [2023-05-23T22:08:22.052+0700] {dag.py:3486} INFO - Setting next_dagrun for tasks_2_20230523 to 2022-05-05T00:00:00+00:00, run_after=2022-05-06T00:00:00+00:00
[2023-05-23T22:08:22.062+0700] {processor.py:179} INFO - Processing /home/nhattrieu/airflow/dags/tasks_2_20230523.py took 0.109 seconds
[2023-05-23T22:08:52.399+0700] {processor.py:157} INFO - Started process (PID=36308) to work on /home/nhattrieu/airflow/dags/tasks_2_20230523.py
[2023-05-23T22:08:52.400+0700] {processor.py:826} INFO - Processing file /home/nhattrieu/airflow/dags/tasks_2_20230523.py for tasks to queue
[2023-05-23T22:08:52.401+0700] {logging_mixin.py:149} INFO - [2023-05-23T22:08:52.401+0700] {dagbag.py:541} INFO - Filling up the DagBag from /home/nhattrieu/airflow/dags/tasks_2_20230523.py
[2023-05-23T22:08:52.403+0700] {logging_mixin.py:149} INFO - ===============Processing: /dags/json/tasks_2_20230523220316.json================
[2023-05-23T22:08:52.404+0700] {processor.py:836} INFO - DAG(s) dict_keys(['tasks_2_20230523']) retrieved from /home/nhattrieu/airflow/dags/tasks_2_20230523.py
[2023-05-23T22:08:52.430+0700] {logging_mixin.py:149} INFO - [2023-05-23T22:08:52.430+0700] {dag.py:2726} INFO - Sync 1 DAGs
[2023-05-23T22:08:52.509+0700] {logging_mixin.py:149} INFO - [2023-05-23T22:08:52.509+0700] {dag.py:3486} INFO - Setting next_dagrun for tasks_2_20230523 to 2022-05-05T00:00:00+00:00, run_after=2022-05-06T00:00:00+00:00
[2023-05-23T22:08:52.518+0700] {processor.py:179} INFO - Processing /home/nhattrieu/airflow/dags/tasks_2_20230523.py took 0.122 seconds
[2023-05-23T22:09:23.298+0700] {processor.py:157} INFO - Started process (PID=36528) to work on /home/nhattrieu/airflow/dags/tasks_2_20230523.py
[2023-05-23T22:09:23.298+0700] {processor.py:826} INFO - Processing file /home/nhattrieu/airflow/dags/tasks_2_20230523.py for tasks to queue
[2023-05-23T22:09:23.299+0700] {logging_mixin.py:149} INFO - [2023-05-23T22:09:23.299+0700] {dagbag.py:541} INFO - Filling up the DagBag from /home/nhattrieu/airflow/dags/tasks_2_20230523.py
[2023-05-23T22:09:23.301+0700] {logging_mixin.py:149} INFO - ===============Processing: /dags/json/tasks_2_20230523220316.json================
[2023-05-23T22:09:23.302+0700] {processor.py:836} INFO - DAG(s) dict_keys(['tasks_2_20230523']) retrieved from /home/nhattrieu/airflow/dags/tasks_2_20230523.py
[2023-05-23T22:09:23.321+0700] {logging_mixin.py:149} INFO - [2023-05-23T22:09:23.321+0700] {dag.py:2726} INFO - Sync 1 DAGs
[2023-05-23T22:09:23.406+0700] {logging_mixin.py:149} INFO - [2023-05-23T22:09:23.405+0700] {dag.py:3486} INFO - Setting next_dagrun for tasks_2_20230523 to 2022-05-05T00:00:00+00:00, run_after=2022-05-06T00:00:00+00:00
[2023-05-23T22:09:23.416+0700] {processor.py:179} INFO - Processing /home/nhattrieu/airflow/dags/tasks_2_20230523.py took 0.122 seconds
[2023-05-23T22:09:53.938+0700] {processor.py:157} INFO - Started process (PID=36828) to work on /home/nhattrieu/airflow/dags/tasks_2_20230523.py
[2023-05-23T22:09:53.939+0700] {processor.py:826} INFO - Processing file /home/nhattrieu/airflow/dags/tasks_2_20230523.py for tasks to queue
[2023-05-23T22:09:53.940+0700] {logging_mixin.py:149} INFO - [2023-05-23T22:09:53.939+0700] {dagbag.py:541} INFO - Filling up the DagBag from /home/nhattrieu/airflow/dags/tasks_2_20230523.py
[2023-05-23T22:09:53.942+0700] {logging_mixin.py:149} INFO - ===============Processing: /dags/json/tasks_2_20230523220316.json================
[2023-05-23T22:09:53.943+0700] {processor.py:836} INFO - DAG(s) dict_keys(['tasks_2_20230523']) retrieved from /home/nhattrieu/airflow/dags/tasks_2_20230523.py
[2023-05-23T22:09:53.963+0700] {logging_mixin.py:149} INFO - [2023-05-23T22:09:53.963+0700] {dag.py:2726} INFO - Sync 1 DAGs
[2023-05-23T22:09:53.978+0700] {logging_mixin.py:149} INFO - [2023-05-23T22:09:53.978+0700] {dag.py:3486} INFO - Setting next_dagrun for tasks_2_20230523 to 2022-05-05T00:00:00+00:00, run_after=2022-05-06T00:00:00+00:00
[2023-05-23T22:09:53.990+0700] {processor.py:179} INFO - Processing /home/nhattrieu/airflow/dags/tasks_2_20230523.py took 0.056 seconds
[2023-05-23T22:10:24.198+0700] {processor.py:157} INFO - Started process (PID=37010) to work on /home/nhattrieu/airflow/dags/tasks_2_20230523.py
[2023-05-23T22:10:24.199+0700] {processor.py:826} INFO - Processing file /home/nhattrieu/airflow/dags/tasks_2_20230523.py for tasks to queue
[2023-05-23T22:10:24.199+0700] {logging_mixin.py:149} INFO - [2023-05-23T22:10:24.199+0700] {dagbag.py:541} INFO - Filling up the DagBag from /home/nhattrieu/airflow/dags/tasks_2_20230523.py
[2023-05-23T22:10:24.201+0700] {logging_mixin.py:149} INFO - ===============Processing: /dags/json/tasks_2_20230523220316.json================
[2023-05-23T22:10:24.202+0700] {processor.py:836} INFO - DAG(s) dict_keys(['tasks_2_20230523']) retrieved from /home/nhattrieu/airflow/dags/tasks_2_20230523.py
[2023-05-23T22:10:24.221+0700] {logging_mixin.py:149} INFO - [2023-05-23T22:10:24.221+0700] {dag.py:2726} INFO - Sync 1 DAGs
[2023-05-23T22:10:24.235+0700] {logging_mixin.py:149} INFO - [2023-05-23T22:10:24.235+0700] {dag.py:3486} INFO - Setting next_dagrun for tasks_2_20230523 to 2022-05-05T00:00:00+00:00, run_after=2022-05-06T00:00:00+00:00
[2023-05-23T22:10:24.245+0700] {processor.py:179} INFO - Processing /home/nhattrieu/airflow/dags/tasks_2_20230523.py took 0.050 seconds
[2023-05-23T22:10:54.442+0700] {processor.py:157} INFO - Started process (PID=37245) to work on /home/nhattrieu/airflow/dags/tasks_2_20230523.py
[2023-05-23T22:10:54.443+0700] {processor.py:826} INFO - Processing file /home/nhattrieu/airflow/dags/tasks_2_20230523.py for tasks to queue
[2023-05-23T22:10:54.443+0700] {logging_mixin.py:149} INFO - [2023-05-23T22:10:54.443+0700] {dagbag.py:541} INFO - Filling up the DagBag from /home/nhattrieu/airflow/dags/tasks_2_20230523.py
[2023-05-23T22:10:54.445+0700] {logging_mixin.py:149} INFO - ===============Processing: /dags/json/tasks_2_20230523220316.json================
[2023-05-23T22:10:54.445+0700] {processor.py:836} INFO - DAG(s) dict_keys(['tasks_2_20230523']) retrieved from /home/nhattrieu/airflow/dags/tasks_2_20230523.py
[2023-05-23T22:10:54.462+0700] {logging_mixin.py:149} INFO - [2023-05-23T22:10:54.462+0700] {dag.py:2726} INFO - Sync 1 DAGs
[2023-05-23T22:10:54.477+0700] {logging_mixin.py:149} INFO - [2023-05-23T22:10:54.477+0700] {dag.py:3486} INFO - Setting next_dagrun for tasks_2_20230523 to 2022-05-05T00:00:00+00:00, run_after=2022-05-06T00:00:00+00:00
[2023-05-23T22:10:54.488+0700] {processor.py:179} INFO - Processing /home/nhattrieu/airflow/dags/tasks_2_20230523.py took 0.048 seconds
[2023-05-23T22:11:24.953+0700] {processor.py:157} INFO - Started process (PID=37437) to work on /home/nhattrieu/airflow/dags/tasks_2_20230523.py
[2023-05-23T22:11:24.954+0700] {processor.py:826} INFO - Processing file /home/nhattrieu/airflow/dags/tasks_2_20230523.py for tasks to queue
[2023-05-23T22:11:24.954+0700] {logging_mixin.py:149} INFO - [2023-05-23T22:11:24.954+0700] {dagbag.py:541} INFO - Filling up the DagBag from /home/nhattrieu/airflow/dags/tasks_2_20230523.py
[2023-05-23T22:11:24.957+0700] {logging_mixin.py:149} INFO - ===============Processing: /dags/json/tasks_2_20230523220316.json================
[2023-05-23T22:11:24.958+0700] {processor.py:836} INFO - DAG(s) dict_keys(['tasks_2_20230523']) retrieved from /home/nhattrieu/airflow/dags/tasks_2_20230523.py
[2023-05-23T22:11:24.988+0700] {logging_mixin.py:149} INFO - [2023-05-23T22:11:24.988+0700] {dag.py:2726} INFO - Sync 1 DAGs
[2023-05-23T22:11:25.016+0700] {logging_mixin.py:149} INFO - [2023-05-23T22:11:25.016+0700] {dag.py:3486} INFO - Setting next_dagrun for tasks_2_20230523 to 2022-05-05T00:00:00+00:00, run_after=2022-05-06T00:00:00+00:00
[2023-05-23T22:11:25.037+0700] {processor.py:179} INFO - Processing /home/nhattrieu/airflow/dags/tasks_2_20230523.py took 0.087 seconds
[2023-05-23T22:11:55.557+0700] {processor.py:157} INFO - Started process (PID=37755) to work on /home/nhattrieu/airflow/dags/tasks_2_20230523.py
[2023-05-23T22:11:55.558+0700] {processor.py:826} INFO - Processing file /home/nhattrieu/airflow/dags/tasks_2_20230523.py for tasks to queue
[2023-05-23T22:11:55.558+0700] {logging_mixin.py:149} INFO - [2023-05-23T22:11:55.558+0700] {dagbag.py:541} INFO - Filling up the DagBag from /home/nhattrieu/airflow/dags/tasks_2_20230523.py
[2023-05-23T22:11:55.559+0700] {logging_mixin.py:149} INFO - ===============Processing: /dags/json/tasks_2_20230523220316.json================
[2023-05-23T22:11:55.560+0700] {processor.py:836} INFO - DAG(s) dict_keys(['tasks_2_20230523']) retrieved from /home/nhattrieu/airflow/dags/tasks_2_20230523.py
[2023-05-23T22:11:55.577+0700] {logging_mixin.py:149} INFO - [2023-05-23T22:11:55.577+0700] {dag.py:2726} INFO - Sync 1 DAGs
[2023-05-23T22:11:55.591+0700] {logging_mixin.py:149} INFO - [2023-05-23T22:11:55.591+0700] {dag.py:3486} INFO - Setting next_dagrun for tasks_2_20230523 to 2022-05-05T00:00:00+00:00, run_after=2022-05-06T00:00:00+00:00
[2023-05-23T22:11:55.600+0700] {processor.py:179} INFO - Processing /home/nhattrieu/airflow/dags/tasks_2_20230523.py took 0.044 seconds
[2023-05-23T22:12:25.799+0700] {processor.py:157} INFO - Started process (PID=38015) to work on /home/nhattrieu/airflow/dags/tasks_2_20230523.py
[2023-05-23T22:12:25.799+0700] {processor.py:826} INFO - Processing file /home/nhattrieu/airflow/dags/tasks_2_20230523.py for tasks to queue
[2023-05-23T22:12:25.800+0700] {logging_mixin.py:149} INFO - [2023-05-23T22:12:25.799+0700] {dagbag.py:541} INFO - Filling up the DagBag from /home/nhattrieu/airflow/dags/tasks_2_20230523.py
[2023-05-23T22:12:25.801+0700] {logging_mixin.py:149} INFO - ===============Processing: /dags/json/tasks_2_20230523220316.json================
[2023-05-23T22:12:25.801+0700] {processor.py:836} INFO - DAG(s) dict_keys(['tasks_2_20230523']) retrieved from /home/nhattrieu/airflow/dags/tasks_2_20230523.py
[2023-05-23T22:12:25.818+0700] {logging_mixin.py:149} INFO - [2023-05-23T22:12:25.818+0700] {dag.py:2726} INFO - Sync 1 DAGs
[2023-05-23T22:12:25.833+0700] {logging_mixin.py:149} INFO - [2023-05-23T22:12:25.833+0700] {dag.py:3486} INFO - Setting next_dagrun for tasks_2_20230523 to 2022-05-05T00:00:00+00:00, run_after=2022-05-06T00:00:00+00:00
[2023-05-23T22:12:25.845+0700] {processor.py:179} INFO - Processing /home/nhattrieu/airflow/dags/tasks_2_20230523.py took 0.048 seconds
[2023-05-23T22:12:56.107+0700] {processor.py:157} INFO - Started process (PID=38292) to work on /home/nhattrieu/airflow/dags/tasks_2_20230523.py
[2023-05-23T22:12:56.108+0700] {processor.py:826} INFO - Processing file /home/nhattrieu/airflow/dags/tasks_2_20230523.py for tasks to queue
[2023-05-23T22:12:56.109+0700] {logging_mixin.py:149} INFO - [2023-05-23T22:12:56.108+0700] {dagbag.py:541} INFO - Filling up the DagBag from /home/nhattrieu/airflow/dags/tasks_2_20230523.py
[2023-05-23T22:12:56.112+0700] {logging_mixin.py:149} INFO - ===============Processing: /dags/json/tasks_2_20230523220316.json================
[2023-05-23T22:12:56.112+0700] {processor.py:836} INFO - DAG(s) dict_keys(['tasks_2_20230523']) retrieved from /home/nhattrieu/airflow/dags/tasks_2_20230523.py
[2023-05-23T22:12:56.138+0700] {logging_mixin.py:149} INFO - [2023-05-23T22:12:56.138+0700] {dag.py:2726} INFO - Sync 1 DAGs
[2023-05-23T22:12:56.159+0700] {logging_mixin.py:149} INFO - [2023-05-23T22:12:56.159+0700] {dag.py:3486} INFO - Setting next_dagrun for tasks_2_20230523 to 2022-05-05T00:00:00+00:00, run_after=2022-05-06T00:00:00+00:00
[2023-05-23T22:12:56.170+0700] {processor.py:179} INFO - Processing /home/nhattrieu/airflow/dags/tasks_2_20230523.py took 0.067 seconds
[2023-05-23T22:13:26.210+0700] {processor.py:157} INFO - Started process (PID=38476) to work on /home/nhattrieu/airflow/dags/tasks_2_20230523.py
[2023-05-23T22:13:26.211+0700] {processor.py:826} INFO - Processing file /home/nhattrieu/airflow/dags/tasks_2_20230523.py for tasks to queue
[2023-05-23T22:13:26.211+0700] {logging_mixin.py:149} INFO - [2023-05-23T22:13:26.211+0700] {dagbag.py:541} INFO - Filling up the DagBag from /home/nhattrieu/airflow/dags/tasks_2_20230523.py
[2023-05-23T22:13:26.213+0700] {logging_mixin.py:149} INFO - ===============Processing: /dags/json/tasks_2_20230523220316.json================
[2023-05-23T22:13:26.213+0700] {processor.py:836} INFO - DAG(s) dict_keys(['tasks_2_20230523']) retrieved from /home/nhattrieu/airflow/dags/tasks_2_20230523.py
[2023-05-23T22:13:26.228+0700] {logging_mixin.py:149} INFO - [2023-05-23T22:13:26.228+0700] {dag.py:2726} INFO - Sync 1 DAGs
[2023-05-23T22:13:26.241+0700] {logging_mixin.py:149} INFO - [2023-05-23T22:13:26.241+0700] {dag.py:3486} INFO - Setting next_dagrun for tasks_2_20230523 to 2022-05-05T00:00:00+00:00, run_after=2022-05-06T00:00:00+00:00
[2023-05-23T22:13:26.250+0700] {processor.py:179} INFO - Processing /home/nhattrieu/airflow/dags/tasks_2_20230523.py took 0.042 seconds
[2023-05-23T22:13:56.313+0700] {processor.py:157} INFO - Started process (PID=38717) to work on /home/nhattrieu/airflow/dags/tasks_2_20230523.py
[2023-05-23T22:13:56.314+0700] {processor.py:826} INFO - Processing file /home/nhattrieu/airflow/dags/tasks_2_20230523.py for tasks to queue
[2023-05-23T22:13:56.314+0700] {logging_mixin.py:149} INFO - [2023-05-23T22:13:56.314+0700] {dagbag.py:541} INFO - Filling up the DagBag from /home/nhattrieu/airflow/dags/tasks_2_20230523.py
[2023-05-23T22:13:56.317+0700] {logging_mixin.py:149} INFO - ===============Processing: /dags/json/tasks_2_20230523220316.json================
[2023-05-23T22:13:56.317+0700] {processor.py:836} INFO - DAG(s) dict_keys(['tasks_2_20230523']) retrieved from /home/nhattrieu/airflow/dags/tasks_2_20230523.py
[2023-05-23T22:13:56.344+0700] {logging_mixin.py:149} INFO - [2023-05-23T22:13:56.344+0700] {dag.py:2726} INFO - Sync 1 DAGs
[2023-05-23T22:13:56.368+0700] {logging_mixin.py:149} INFO - [2023-05-23T22:13:56.368+0700] {dag.py:3486} INFO - Setting next_dagrun for tasks_2_20230523 to 2022-05-05T00:00:00+00:00, run_after=2022-05-06T00:00:00+00:00
[2023-05-23T22:13:56.385+0700] {processor.py:179} INFO - Processing /home/nhattrieu/airflow/dags/tasks_2_20230523.py took 0.075 seconds
[2023-05-23T22:14:26.722+0700] {processor.py:157} INFO - Started process (PID=38933) to work on /home/nhattrieu/airflow/dags/tasks_2_20230523.py
[2023-05-23T22:14:26.722+0700] {processor.py:826} INFO - Processing file /home/nhattrieu/airflow/dags/tasks_2_20230523.py for tasks to queue
[2023-05-23T22:14:26.723+0700] {logging_mixin.py:149} INFO - [2023-05-23T22:14:26.723+0700] {dagbag.py:541} INFO - Filling up the DagBag from /home/nhattrieu/airflow/dags/tasks_2_20230523.py
[2023-05-23T22:14:26.724+0700] {logging_mixin.py:149} INFO - ===============Processing: /dags/json/tasks_2_20230523220316.json================
[2023-05-23T22:14:26.725+0700] {processor.py:836} INFO - DAG(s) dict_keys(['tasks_2_20230523']) retrieved from /home/nhattrieu/airflow/dags/tasks_2_20230523.py
[2023-05-23T22:14:26.745+0700] {logging_mixin.py:149} INFO - [2023-05-23T22:14:26.744+0700] {dag.py:2726} INFO - Sync 1 DAGs
[2023-05-23T22:14:26.760+0700] {logging_mixin.py:149} INFO - [2023-05-23T22:14:26.760+0700] {dag.py:3486} INFO - Setting next_dagrun for tasks_2_20230523 to 2022-05-05T00:00:00+00:00, run_after=2022-05-06T00:00:00+00:00
[2023-05-23T22:14:26.773+0700] {processor.py:179} INFO - Processing /home/nhattrieu/airflow/dags/tasks_2_20230523.py took 0.053 seconds
[2023-05-23T22:14:57.008+0700] {processor.py:157} INFO - Started process (PID=39135) to work on /home/nhattrieu/airflow/dags/tasks_2_20230523.py
[2023-05-23T22:14:57.009+0700] {processor.py:826} INFO - Processing file /home/nhattrieu/airflow/dags/tasks_2_20230523.py for tasks to queue
[2023-05-23T22:14:57.010+0700] {logging_mixin.py:149} INFO - [2023-05-23T22:14:57.010+0700] {dagbag.py:541} INFO - Filling up the DagBag from /home/nhattrieu/airflow/dags/tasks_2_20230523.py
[2023-05-23T22:14:57.012+0700] {logging_mixin.py:149} INFO - ===============Processing: /dags/json/tasks_2_20230523220316.json================
[2023-05-23T22:14:57.013+0700] {processor.py:836} INFO - DAG(s) dict_keys(['tasks_2_20230523']) retrieved from /home/nhattrieu/airflow/dags/tasks_2_20230523.py
[2023-05-23T22:14:57.036+0700] {logging_mixin.py:149} INFO - [2023-05-23T22:14:57.036+0700] {dag.py:2726} INFO - Sync 1 DAGs
[2023-05-23T22:14:57.051+0700] {logging_mixin.py:149} INFO - [2023-05-23T22:14:57.051+0700] {dag.py:3486} INFO - Setting next_dagrun for tasks_2_20230523 to 2022-05-05T00:00:00+00:00, run_after=2022-05-06T00:00:00+00:00
[2023-05-23T22:14:57.062+0700] {processor.py:179} INFO - Processing /home/nhattrieu/airflow/dags/tasks_2_20230523.py took 0.058 seconds
[2023-05-23T22:15:27.154+0700] {processor.py:157} INFO - Started process (PID=39435) to work on /home/nhattrieu/airflow/dags/tasks_2_20230523.py
[2023-05-23T22:15:27.155+0700] {processor.py:826} INFO - Processing file /home/nhattrieu/airflow/dags/tasks_2_20230523.py for tasks to queue
[2023-05-23T22:15:27.156+0700] {logging_mixin.py:149} INFO - [2023-05-23T22:15:27.155+0700] {dagbag.py:541} INFO - Filling up the DagBag from /home/nhattrieu/airflow/dags/tasks_2_20230523.py
[2023-05-23T22:15:27.158+0700] {logging_mixin.py:149} INFO - ===============Processing: /dags/json/tasks_2_20230523220316.json================
[2023-05-23T22:15:27.158+0700] {processor.py:836} INFO - DAG(s) dict_keys(['tasks_2_20230523']) retrieved from /home/nhattrieu/airflow/dags/tasks_2_20230523.py
[2023-05-23T22:15:27.180+0700] {logging_mixin.py:149} INFO - [2023-05-23T22:15:27.180+0700] {dag.py:2726} INFO - Sync 1 DAGs
[2023-05-23T22:15:27.194+0700] {logging_mixin.py:149} INFO - [2023-05-23T22:15:27.194+0700] {dag.py:3486} INFO - Setting next_dagrun for tasks_2_20230523 to 2022-05-05T00:00:00+00:00, run_after=2022-05-06T00:00:00+00:00
[2023-05-23T22:15:27.204+0700] {processor.py:179} INFO - Processing /home/nhattrieu/airflow/dags/tasks_2_20230523.py took 0.054 seconds
[2023-05-23T22:15:57.399+0700] {processor.py:157} INFO - Started process (PID=39890) to work on /home/nhattrieu/airflow/dags/tasks_2_20230523.py
[2023-05-23T22:15:57.400+0700] {processor.py:826} INFO - Processing file /home/nhattrieu/airflow/dags/tasks_2_20230523.py for tasks to queue
[2023-05-23T22:15:57.401+0700] {logging_mixin.py:149} INFO - [2023-05-23T22:15:57.401+0700] {dagbag.py:541} INFO - Filling up the DagBag from /home/nhattrieu/airflow/dags/tasks_2_20230523.py
[2023-05-23T22:15:57.404+0700] {logging_mixin.py:149} INFO - ===============Processing: /dags/json/tasks_2_20230523220316.json================
[2023-05-23T22:15:57.404+0700] {processor.py:836} INFO - DAG(s) dict_keys(['tasks_2_20230523']) retrieved from /home/nhattrieu/airflow/dags/tasks_2_20230523.py
[2023-05-23T22:15:57.433+0700] {logging_mixin.py:149} INFO - [2023-05-23T22:15:57.433+0700] {dag.py:2726} INFO - Sync 1 DAGs
[2023-05-23T22:15:57.457+0700] {logging_mixin.py:149} INFO - [2023-05-23T22:15:57.457+0700] {dag.py:3486} INFO - Setting next_dagrun for tasks_2_20230523 to 2022-05-05T00:00:00+00:00, run_after=2022-05-06T00:00:00+00:00
[2023-05-23T22:15:57.468+0700] {processor.py:179} INFO - Processing /home/nhattrieu/airflow/dags/tasks_2_20230523.py took 0.073 seconds
[2023-05-23T22:16:27.612+0700] {processor.py:157} INFO - Started process (PID=40262) to work on /home/nhattrieu/airflow/dags/tasks_2_20230523.py
[2023-05-23T22:16:27.613+0700] {processor.py:826} INFO - Processing file /home/nhattrieu/airflow/dags/tasks_2_20230523.py for tasks to queue
[2023-05-23T22:16:27.614+0700] {logging_mixin.py:149} INFO - [2023-05-23T22:16:27.614+0700] {dagbag.py:541} INFO - Filling up the DagBag from /home/nhattrieu/airflow/dags/tasks_2_20230523.py
[2023-05-23T22:16:27.616+0700] {logging_mixin.py:149} INFO - ===============Processing: /dags/json/tasks_2_20230523220316.json================
[2023-05-23T22:16:27.617+0700] {processor.py:836} INFO - DAG(s) dict_keys(['tasks_2_20230523']) retrieved from /home/nhattrieu/airflow/dags/tasks_2_20230523.py
[2023-05-23T22:16:27.641+0700] {logging_mixin.py:149} INFO - [2023-05-23T22:16:27.641+0700] {dag.py:2726} INFO - Sync 1 DAGs
[2023-05-23T22:16:27.655+0700] {logging_mixin.py:149} INFO - [2023-05-23T22:16:27.655+0700] {dag.py:3486} INFO - Setting next_dagrun for tasks_2_20230523 to 2022-05-05T00:00:00+00:00, run_after=2022-05-06T00:00:00+00:00
[2023-05-23T22:16:27.665+0700] {processor.py:179} INFO - Processing /home/nhattrieu/airflow/dags/tasks_2_20230523.py took 0.057 seconds
[2023-05-23T22:16:57.956+0700] {processor.py:157} INFO - Started process (PID=40537) to work on /home/nhattrieu/airflow/dags/tasks_2_20230523.py
[2023-05-23T22:16:57.957+0700] {processor.py:826} INFO - Processing file /home/nhattrieu/airflow/dags/tasks_2_20230523.py for tasks to queue
[2023-05-23T22:16:57.958+0700] {logging_mixin.py:149} INFO - [2023-05-23T22:16:57.958+0700] {dagbag.py:541} INFO - Filling up the DagBag from /home/nhattrieu/airflow/dags/tasks_2_20230523.py
[2023-05-23T22:16:57.960+0700] {logging_mixin.py:149} INFO - ===============Processing: /dags/json/tasks_2_20230523220316.json================
[2023-05-23T22:16:57.960+0700] {processor.py:836} INFO - DAG(s) dict_keys(['tasks_2_20230523']) retrieved from /home/nhattrieu/airflow/dags/tasks_2_20230523.py
[2023-05-23T22:16:57.981+0700] {logging_mixin.py:149} INFO - [2023-05-23T22:16:57.981+0700] {dag.py:2726} INFO - Sync 1 DAGs
[2023-05-23T22:16:58.000+0700] {logging_mixin.py:149} INFO - [2023-05-23T22:16:58.000+0700] {dag.py:3486} INFO - Setting next_dagrun for tasks_2_20230523 to 2022-05-05T00:00:00+00:00, run_after=2022-05-06T00:00:00+00:00
[2023-05-23T22:16:58.012+0700] {processor.py:179} INFO - Processing /home/nhattrieu/airflow/dags/tasks_2_20230523.py took 0.060 seconds
[2023-05-23T22:17:28.422+0700] {processor.py:157} INFO - Started process (PID=40796) to work on /home/nhattrieu/airflow/dags/tasks_2_20230523.py
[2023-05-23T22:17:28.423+0700] {processor.py:826} INFO - Processing file /home/nhattrieu/airflow/dags/tasks_2_20230523.py for tasks to queue
[2023-05-23T22:17:28.424+0700] {logging_mixin.py:149} INFO - [2023-05-23T22:17:28.424+0700] {dagbag.py:541} INFO - Filling up the DagBag from /home/nhattrieu/airflow/dags/tasks_2_20230523.py
[2023-05-23T22:17:28.426+0700] {logging_mixin.py:149} INFO - ===============Processing: /dags/json/tasks_2_20230523220316.json================
[2023-05-23T22:17:28.426+0700] {processor.py:836} INFO - DAG(s) dict_keys(['tasks_2_20230523']) retrieved from /home/nhattrieu/airflow/dags/tasks_2_20230523.py
[2023-05-23T22:17:28.453+0700] {logging_mixin.py:149} INFO - [2023-05-23T22:17:28.452+0700] {dag.py:2726} INFO - Sync 1 DAGs
[2023-05-23T22:17:28.473+0700] {logging_mixin.py:149} INFO - [2023-05-23T22:17:28.473+0700] {dag.py:3486} INFO - Setting next_dagrun for tasks_2_20230523 to 2022-05-05T00:00:00+00:00, run_after=2022-05-06T00:00:00+00:00
[2023-05-23T22:17:28.487+0700] {processor.py:179} INFO - Processing /home/nhattrieu/airflow/dags/tasks_2_20230523.py took 0.069 seconds
[2023-05-23T22:17:58.569+0700] {processor.py:157} INFO - Started process (PID=41008) to work on /home/nhattrieu/airflow/dags/tasks_2_20230523.py
[2023-05-23T22:17:58.570+0700] {processor.py:826} INFO - Processing file /home/nhattrieu/airflow/dags/tasks_2_20230523.py for tasks to queue
[2023-05-23T22:17:58.571+0700] {logging_mixin.py:149} INFO - [2023-05-23T22:17:58.571+0700] {dagbag.py:541} INFO - Filling up the DagBag from /home/nhattrieu/airflow/dags/tasks_2_20230523.py
[2023-05-23T22:17:58.574+0700] {logging_mixin.py:149} INFO - ===============Processing: /dags/json/tasks_2_20230523220316.json================
[2023-05-23T22:17:58.574+0700] {processor.py:836} INFO - DAG(s) dict_keys(['tasks_2_20230523']) retrieved from /home/nhattrieu/airflow/dags/tasks_2_20230523.py
[2023-05-23T22:17:58.602+0700] {logging_mixin.py:149} INFO - [2023-05-23T22:17:58.601+0700] {dag.py:2726} INFO - Sync 1 DAGs
[2023-05-23T22:17:58.617+0700] {logging_mixin.py:149} INFO - [2023-05-23T22:17:58.617+0700] {dag.py:3486} INFO - Setting next_dagrun for tasks_2_20230523 to 2022-05-05T00:00:00+00:00, run_after=2022-05-06T00:00:00+00:00
[2023-05-23T22:17:58.627+0700] {processor.py:179} INFO - Processing /home/nhattrieu/airflow/dags/tasks_2_20230523.py took 0.063 seconds
[2023-05-23T22:18:29.035+0700] {processor.py:157} INFO - Started process (PID=41271) to work on /home/nhattrieu/airflow/dags/tasks_2_20230523.py
[2023-05-23T22:18:29.036+0700] {processor.py:826} INFO - Processing file /home/nhattrieu/airflow/dags/tasks_2_20230523.py for tasks to queue
[2023-05-23T22:18:29.036+0700] {logging_mixin.py:149} INFO - [2023-05-23T22:18:29.036+0700] {dagbag.py:541} INFO - Filling up the DagBag from /home/nhattrieu/airflow/dags/tasks_2_20230523.py
[2023-05-23T22:18:29.038+0700] {logging_mixin.py:149} INFO - ===============Processing: /dags/json/tasks_2_20230523220316.json================
[2023-05-23T22:18:29.038+0700] {processor.py:836} INFO - DAG(s) dict_keys(['tasks_2_20230523']) retrieved from /home/nhattrieu/airflow/dags/tasks_2_20230523.py
[2023-05-23T22:18:29.054+0700] {logging_mixin.py:149} INFO - [2023-05-23T22:18:29.054+0700] {dag.py:2726} INFO - Sync 1 DAGs
[2023-05-23T22:18:29.068+0700] {logging_mixin.py:149} INFO - [2023-05-23T22:18:29.068+0700] {dag.py:3486} INFO - Setting next_dagrun for tasks_2_20230523 to 2022-05-05T00:00:00+00:00, run_after=2022-05-06T00:00:00+00:00
[2023-05-23T22:18:29.078+0700] {processor.py:179} INFO - Processing /home/nhattrieu/airflow/dags/tasks_2_20230523.py took 0.044 seconds
[2023-05-23T22:18:59.264+0700] {processor.py:157} INFO - Started process (PID=41495) to work on /home/nhattrieu/airflow/dags/tasks_2_20230523.py
[2023-05-23T22:18:59.264+0700] {processor.py:826} INFO - Processing file /home/nhattrieu/airflow/dags/tasks_2_20230523.py for tasks to queue
[2023-05-23T22:18:59.265+0700] {logging_mixin.py:149} INFO - [2023-05-23T22:18:59.264+0700] {dagbag.py:541} INFO - Filling up the DagBag from /home/nhattrieu/airflow/dags/tasks_2_20230523.py
[2023-05-23T22:18:59.266+0700] {logging_mixin.py:149} INFO - ===============Processing: /dags/json/tasks_2_20230523220316.json================
[2023-05-23T22:18:59.266+0700] {processor.py:836} INFO - DAG(s) dict_keys(['tasks_2_20230523']) retrieved from /home/nhattrieu/airflow/dags/tasks_2_20230523.py
[2023-05-23T22:18:59.282+0700] {logging_mixin.py:149} INFO - [2023-05-23T22:18:59.282+0700] {dag.py:2726} INFO - Sync 1 DAGs
[2023-05-23T22:18:59.296+0700] {logging_mixin.py:149} INFO - [2023-05-23T22:18:59.296+0700] {dag.py:3486} INFO - Setting next_dagrun for tasks_2_20230523 to 2022-05-05T00:00:00+00:00, run_after=2022-05-06T00:00:00+00:00
[2023-05-23T22:18:59.307+0700] {processor.py:179} INFO - Processing /home/nhattrieu/airflow/dags/tasks_2_20230523.py took 0.045 seconds
[2023-05-23T22:19:29.555+0700] {processor.py:157} INFO - Started process (PID=41856) to work on /home/nhattrieu/airflow/dags/tasks_2_20230523.py
[2023-05-23T22:19:29.556+0700] {processor.py:826} INFO - Processing file /home/nhattrieu/airflow/dags/tasks_2_20230523.py for tasks to queue
[2023-05-23T22:19:29.557+0700] {logging_mixin.py:149} INFO - [2023-05-23T22:19:29.557+0700] {dagbag.py:541} INFO - Filling up the DagBag from /home/nhattrieu/airflow/dags/tasks_2_20230523.py
[2023-05-23T22:19:29.559+0700] {logging_mixin.py:149} INFO - ===============Processing: /dags/json/tasks_2_20230523220316.json================
[2023-05-23T22:19:29.559+0700] {processor.py:836} INFO - DAG(s) dict_keys(['tasks_2_20230523']) retrieved from /home/nhattrieu/airflow/dags/tasks_2_20230523.py
[2023-05-23T22:19:29.580+0700] {logging_mixin.py:149} INFO - [2023-05-23T22:19:29.580+0700] {dag.py:2726} INFO - Sync 1 DAGs
[2023-05-23T22:19:29.597+0700] {logging_mixin.py:149} INFO - [2023-05-23T22:19:29.597+0700] {dag.py:3486} INFO - Setting next_dagrun for tasks_2_20230523 to 2022-05-05T00:00:00+00:00, run_after=2022-05-06T00:00:00+00:00
[2023-05-23T22:19:29.611+0700] {processor.py:179} INFO - Processing /home/nhattrieu/airflow/dags/tasks_2_20230523.py took 0.058 seconds
[2023-05-23T22:20:00.052+0700] {processor.py:157} INFO - Started process (PID=42168) to work on /home/nhattrieu/airflow/dags/tasks_2_20230523.py
[2023-05-23T22:20:00.053+0700] {processor.py:826} INFO - Processing file /home/nhattrieu/airflow/dags/tasks_2_20230523.py for tasks to queue
[2023-05-23T22:20:00.054+0700] {logging_mixin.py:149} INFO - [2023-05-23T22:20:00.054+0700] {dagbag.py:541} INFO - Filling up the DagBag from /home/nhattrieu/airflow/dags/tasks_2_20230523.py
[2023-05-23T22:20:00.056+0700] {logging_mixin.py:149} INFO - ===============Processing: /dags/json/tasks_2_20230523220316.json================
[2023-05-23T22:20:00.057+0700] {processor.py:836} INFO - DAG(s) dict_keys(['tasks_2_20230523']) retrieved from /home/nhattrieu/airflow/dags/tasks_2_20230523.py
[2023-05-23T22:20:00.078+0700] {logging_mixin.py:149} INFO - [2023-05-23T22:20:00.078+0700] {dag.py:2726} INFO - Sync 1 DAGs
[2023-05-23T22:20:00.092+0700] {logging_mixin.py:149} INFO - [2023-05-23T22:20:00.092+0700] {dag.py:3486} INFO - Setting next_dagrun for tasks_2_20230523 to 2022-05-05T00:00:00+00:00, run_after=2022-05-06T00:00:00+00:00
[2023-05-23T22:20:00.102+0700] {processor.py:179} INFO - Processing /home/nhattrieu/airflow/dags/tasks_2_20230523.py took 0.055 seconds
[2023-05-23T22:20:30.356+0700] {processor.py:157} INFO - Started process (PID=42350) to work on /home/nhattrieu/airflow/dags/tasks_2_20230523.py
[2023-05-23T22:20:30.357+0700] {processor.py:826} INFO - Processing file /home/nhattrieu/airflow/dags/tasks_2_20230523.py for tasks to queue
[2023-05-23T22:20:30.357+0700] {logging_mixin.py:149} INFO - [2023-05-23T22:20:30.357+0700] {dagbag.py:541} INFO - Filling up the DagBag from /home/nhattrieu/airflow/dags/tasks_2_20230523.py
[2023-05-23T22:20:30.358+0700] {logging_mixin.py:149} INFO - ===============Processing: /dags/json/tasks_2_20230523220316.json================
[2023-05-23T22:20:30.359+0700] {processor.py:836} INFO - DAG(s) dict_keys(['tasks_2_20230523']) retrieved from /home/nhattrieu/airflow/dags/tasks_2_20230523.py
[2023-05-23T22:20:30.374+0700] {logging_mixin.py:149} INFO - [2023-05-23T22:20:30.374+0700] {dag.py:2726} INFO - Sync 1 DAGs
[2023-05-23T22:20:30.390+0700] {logging_mixin.py:149} INFO - [2023-05-23T22:20:30.390+0700] {dag.py:3486} INFO - Setting next_dagrun for tasks_2_20230523 to 2022-05-05T00:00:00+00:00, run_after=2022-05-06T00:00:00+00:00
[2023-05-23T22:20:30.403+0700] {processor.py:179} INFO - Processing /home/nhattrieu/airflow/dags/tasks_2_20230523.py took 0.048 seconds
[2023-05-23T22:21:00.658+0700] {processor.py:157} INFO - Started process (PID=42639) to work on /home/nhattrieu/airflow/dags/tasks_2_20230523.py
[2023-05-23T22:21:00.659+0700] {processor.py:826} INFO - Processing file /home/nhattrieu/airflow/dags/tasks_2_20230523.py for tasks to queue
[2023-05-23T22:21:00.659+0700] {logging_mixin.py:149} INFO - [2023-05-23T22:21:00.659+0700] {dagbag.py:541} INFO - Filling up the DagBag from /home/nhattrieu/airflow/dags/tasks_2_20230523.py
[2023-05-23T22:21:00.660+0700] {logging_mixin.py:149} INFO - ===============Processing: /dags/json/tasks_2_20230523220316.json================
[2023-05-23T22:21:00.661+0700] {processor.py:836} INFO - DAG(s) dict_keys(['tasks_2_20230523']) retrieved from /home/nhattrieu/airflow/dags/tasks_2_20230523.py
[2023-05-23T22:21:00.680+0700] {logging_mixin.py:149} INFO - [2023-05-23T22:21:00.680+0700] {dag.py:2726} INFO - Sync 1 DAGs
[2023-05-23T22:21:00.695+0700] {logging_mixin.py:149} INFO - [2023-05-23T22:21:00.695+0700] {dag.py:3486} INFO - Setting next_dagrun for tasks_2_20230523 to 2022-05-05T00:00:00+00:00, run_after=2022-05-06T00:00:00+00:00
[2023-05-23T22:21:00.707+0700] {processor.py:179} INFO - Processing /home/nhattrieu/airflow/dags/tasks_2_20230523.py took 0.051 seconds
[2023-05-23T22:21:31.194+0700] {processor.py:157} INFO - Started process (PID=42833) to work on /home/nhattrieu/airflow/dags/tasks_2_20230523.py
[2023-05-23T22:21:31.195+0700] {processor.py:826} INFO - Processing file /home/nhattrieu/airflow/dags/tasks_2_20230523.py for tasks to queue
[2023-05-23T22:21:31.195+0700] {logging_mixin.py:149} INFO - [2023-05-23T22:21:31.195+0700] {dagbag.py:541} INFO - Filling up the DagBag from /home/nhattrieu/airflow/dags/tasks_2_20230523.py
[2023-05-23T22:21:31.196+0700] {logging_mixin.py:149} INFO - ===============Processing: /dags/json/tasks_2_20230523220316.json================
[2023-05-23T22:21:31.196+0700] {processor.py:836} INFO - DAG(s) dict_keys(['tasks_2_20230523']) retrieved from /home/nhattrieu/airflow/dags/tasks_2_20230523.py
[2023-05-23T22:21:31.211+0700] {logging_mixin.py:149} INFO - [2023-05-23T22:21:31.211+0700] {dag.py:2726} INFO - Sync 1 DAGs
[2023-05-23T22:21:31.225+0700] {logging_mixin.py:149} INFO - [2023-05-23T22:21:31.224+0700] {dag.py:3486} INFO - Setting next_dagrun for tasks_2_20230523 to 2022-05-05T00:00:00+00:00, run_after=2022-05-06T00:00:00+00:00
[2023-05-23T22:21:31.234+0700] {processor.py:179} INFO - Processing /home/nhattrieu/airflow/dags/tasks_2_20230523.py took 0.041 seconds
[2023-05-23T22:22:01.554+0700] {processor.py:157} INFO - Started process (PID=43116) to work on /home/nhattrieu/airflow/dags/tasks_2_20230523.py
[2023-05-23T22:22:01.555+0700] {processor.py:826} INFO - Processing file /home/nhattrieu/airflow/dags/tasks_2_20230523.py for tasks to queue
[2023-05-23T22:22:01.555+0700] {logging_mixin.py:149} INFO - [2023-05-23T22:22:01.555+0700] {dagbag.py:541} INFO - Filling up the DagBag from /home/nhattrieu/airflow/dags/tasks_2_20230523.py
[2023-05-23T22:22:01.558+0700] {logging_mixin.py:149} INFO - ===============Processing: /dags/json/tasks_2_20230523220316.json================
[2023-05-23T22:22:01.558+0700] {processor.py:836} INFO - DAG(s) dict_keys(['tasks_2_20230523']) retrieved from /home/nhattrieu/airflow/dags/tasks_2_20230523.py
[2023-05-23T22:22:01.588+0700] {logging_mixin.py:149} INFO - [2023-05-23T22:22:01.588+0700] {dag.py:2726} INFO - Sync 1 DAGs
[2023-05-23T22:22:01.603+0700] {logging_mixin.py:149} INFO - [2023-05-23T22:22:01.603+0700] {dag.py:3486} INFO - Setting next_dagrun for tasks_2_20230523 to 2022-05-05T00:00:00+00:00, run_after=2022-05-06T00:00:00+00:00
[2023-05-23T22:22:01.612+0700] {processor.py:179} INFO - Processing /home/nhattrieu/airflow/dags/tasks_2_20230523.py took 0.063 seconds
[2023-05-23T22:22:31.899+0700] {processor.py:157} INFO - Started process (PID=43305) to work on /home/nhattrieu/airflow/dags/tasks_2_20230523.py
[2023-05-23T22:22:31.900+0700] {processor.py:826} INFO - Processing file /home/nhattrieu/airflow/dags/tasks_2_20230523.py for tasks to queue
[2023-05-23T22:22:31.901+0700] {logging_mixin.py:149} INFO - [2023-05-23T22:22:31.901+0700] {dagbag.py:541} INFO - Filling up the DagBag from /home/nhattrieu/airflow/dags/tasks_2_20230523.py
[2023-05-23T22:22:31.902+0700] {logging_mixin.py:149} INFO - ===============Processing: /dags/json/tasks_2_20230523220316.json================
[2023-05-23T22:22:31.903+0700] {processor.py:836} INFO - DAG(s) dict_keys(['tasks_2_20230523']) retrieved from /home/nhattrieu/airflow/dags/tasks_2_20230523.py
[2023-05-23T22:22:31.926+0700] {logging_mixin.py:149} INFO - [2023-05-23T22:22:31.926+0700] {dag.py:2726} INFO - Sync 1 DAGs
[2023-05-23T22:22:31.952+0700] {logging_mixin.py:149} INFO - [2023-05-23T22:22:31.951+0700] {dag.py:3486} INFO - Setting next_dagrun for tasks_2_20230523 to 2022-05-05T00:00:00+00:00, run_after=2022-05-06T00:00:00+00:00
[2023-05-23T22:22:31.972+0700] {processor.py:179} INFO - Processing /home/nhattrieu/airflow/dags/tasks_2_20230523.py took 0.074 seconds
[2023-05-23T22:23:02.093+0700] {processor.py:157} INFO - Started process (PID=43520) to work on /home/nhattrieu/airflow/dags/tasks_2_20230523.py
[2023-05-23T22:23:02.095+0700] {processor.py:826} INFO - Processing file /home/nhattrieu/airflow/dags/tasks_2_20230523.py for tasks to queue
[2023-05-23T22:23:02.096+0700] {logging_mixin.py:149} INFO - [2023-05-23T22:23:02.096+0700] {dagbag.py:541} INFO - Filling up the DagBag from /home/nhattrieu/airflow/dags/tasks_2_20230523.py
[2023-05-23T22:23:02.102+0700] {logging_mixin.py:149} INFO - ===============Processing: /dags/json/tasks_2_20230523220316.json================
[2023-05-23T22:23:02.104+0700] {processor.py:836} INFO - DAG(s) dict_keys(['tasks_2_20230523']) retrieved from /home/nhattrieu/airflow/dags/tasks_2_20230523.py
[2023-05-23T22:23:02.171+0700] {logging_mixin.py:149} INFO - [2023-05-23T22:23:02.171+0700] {dag.py:2726} INFO - Sync 1 DAGs
[2023-05-23T22:23:02.228+0700] {logging_mixin.py:149} INFO - [2023-05-23T22:23:02.228+0700] {dag.py:3486} INFO - Setting next_dagrun for tasks_2_20230523 to 2022-05-05T00:00:00+00:00, run_after=2022-05-06T00:00:00+00:00
[2023-05-23T22:23:02.269+0700] {processor.py:179} INFO - Processing /home/nhattrieu/airflow/dags/tasks_2_20230523.py took 0.184 seconds
[2023-05-23T22:23:33.186+0700] {processor.py:157} INFO - Started process (PID=43839) to work on /home/nhattrieu/airflow/dags/tasks_2_20230523.py
[2023-05-23T22:23:33.187+0700] {processor.py:826} INFO - Processing file /home/nhattrieu/airflow/dags/tasks_2_20230523.py for tasks to queue
[2023-05-23T22:23:33.188+0700] {logging_mixin.py:149} INFO - [2023-05-23T22:23:33.188+0700] {dagbag.py:541} INFO - Filling up the DagBag from /home/nhattrieu/airflow/dags/tasks_2_20230523.py
[2023-05-23T22:23:33.191+0700] {logging_mixin.py:149} INFO - ===============Processing: /dags/json/tasks_2_20230523220316.json================
[2023-05-23T22:23:33.191+0700] {processor.py:836} INFO - DAG(s) dict_keys(['tasks_2_20230523']) retrieved from /home/nhattrieu/airflow/dags/tasks_2_20230523.py
[2023-05-23T22:23:33.215+0700] {logging_mixin.py:149} INFO - [2023-05-23T22:23:33.215+0700] {dag.py:2726} INFO - Sync 1 DAGs
[2023-05-23T22:23:33.232+0700] {logging_mixin.py:149} INFO - [2023-05-23T22:23:33.232+0700] {dag.py:3486} INFO - Setting next_dagrun for tasks_2_20230523 to 2022-05-05T00:00:00+00:00, run_after=2022-05-06T00:00:00+00:00
[2023-05-23T22:23:33.242+0700] {processor.py:179} INFO - Processing /home/nhattrieu/airflow/dags/tasks_2_20230523.py took 0.061 seconds
[2023-05-23T22:24:03.494+0700] {processor.py:157} INFO - Started process (PID=44058) to work on /home/nhattrieu/airflow/dags/tasks_2_20230523.py
[2023-05-23T22:24:03.495+0700] {processor.py:826} INFO - Processing file /home/nhattrieu/airflow/dags/tasks_2_20230523.py for tasks to queue
[2023-05-23T22:24:03.495+0700] {logging_mixin.py:149} INFO - [2023-05-23T22:24:03.495+0700] {dagbag.py:541} INFO - Filling up the DagBag from /home/nhattrieu/airflow/dags/tasks_2_20230523.py
[2023-05-23T22:24:03.497+0700] {logging_mixin.py:149} INFO - ===============Processing: /dags/json/tasks_2_20230523220316.json================
[2023-05-23T22:24:03.498+0700] {processor.py:836} INFO - DAG(s) dict_keys(['tasks_2_20230523']) retrieved from /home/nhattrieu/airflow/dags/tasks_2_20230523.py
[2023-05-23T22:24:03.522+0700] {logging_mixin.py:149} INFO - [2023-05-23T22:24:03.522+0700] {dag.py:2726} INFO - Sync 1 DAGs
[2023-05-23T22:24:03.539+0700] {logging_mixin.py:149} INFO - [2023-05-23T22:24:03.539+0700] {dag.py:3486} INFO - Setting next_dagrun for tasks_2_20230523 to 2022-05-05T00:00:00+00:00, run_after=2022-05-06T00:00:00+00:00
[2023-05-23T22:24:03.552+0700] {processor.py:179} INFO - Processing /home/nhattrieu/airflow/dags/tasks_2_20230523.py took 0.061 seconds
[2023-05-23T22:24:33.967+0700] {processor.py:157} INFO - Started process (PID=44314) to work on /home/nhattrieu/airflow/dags/tasks_2_20230523.py
[2023-05-23T22:24:33.967+0700] {processor.py:826} INFO - Processing file /home/nhattrieu/airflow/dags/tasks_2_20230523.py for tasks to queue
[2023-05-23T22:24:33.968+0700] {logging_mixin.py:149} INFO - [2023-05-23T22:24:33.968+0700] {dagbag.py:541} INFO - Filling up the DagBag from /home/nhattrieu/airflow/dags/tasks_2_20230523.py
[2023-05-23T22:24:33.969+0700] {logging_mixin.py:149} INFO - ===============Processing: /dags/json/tasks_2_20230523220316.json================
[2023-05-23T22:24:33.969+0700] {processor.py:836} INFO - DAG(s) dict_keys(['tasks_2_20230523']) retrieved from /home/nhattrieu/airflow/dags/tasks_2_20230523.py
[2023-05-23T22:24:33.989+0700] {logging_mixin.py:149} INFO - [2023-05-23T22:24:33.989+0700] {dag.py:2726} INFO - Sync 1 DAGs
[2023-05-23T22:24:34.007+0700] {logging_mixin.py:149} INFO - [2023-05-23T22:24:34.006+0700] {dag.py:3486} INFO - Setting next_dagrun for tasks_2_20230523 to 2022-05-05T00:00:00+00:00, run_after=2022-05-06T00:00:00+00:00
[2023-05-23T22:24:34.028+0700] {processor.py:179} INFO - Processing /home/nhattrieu/airflow/dags/tasks_2_20230523.py took 0.063 seconds
[2023-05-23T22:25:04.180+0700] {processor.py:157} INFO - Started process (PID=44529) to work on /home/nhattrieu/airflow/dags/tasks_2_20230523.py
[2023-05-23T22:25:04.181+0700] {processor.py:826} INFO - Processing file /home/nhattrieu/airflow/dags/tasks_2_20230523.py for tasks to queue
[2023-05-23T22:25:04.182+0700] {logging_mixin.py:149} INFO - [2023-05-23T22:25:04.182+0700] {dagbag.py:541} INFO - Filling up the DagBag from /home/nhattrieu/airflow/dags/tasks_2_20230523.py
[2023-05-23T22:25:04.184+0700] {logging_mixin.py:149} INFO - ===============Processing: /dags/json/tasks_2_20230523220316.json================
[2023-05-23T22:25:04.185+0700] {processor.py:836} INFO - DAG(s) dict_keys(['tasks_2_20230523']) retrieved from /home/nhattrieu/airflow/dags/tasks_2_20230523.py
[2023-05-23T22:25:04.208+0700] {logging_mixin.py:149} INFO - [2023-05-23T22:25:04.208+0700] {dag.py:2726} INFO - Sync 1 DAGs
[2023-05-23T22:25:04.222+0700] {logging_mixin.py:149} INFO - [2023-05-23T22:25:04.222+0700] {dag.py:3486} INFO - Setting next_dagrun for tasks_2_20230523 to 2022-05-05T00:00:00+00:00, run_after=2022-05-06T00:00:00+00:00
[2023-05-23T22:25:04.231+0700] {processor.py:179} INFO - Processing /home/nhattrieu/airflow/dags/tasks_2_20230523.py took 0.056 seconds
[2023-05-23T22:25:34.605+0700] {processor.py:157} INFO - Started process (PID=44747) to work on /home/nhattrieu/airflow/dags/tasks_2_20230523.py
[2023-05-23T22:25:34.606+0700] {processor.py:826} INFO - Processing file /home/nhattrieu/airflow/dags/tasks_2_20230523.py for tasks to queue
[2023-05-23T22:25:34.606+0700] {logging_mixin.py:149} INFO - [2023-05-23T22:25:34.606+0700] {dagbag.py:541} INFO - Filling up the DagBag from /home/nhattrieu/airflow/dags/tasks_2_20230523.py
[2023-05-23T22:25:34.608+0700] {logging_mixin.py:149} INFO - ===============Processing: /dags/json/tasks_2_20230523220316.json================
[2023-05-23T22:25:34.608+0700] {processor.py:836} INFO - DAG(s) dict_keys(['tasks_2_20230523']) retrieved from /home/nhattrieu/airflow/dags/tasks_2_20230523.py
[2023-05-23T22:25:34.628+0700] {logging_mixin.py:149} INFO - [2023-05-23T22:25:34.628+0700] {dag.py:2726} INFO - Sync 1 DAGs
[2023-05-23T22:25:34.644+0700] {logging_mixin.py:149} INFO - [2023-05-23T22:25:34.644+0700] {dag.py:3486} INFO - Setting next_dagrun for tasks_2_20230523 to 2022-05-05T00:00:00+00:00, run_after=2022-05-06T00:00:00+00:00
[2023-05-23T22:25:34.655+0700] {processor.py:179} INFO - Processing /home/nhattrieu/airflow/dags/tasks_2_20230523.py took 0.052 seconds
[2023-05-23T22:26:04.982+0700] {processor.py:157} INFO - Started process (PID=45275) to work on /home/nhattrieu/airflow/dags/tasks_2_20230523.py
[2023-05-23T22:26:04.982+0700] {processor.py:826} INFO - Processing file /home/nhattrieu/airflow/dags/tasks_2_20230523.py for tasks to queue
[2023-05-23T22:26:04.983+0700] {logging_mixin.py:149} INFO - [2023-05-23T22:26:04.983+0700] {dagbag.py:541} INFO - Filling up the DagBag from /home/nhattrieu/airflow/dags/tasks_2_20230523.py
[2023-05-23T22:26:04.987+0700] {logging_mixin.py:149} INFO - ===============Processing: /dags/json/tasks_2_20230523220316.json================
[2023-05-23T22:26:04.987+0700] {processor.py:836} INFO - DAG(s) dict_keys(['tasks_2_20230523']) retrieved from /home/nhattrieu/airflow/dags/tasks_2_20230523.py
[2023-05-23T22:26:05.017+0700] {logging_mixin.py:149} INFO - [2023-05-23T22:26:05.016+0700] {dag.py:2726} INFO - Sync 1 DAGs
[2023-05-23T22:26:05.047+0700] {logging_mixin.py:149} INFO - [2023-05-23T22:26:05.047+0700] {dag.py:3486} INFO - Setting next_dagrun for tasks_2_20230523 to 2022-05-05T00:00:00+00:00, run_after=2022-05-06T00:00:00+00:00
[2023-05-23T22:26:05.062+0700] {processor.py:179} INFO - Processing /home/nhattrieu/airflow/dags/tasks_2_20230523.py took 0.082 seconds
[2023-05-23T22:26:35.413+0700] {processor.py:157} INFO - Started process (PID=45459) to work on /home/nhattrieu/airflow/dags/tasks_2_20230523.py
[2023-05-23T22:26:35.413+0700] {processor.py:826} INFO - Processing file /home/nhattrieu/airflow/dags/tasks_2_20230523.py for tasks to queue
[2023-05-23T22:26:35.414+0700] {logging_mixin.py:149} INFO - [2023-05-23T22:26:35.414+0700] {dagbag.py:541} INFO - Filling up the DagBag from /home/nhattrieu/airflow/dags/tasks_2_20230523.py
[2023-05-23T22:26:35.415+0700] {logging_mixin.py:149} INFO - ===============Processing: /dags/json/tasks_2_20230523220316.json================
[2023-05-23T22:26:35.415+0700] {processor.py:836} INFO - DAG(s) dict_keys(['tasks_2_20230523']) retrieved from /home/nhattrieu/airflow/dags/tasks_2_20230523.py
[2023-05-23T22:26:35.430+0700] {logging_mixin.py:149} INFO - [2023-05-23T22:26:35.430+0700] {dag.py:2726} INFO - Sync 1 DAGs
[2023-05-23T22:26:35.444+0700] {logging_mixin.py:149} INFO - [2023-05-23T22:26:35.444+0700] {dag.py:3486} INFO - Setting next_dagrun for tasks_2_20230523 to 2022-05-05T00:00:00+00:00, run_after=2022-05-06T00:00:00+00:00
[2023-05-23T22:26:35.453+0700] {processor.py:179} INFO - Processing /home/nhattrieu/airflow/dags/tasks_2_20230523.py took 0.043 seconds
[2023-05-23T22:27:05.556+0700] {processor.py:157} INFO - Started process (PID=45802) to work on /home/nhattrieu/airflow/dags/tasks_2_20230523.py
[2023-05-23T22:27:05.556+0700] {processor.py:826} INFO - Processing file /home/nhattrieu/airflow/dags/tasks_2_20230523.py for tasks to queue
[2023-05-23T22:27:05.557+0700] {logging_mixin.py:149} INFO - [2023-05-23T22:27:05.557+0700] {dagbag.py:541} INFO - Filling up the DagBag from /home/nhattrieu/airflow/dags/tasks_2_20230523.py
[2023-05-23T22:27:05.558+0700] {logging_mixin.py:149} INFO - ===============Processing: /dags/json/tasks_2_20230523220316.json================
[2023-05-23T22:27:05.558+0700] {processor.py:836} INFO - DAG(s) dict_keys(['tasks_2_20230523']) retrieved from /home/nhattrieu/airflow/dags/tasks_2_20230523.py
[2023-05-23T22:27:05.575+0700] {logging_mixin.py:149} INFO - [2023-05-23T22:27:05.575+0700] {dag.py:2726} INFO - Sync 1 DAGs
[2023-05-23T22:27:05.590+0700] {logging_mixin.py:149} INFO - [2023-05-23T22:27:05.590+0700] {dag.py:3486} INFO - Setting next_dagrun for tasks_2_20230523 to 2022-05-05T00:00:00+00:00, run_after=2022-05-06T00:00:00+00:00
[2023-05-23T22:27:05.600+0700] {processor.py:179} INFO - Processing /home/nhattrieu/airflow/dags/tasks_2_20230523.py took 0.046 seconds
[2023-05-23T22:27:36.350+0700] {processor.py:157} INFO - Started process (PID=46062) to work on /home/nhattrieu/airflow/dags/tasks_2_20230523.py
[2023-05-23T22:27:36.351+0700] {processor.py:826} INFO - Processing file /home/nhattrieu/airflow/dags/tasks_2_20230523.py for tasks to queue
[2023-05-23T22:27:36.352+0700] {logging_mixin.py:149} INFO - [2023-05-23T22:27:36.352+0700] {dagbag.py:541} INFO - Filling up the DagBag from /home/nhattrieu/airflow/dags/tasks_2_20230523.py
[2023-05-23T22:27:36.354+0700] {logging_mixin.py:149} INFO - ===============Processing: /dags/json/tasks_2_20230523220316.json================
[2023-05-23T22:27:36.354+0700] {processor.py:836} INFO - DAG(s) dict_keys(['tasks_2_20230523']) retrieved from /home/nhattrieu/airflow/dags/tasks_2_20230523.py
[2023-05-23T22:27:36.374+0700] {logging_mixin.py:149} INFO - [2023-05-23T22:27:36.374+0700] {dag.py:2726} INFO - Sync 1 DAGs
[2023-05-23T22:27:36.391+0700] {logging_mixin.py:149} INFO - [2023-05-23T22:27:36.391+0700] {dag.py:3486} INFO - Setting next_dagrun for tasks_2_20230523 to 2022-05-05T00:00:00+00:00, run_after=2022-05-06T00:00:00+00:00
[2023-05-23T22:27:36.404+0700] {processor.py:179} INFO - Processing /home/nhattrieu/airflow/dags/tasks_2_20230523.py took 0.058 seconds
[2023-05-23T22:28:06.844+0700] {processor.py:157} INFO - Started process (PID=46323) to work on /home/nhattrieu/airflow/dags/tasks_2_20230523.py
[2023-05-23T22:28:06.845+0700] {processor.py:826} INFO - Processing file /home/nhattrieu/airflow/dags/tasks_2_20230523.py for tasks to queue
[2023-05-23T22:28:06.846+0700] {logging_mixin.py:149} INFO - [2023-05-23T22:28:06.846+0700] {dagbag.py:541} INFO - Filling up the DagBag from /home/nhattrieu/airflow/dags/tasks_2_20230523.py
[2023-05-23T22:28:06.848+0700] {logging_mixin.py:149} INFO - ===============Processing: /dags/json/tasks_2_20230523220316.json================
[2023-05-23T22:28:06.849+0700] {processor.py:836} INFO - DAG(s) dict_keys(['tasks_2_20230523']) retrieved from /home/nhattrieu/airflow/dags/tasks_2_20230523.py
[2023-05-23T22:28:06.875+0700] {logging_mixin.py:149} INFO - [2023-05-23T22:28:06.875+0700] {dag.py:2726} INFO - Sync 1 DAGs
[2023-05-23T22:28:06.893+0700] {logging_mixin.py:149} INFO - [2023-05-23T22:28:06.893+0700] {dag.py:3486} INFO - Setting next_dagrun for tasks_2_20230523 to 2022-05-05T00:00:00+00:00, run_after=2022-05-06T00:00:00+00:00
[2023-05-23T22:28:06.903+0700] {processor.py:179} INFO - Processing /home/nhattrieu/airflow/dags/tasks_2_20230523.py took 0.063 seconds
[2023-05-23T22:28:37.157+0700] {processor.py:157} INFO - Started process (PID=46501) to work on /home/nhattrieu/airflow/dags/tasks_2_20230523.py
[2023-05-23T22:28:37.158+0700] {processor.py:826} INFO - Processing file /home/nhattrieu/airflow/dags/tasks_2_20230523.py for tasks to queue
[2023-05-23T22:28:37.159+0700] {logging_mixin.py:149} INFO - [2023-05-23T22:28:37.159+0700] {dagbag.py:541} INFO - Filling up the DagBag from /home/nhattrieu/airflow/dags/tasks_2_20230523.py
[2023-05-23T22:28:37.161+0700] {logging_mixin.py:149} INFO - ===============Processing: /dags/json/tasks_2_20230523220316.json================
[2023-05-23T22:28:37.162+0700] {processor.py:836} INFO - DAG(s) dict_keys(['tasks_2_20230523']) retrieved from /home/nhattrieu/airflow/dags/tasks_2_20230523.py
[2023-05-23T22:28:37.185+0700] {logging_mixin.py:149} INFO - [2023-05-23T22:28:37.185+0700] {dag.py:2726} INFO - Sync 1 DAGs
[2023-05-23T22:28:37.210+0700] {logging_mixin.py:149} INFO - [2023-05-23T22:28:37.210+0700] {dag.py:3486} INFO - Setting next_dagrun for tasks_2_20230523 to 2022-05-05T00:00:00+00:00, run_after=2022-05-06T00:00:00+00:00
[2023-05-23T22:28:37.224+0700] {processor.py:179} INFO - Processing /home/nhattrieu/airflow/dags/tasks_2_20230523.py took 0.071 seconds
