[2023-05-19T17:21:57.357+0700] {processor.py:157} INFO - Started process (PID=63505) to work on /home/nhattrieu/airflow/dags/hello_world.py
[2023-05-19T17:21:57.357+0700] {processor.py:826} INFO - Processing file /home/nhattrieu/airflow/dags/hello_world.py for tasks to queue
[2023-05-19T17:21:57.358+0700] {logging_mixin.py:149} INFO - [2023-05-19T17:21:57.358+0700] {dagbag.py:541} INFO - Filling up the DagBag from /home/nhattrieu/airflow/dags/hello_world.py
[2023-05-19T17:21:57.363+0700] {processor.py:836} INFO - DAG(s) dict_keys(['hello_world']) retrieved from /home/nhattrieu/airflow/dags/hello_world.py
[2023-05-19T17:21:57.431+0700] {logging_mixin.py:149} INFO - [2023-05-19T17:21:57.431+0700] {manager.py:504} INFO - Created Permission View: can read on DAG:hello_world
[2023-05-19T17:21:57.436+0700] {logging_mixin.py:149} INFO - [2023-05-19T17:21:57.435+0700] {manager.py:504} INFO - Created Permission View: can delete on DAG:hello_world
[2023-05-19T17:21:57.446+0700] {logging_mixin.py:149} INFO - [2023-05-19T17:21:57.445+0700] {manager.py:504} INFO - Created Permission View: can edit on DAG:hello_world
[2023-05-19T17:21:57.446+0700] {logging_mixin.py:149} INFO - [2023-05-19T17:21:57.446+0700] {dag.py:2726} INFO - Sync 1 DAGs
[2023-05-19T17:21:57.458+0700] {logging_mixin.py:149} INFO - [2023-05-19T17:21:57.458+0700] {dag.py:2747} INFO - Creating ORM DAG for hello_world
[2023-05-19T17:21:57.467+0700] {logging_mixin.py:149} INFO - [2023-05-19T17:21:57.467+0700] {dag.py:3486} INFO - Setting next_dagrun for hello_world to 2023-05-17T12:00:00+00:00, run_after=2023-05-18T12:00:00+00:00
[2023-05-19T17:21:57.476+0700] {processor.py:179} INFO - Processing /home/nhattrieu/airflow/dags/hello_world.py took 0.121 seconds
[2023-05-19T17:22:09.909+0700] {processor.py:157} INFO - Started process (PID=63526) to work on /home/nhattrieu/airflow/dags/hello_world.py
[2023-05-19T17:22:09.910+0700] {processor.py:826} INFO - Processing file /home/nhattrieu/airflow/dags/hello_world.py for tasks to queue
[2023-05-19T17:22:09.910+0700] {logging_mixin.py:149} INFO - [2023-05-19T17:22:09.910+0700] {dagbag.py:541} INFO - Filling up the DagBag from /home/nhattrieu/airflow/dags/hello_world.py
[2023-05-19T17:22:09.917+0700] {processor.py:836} INFO - DAG(s) dict_keys(['hello_world']) retrieved from /home/nhattrieu/airflow/dags/hello_world.py
[2023-05-19T17:22:09.931+0700] {logging_mixin.py:149} INFO - [2023-05-19T17:22:09.930+0700] {dag.py:2726} INFO - Sync 1 DAGs
[2023-05-19T17:22:09.947+0700] {logging_mixin.py:149} INFO - [2023-05-19T17:22:09.947+0700] {dag.py:3486} INFO - Setting next_dagrun for hello_world to 2023-05-17T12:00:00+00:00, run_after=2023-05-18T12:00:00+00:00
[2023-05-19T17:22:09.958+0700] {processor.py:179} INFO - Processing /home/nhattrieu/airflow/dags/hello_world.py took 0.051 seconds
[2023-05-19T17:22:40.017+0700] {processor.py:157} INFO - Started process (PID=63682) to work on /home/nhattrieu/airflow/dags/hello_world.py
[2023-05-19T17:22:40.018+0700] {processor.py:826} INFO - Processing file /home/nhattrieu/airflow/dags/hello_world.py for tasks to queue
[2023-05-19T17:22:40.018+0700] {logging_mixin.py:149} INFO - [2023-05-19T17:22:40.018+0700] {dagbag.py:541} INFO - Filling up the DagBag from /home/nhattrieu/airflow/dags/hello_world.py
[2023-05-19T17:22:40.024+0700] {processor.py:836} INFO - DAG(s) dict_keys(['hello_world']) retrieved from /home/nhattrieu/airflow/dags/hello_world.py
[2023-05-19T17:22:40.045+0700] {logging_mixin.py:149} INFO - [2023-05-19T17:22:40.045+0700] {dag.py:2726} INFO - Sync 1 DAGs
[2023-05-19T17:22:40.064+0700] {logging_mixin.py:149} INFO - [2023-05-19T17:22:40.064+0700] {dag.py:3486} INFO - Setting next_dagrun for hello_world to 2023-05-17T12:00:00+00:00, run_after=2023-05-18T12:00:00+00:00
[2023-05-19T17:22:40.080+0700] {processor.py:179} INFO - Processing /home/nhattrieu/airflow/dags/hello_world.py took 0.066 seconds
[2023-05-19T17:23:10.437+0700] {processor.py:157} INFO - Started process (PID=63950) to work on /home/nhattrieu/airflow/dags/hello_world.py
[2023-05-19T17:23:10.438+0700] {processor.py:826} INFO - Processing file /home/nhattrieu/airflow/dags/hello_world.py for tasks to queue
[2023-05-19T17:23:10.439+0700] {logging_mixin.py:149} INFO - [2023-05-19T17:23:10.438+0700] {dagbag.py:541} INFO - Filling up the DagBag from /home/nhattrieu/airflow/dags/hello_world.py
[2023-05-19T17:23:10.448+0700] {processor.py:836} INFO - DAG(s) dict_keys(['hello_world']) retrieved from /home/nhattrieu/airflow/dags/hello_world.py
[2023-05-19T17:23:10.476+0700] {logging_mixin.py:149} INFO - [2023-05-19T17:23:10.476+0700] {dag.py:2726} INFO - Sync 1 DAGs
[2023-05-19T17:23:10.503+0700] {logging_mixin.py:149} INFO - [2023-05-19T17:23:10.503+0700] {dag.py:3486} INFO - Setting next_dagrun for hello_world to 2023-05-17T12:00:00+00:00, run_after=2023-05-18T12:00:00+00:00
[2023-05-19T17:23:10.528+0700] {processor.py:179} INFO - Processing /home/nhattrieu/airflow/dags/hello_world.py took 0.094 seconds
[2023-05-19T17:23:41.259+0700] {processor.py:157} INFO - Started process (PID=64167) to work on /home/nhattrieu/airflow/dags/hello_world.py
[2023-05-19T17:23:41.262+0700] {processor.py:826} INFO - Processing file /home/nhattrieu/airflow/dags/hello_world.py for tasks to queue
[2023-05-19T17:23:41.262+0700] {logging_mixin.py:149} INFO - [2023-05-19T17:23:41.262+0700] {dagbag.py:541} INFO - Filling up the DagBag from /home/nhattrieu/airflow/dags/hello_world.py
[2023-05-19T17:23:41.267+0700] {processor.py:836} INFO - DAG(s) dict_keys(['hello_world']) retrieved from /home/nhattrieu/airflow/dags/hello_world.py
[2023-05-19T17:23:41.282+0700] {logging_mixin.py:149} INFO - [2023-05-19T17:23:41.282+0700] {dag.py:2726} INFO - Sync 1 DAGs
[2023-05-19T17:23:41.298+0700] {logging_mixin.py:149} INFO - [2023-05-19T17:23:41.297+0700] {dag.py:3486} INFO - Setting next_dagrun for hello_world to 2023-05-17T12:00:00+00:00, run_after=2023-05-18T12:00:00+00:00
[2023-05-19T17:23:41.309+0700] {processor.py:179} INFO - Processing /home/nhattrieu/airflow/dags/hello_world.py took 0.051 seconds
[2023-05-19T17:24:12.251+0700] {processor.py:157} INFO - Started process (PID=64370) to work on /home/nhattrieu/airflow/dags/hello_world.py
[2023-05-19T17:24:12.254+0700] {processor.py:826} INFO - Processing file /home/nhattrieu/airflow/dags/hello_world.py for tasks to queue
[2023-05-19T17:24:12.254+0700] {logging_mixin.py:149} INFO - [2023-05-19T17:24:12.254+0700] {dagbag.py:541} INFO - Filling up the DagBag from /home/nhattrieu/airflow/dags/hello_world.py
[2023-05-19T17:24:12.259+0700] {processor.py:836} INFO - DAG(s) dict_keys(['hello_world']) retrieved from /home/nhattrieu/airflow/dags/hello_world.py
[2023-05-19T17:24:12.276+0700] {logging_mixin.py:149} INFO - [2023-05-19T17:24:12.276+0700] {dag.py:2726} INFO - Sync 1 DAGs
[2023-05-19T17:24:12.296+0700] {logging_mixin.py:149} INFO - [2023-05-19T17:24:12.295+0700] {dag.py:3486} INFO - Setting next_dagrun for hello_world to 2023-05-18T12:00:00+00:00, run_after=2023-05-19T12:00:00+00:00
[2023-05-19T17:24:12.310+0700] {processor.py:179} INFO - Processing /home/nhattrieu/airflow/dags/hello_world.py took 0.061 seconds
[2023-05-19T17:24:43.190+0700] {processor.py:157} INFO - Started process (PID=64539) to work on /home/nhattrieu/airflow/dags/hello_world.py
[2023-05-19T17:24:43.191+0700] {processor.py:826} INFO - Processing file /home/nhattrieu/airflow/dags/hello_world.py for tasks to queue
[2023-05-19T17:24:43.192+0700] {logging_mixin.py:149} INFO - [2023-05-19T17:24:43.192+0700] {dagbag.py:541} INFO - Filling up the DagBag from /home/nhattrieu/airflow/dags/hello_world.py
[2023-05-19T17:24:43.197+0700] {processor.py:836} INFO - DAG(s) dict_keys(['hello_world']) retrieved from /home/nhattrieu/airflow/dags/hello_world.py
[2023-05-19T17:24:43.217+0700] {logging_mixin.py:149} INFO - [2023-05-19T17:24:43.217+0700] {dag.py:2726} INFO - Sync 1 DAGs
[2023-05-19T17:24:43.241+0700] {logging_mixin.py:149} INFO - [2023-05-19T17:24:43.241+0700] {dag.py:3486} INFO - Setting next_dagrun for hello_world to 2023-05-18T12:00:00+00:00, run_after=2023-05-19T12:00:00+00:00
[2023-05-19T17:24:43.255+0700] {processor.py:179} INFO - Processing /home/nhattrieu/airflow/dags/hello_world.py took 0.066 seconds
[2023-05-19T17:25:13.282+0700] {processor.py:157} INFO - Started process (PID=64744) to work on /home/nhattrieu/airflow/dags/hello_world.py
[2023-05-19T17:25:13.285+0700] {processor.py:826} INFO - Processing file /home/nhattrieu/airflow/dags/hello_world.py for tasks to queue
[2023-05-19T17:25:13.285+0700] {logging_mixin.py:149} INFO - [2023-05-19T17:25:13.285+0700] {dagbag.py:541} INFO - Filling up the DagBag from /home/nhattrieu/airflow/dags/hello_world.py
[2023-05-19T17:25:13.291+0700] {processor.py:836} INFO - DAG(s) dict_keys(['hello_world']) retrieved from /home/nhattrieu/airflow/dags/hello_world.py
[2023-05-19T17:25:13.309+0700] {logging_mixin.py:149} INFO - [2023-05-19T17:25:13.309+0700] {dag.py:2726} INFO - Sync 1 DAGs
[2023-05-19T17:25:13.327+0700] {logging_mixin.py:149} INFO - [2023-05-19T17:25:13.327+0700] {dag.py:3486} INFO - Setting next_dagrun for hello_world to 2023-05-18T12:00:00+00:00, run_after=2023-05-19T12:00:00+00:00
[2023-05-19T17:25:13.340+0700] {processor.py:179} INFO - Processing /home/nhattrieu/airflow/dags/hello_world.py took 0.060 seconds
[2023-05-19T17:25:44.221+0700] {processor.py:157} INFO - Started process (PID=64926) to work on /home/nhattrieu/airflow/dags/hello_world.py
[2023-05-19T17:25:44.222+0700] {processor.py:826} INFO - Processing file /home/nhattrieu/airflow/dags/hello_world.py for tasks to queue
[2023-05-19T17:25:44.223+0700] {logging_mixin.py:149} INFO - [2023-05-19T17:25:44.223+0700] {dagbag.py:541} INFO - Filling up the DagBag from /home/nhattrieu/airflow/dags/hello_world.py
[2023-05-19T17:25:44.232+0700] {processor.py:836} INFO - DAG(s) dict_keys(['hello_world']) retrieved from /home/nhattrieu/airflow/dags/hello_world.py
[2023-05-19T17:25:44.252+0700] {logging_mixin.py:149} INFO - [2023-05-19T17:25:44.252+0700] {dag.py:2726} INFO - Sync 1 DAGs
[2023-05-19T17:25:44.270+0700] {logging_mixin.py:149} INFO - [2023-05-19T17:25:44.270+0700] {dag.py:3486} INFO - Setting next_dagrun for hello_world to 2023-05-18T12:00:00+00:00, run_after=2023-05-19T12:00:00+00:00
[2023-05-19T17:25:44.282+0700] {processor.py:179} INFO - Processing /home/nhattrieu/airflow/dags/hello_world.py took 0.067 seconds
[2023-05-19T17:26:15.114+0700] {processor.py:157} INFO - Started process (PID=65100) to work on /home/nhattrieu/airflow/dags/hello_world.py
[2023-05-19T17:26:15.116+0700] {processor.py:826} INFO - Processing file /home/nhattrieu/airflow/dags/hello_world.py for tasks to queue
[2023-05-19T17:26:15.117+0700] {logging_mixin.py:149} INFO - [2023-05-19T17:26:15.117+0700] {dagbag.py:541} INFO - Filling up the DagBag from /home/nhattrieu/airflow/dags/hello_world.py
[2023-05-19T17:26:15.122+0700] {processor.py:836} INFO - DAG(s) dict_keys(['hello_world']) retrieved from /home/nhattrieu/airflow/dags/hello_world.py
[2023-05-19T17:26:15.139+0700] {logging_mixin.py:149} INFO - [2023-05-19T17:26:15.139+0700] {dag.py:2726} INFO - Sync 1 DAGs
[2023-05-19T17:26:15.156+0700] {logging_mixin.py:149} INFO - [2023-05-19T17:26:15.156+0700] {dag.py:3486} INFO - Setting next_dagrun for hello_world to 2023-05-18T12:00:00+00:00, run_after=2023-05-19T12:00:00+00:00
[2023-05-19T17:26:15.170+0700] {processor.py:179} INFO - Processing /home/nhattrieu/airflow/dags/hello_world.py took 0.058 seconds
[2023-05-19T17:26:46.055+0700] {processor.py:157} INFO - Started process (PID=65439) to work on /home/nhattrieu/airflow/dags/hello_world.py
[2023-05-19T17:26:46.056+0700] {processor.py:826} INFO - Processing file /home/nhattrieu/airflow/dags/hello_world.py for tasks to queue
[2023-05-19T17:26:46.057+0700] {logging_mixin.py:149} INFO - [2023-05-19T17:26:46.057+0700] {dagbag.py:541} INFO - Filling up the DagBag from /home/nhattrieu/airflow/dags/hello_world.py
[2023-05-19T17:26:46.067+0700] {processor.py:836} INFO - DAG(s) dict_keys(['hello_world']) retrieved from /home/nhattrieu/airflow/dags/hello_world.py
[2023-05-19T17:26:46.089+0700] {logging_mixin.py:149} INFO - [2023-05-19T17:26:46.089+0700] {dag.py:2726} INFO - Sync 1 DAGs
[2023-05-19T17:26:46.108+0700] {logging_mixin.py:149} INFO - [2023-05-19T17:26:46.107+0700] {dag.py:3486} INFO - Setting next_dagrun for hello_world to 2023-05-18T12:00:00+00:00, run_after=2023-05-19T12:00:00+00:00
[2023-05-19T17:26:46.120+0700] {processor.py:179} INFO - Processing /home/nhattrieu/airflow/dags/hello_world.py took 0.074 seconds
[2023-05-19T17:27:16.175+0700] {processor.py:157} INFO - Started process (PID=65656) to work on /home/nhattrieu/airflow/dags/hello_world.py
[2023-05-19T17:27:16.177+0700] {processor.py:826} INFO - Processing file /home/nhattrieu/airflow/dags/hello_world.py for tasks to queue
[2023-05-19T17:27:16.178+0700] {logging_mixin.py:149} INFO - [2023-05-19T17:27:16.178+0700] {dagbag.py:541} INFO - Filling up the DagBag from /home/nhattrieu/airflow/dags/hello_world.py
[2023-05-19T17:27:16.184+0700] {processor.py:836} INFO - DAG(s) dict_keys(['hello_world']) retrieved from /home/nhattrieu/airflow/dags/hello_world.py
[2023-05-19T17:27:16.208+0700] {logging_mixin.py:149} INFO - [2023-05-19T17:27:16.208+0700] {dag.py:2726} INFO - Sync 1 DAGs
[2023-05-19T17:27:16.230+0700] {logging_mixin.py:149} INFO - [2023-05-19T17:27:16.229+0700] {dag.py:3486} INFO - Setting next_dagrun for hello_world to 2023-05-18T12:00:00+00:00, run_after=2023-05-19T12:00:00+00:00
[2023-05-19T17:27:16.246+0700] {processor.py:179} INFO - Processing /home/nhattrieu/airflow/dags/hello_world.py took 0.074 seconds
[2023-05-19T17:27:46.367+0700] {processor.py:157} INFO - Started process (PID=65829) to work on /home/nhattrieu/airflow/dags/hello_world.py
[2023-05-19T17:27:46.370+0700] {processor.py:826} INFO - Processing file /home/nhattrieu/airflow/dags/hello_world.py for tasks to queue
[2023-05-19T17:27:46.371+0700] {logging_mixin.py:149} INFO - [2023-05-19T17:27:46.371+0700] {dagbag.py:541} INFO - Filling up the DagBag from /home/nhattrieu/airflow/dags/hello_world.py
[2023-05-19T17:27:46.379+0700] {processor.py:836} INFO - DAG(s) dict_keys(['hello_world']) retrieved from /home/nhattrieu/airflow/dags/hello_world.py
[2023-05-19T17:27:46.403+0700] {logging_mixin.py:149} INFO - [2023-05-19T17:27:46.403+0700] {dag.py:2726} INFO - Sync 1 DAGs
[2023-05-19T17:27:46.429+0700] {logging_mixin.py:149} INFO - [2023-05-19T17:27:46.429+0700] {dag.py:3486} INFO - Setting next_dagrun for hello_world to 2023-05-18T12:00:00+00:00, run_after=2023-05-19T12:00:00+00:00
[2023-05-19T17:27:46.449+0700] {processor.py:179} INFO - Processing /home/nhattrieu/airflow/dags/hello_world.py took 0.084 seconds
[2023-05-19T17:28:17.394+0700] {processor.py:157} INFO - Started process (PID=66107) to work on /home/nhattrieu/airflow/dags/hello_world.py
[2023-05-19T17:28:17.398+0700] {processor.py:826} INFO - Processing file /home/nhattrieu/airflow/dags/hello_world.py for tasks to queue
[2023-05-19T17:28:17.401+0700] {logging_mixin.py:149} INFO - [2023-05-19T17:28:17.400+0700] {dagbag.py:541} INFO - Filling up the DagBag from /home/nhattrieu/airflow/dags/hello_world.py
[2023-05-19T17:28:17.426+0700] {processor.py:836} INFO - DAG(s) dict_keys(['hello_world']) retrieved from /home/nhattrieu/airflow/dags/hello_world.py
[2023-05-19T17:28:17.469+0700] {logging_mixin.py:149} INFO - [2023-05-19T17:28:17.469+0700] {dag.py:2726} INFO - Sync 1 DAGs
[2023-05-19T17:28:17.493+0700] {logging_mixin.py:149} INFO - [2023-05-19T17:28:17.493+0700] {dag.py:3486} INFO - Setting next_dagrun for hello_world to 2023-05-18T12:00:00+00:00, run_after=2023-05-19T12:00:00+00:00
[2023-05-19T17:28:17.510+0700] {processor.py:179} INFO - Processing /home/nhattrieu/airflow/dags/hello_world.py took 0.127 seconds
[2023-05-19T17:28:47.648+0700] {processor.py:157} INFO - Started process (PID=67139) to work on /home/nhattrieu/airflow/dags/hello_world.py
[2023-05-19T17:28:47.650+0700] {processor.py:826} INFO - Processing file /home/nhattrieu/airflow/dags/hello_world.py for tasks to queue
[2023-05-19T17:28:47.651+0700] {logging_mixin.py:149} INFO - [2023-05-19T17:28:47.651+0700] {dagbag.py:541} INFO - Filling up the DagBag from /home/nhattrieu/airflow/dags/hello_world.py
[2023-05-19T17:28:47.656+0700] {processor.py:836} INFO - DAG(s) dict_keys(['hello_world']) retrieved from /home/nhattrieu/airflow/dags/hello_world.py
[2023-05-19T17:28:47.675+0700] {logging_mixin.py:149} INFO - [2023-05-19T17:28:47.675+0700] {dag.py:2726} INFO - Sync 1 DAGs
[2023-05-19T17:28:47.695+0700] {logging_mixin.py:149} INFO - [2023-05-19T17:28:47.694+0700] {dag.py:3486} INFO - Setting next_dagrun for hello_world to 2023-05-18T12:00:00+00:00, run_after=2023-05-19T12:00:00+00:00
[2023-05-19T17:28:47.710+0700] {processor.py:179} INFO - Processing /home/nhattrieu/airflow/dags/hello_world.py took 0.065 seconds
[2023-05-19T17:29:17.778+0700] {processor.py:157} INFO - Started process (PID=67349) to work on /home/nhattrieu/airflow/dags/hello_world.py
[2023-05-19T17:29:17.779+0700] {processor.py:826} INFO - Processing file /home/nhattrieu/airflow/dags/hello_world.py for tasks to queue
[2023-05-19T17:29:17.779+0700] {logging_mixin.py:149} INFO - [2023-05-19T17:29:17.779+0700] {dagbag.py:541} INFO - Filling up the DagBag from /home/nhattrieu/airflow/dags/hello_world.py
[2023-05-19T17:29:17.787+0700] {processor.py:836} INFO - DAG(s) dict_keys(['hello_world']) retrieved from /home/nhattrieu/airflow/dags/hello_world.py
[2023-05-19T17:29:17.813+0700] {logging_mixin.py:149} INFO - [2023-05-19T17:29:17.813+0700] {dag.py:2726} INFO - Sync 1 DAGs
[2023-05-19T17:29:17.841+0700] {logging_mixin.py:149} INFO - [2023-05-19T17:29:17.840+0700] {dag.py:3486} INFO - Setting next_dagrun for hello_world to 2023-05-18T12:00:00+00:00, run_after=2023-05-19T12:00:00+00:00
[2023-05-19T17:29:17.862+0700] {processor.py:179} INFO - Processing /home/nhattrieu/airflow/dags/hello_world.py took 0.087 seconds
[2023-05-19T17:29:48.332+0700] {processor.py:157} INFO - Started process (PID=67542) to work on /home/nhattrieu/airflow/dags/hello_world.py
[2023-05-19T17:29:48.335+0700] {processor.py:826} INFO - Processing file /home/nhattrieu/airflow/dags/hello_world.py for tasks to queue
[2023-05-19T17:29:48.336+0700] {logging_mixin.py:149} INFO - [2023-05-19T17:29:48.336+0700] {dagbag.py:541} INFO - Filling up the DagBag from /home/nhattrieu/airflow/dags/hello_world.py
[2023-05-19T17:29:48.340+0700] {processor.py:836} INFO - DAG(s) dict_keys(['hello_world']) retrieved from /home/nhattrieu/airflow/dags/hello_world.py
[2023-05-19T17:29:48.358+0700] {logging_mixin.py:149} INFO - [2023-05-19T17:29:48.357+0700] {dag.py:2726} INFO - Sync 1 DAGs
[2023-05-19T17:29:48.375+0700] {logging_mixin.py:149} INFO - [2023-05-19T17:29:48.375+0700] {dag.py:3486} INFO - Setting next_dagrun for hello_world to 2023-05-18T12:00:00+00:00, run_after=2023-05-19T12:00:00+00:00
[2023-05-19T17:29:48.389+0700] {processor.py:179} INFO - Processing /home/nhattrieu/airflow/dags/hello_world.py took 0.059 seconds
[2023-05-19T17:30:19.025+0700] {processor.py:157} INFO - Started process (PID=67704) to work on /home/nhattrieu/airflow/dags/hello_world.py
[2023-05-19T17:30:19.028+0700] {processor.py:826} INFO - Processing file /home/nhattrieu/airflow/dags/hello_world.py for tasks to queue
[2023-05-19T17:30:19.030+0700] {logging_mixin.py:149} INFO - [2023-05-19T17:30:19.030+0700] {dagbag.py:541} INFO - Filling up the DagBag from /home/nhattrieu/airflow/dags/hello_world.py
[2023-05-19T17:30:19.038+0700] {processor.py:836} INFO - DAG(s) dict_keys(['hello_world']) retrieved from /home/nhattrieu/airflow/dags/hello_world.py
[2023-05-19T17:30:19.061+0700] {logging_mixin.py:149} INFO - [2023-05-19T17:30:19.061+0700] {dag.py:2726} INFO - Sync 1 DAGs
[2023-05-19T17:30:19.088+0700] {logging_mixin.py:149} INFO - [2023-05-19T17:30:19.088+0700] {dag.py:3486} INFO - Setting next_dagrun for hello_world to 2023-05-18T12:00:00+00:00, run_after=2023-05-19T12:00:00+00:00
[2023-05-19T17:30:19.108+0700] {processor.py:179} INFO - Processing /home/nhattrieu/airflow/dags/hello_world.py took 0.085 seconds
[2023-05-19T17:30:49.983+0700] {processor.py:157} INFO - Started process (PID=68229) to work on /home/nhattrieu/airflow/dags/hello_world.py
[2023-05-19T17:30:49.986+0700] {processor.py:826} INFO - Processing file /home/nhattrieu/airflow/dags/hello_world.py for tasks to queue
[2023-05-19T17:30:49.987+0700] {logging_mixin.py:149} INFO - [2023-05-19T17:30:49.987+0700] {dagbag.py:541} INFO - Filling up the DagBag from /home/nhattrieu/airflow/dags/hello_world.py
[2023-05-19T17:30:49.994+0700] {processor.py:836} INFO - DAG(s) dict_keys(['hello_world']) retrieved from /home/nhattrieu/airflow/dags/hello_world.py
[2023-05-19T17:30:50.014+0700] {logging_mixin.py:149} INFO - [2023-05-19T17:30:50.014+0700] {dag.py:2726} INFO - Sync 1 DAGs
[2023-05-19T17:30:50.032+0700] {logging_mixin.py:149} INFO - [2023-05-19T17:30:50.032+0700] {dag.py:3486} INFO - Setting next_dagrun for hello_world to 2023-05-18T12:00:00+00:00, run_after=2023-05-19T12:00:00+00:00
[2023-05-19T17:30:50.046+0700] {processor.py:179} INFO - Processing /home/nhattrieu/airflow/dags/hello_world.py took 0.067 seconds
[2023-05-19T17:31:20.154+0700] {processor.py:157} INFO - Started process (PID=68505) to work on /home/nhattrieu/airflow/dags/hello_world.py
[2023-05-19T17:31:20.156+0700] {processor.py:826} INFO - Processing file /home/nhattrieu/airflow/dags/hello_world.py for tasks to queue
[2023-05-19T17:31:20.157+0700] {logging_mixin.py:149} INFO - [2023-05-19T17:31:20.157+0700] {dagbag.py:541} INFO - Filling up the DagBag from /home/nhattrieu/airflow/dags/hello_world.py
[2023-05-19T17:31:20.162+0700] {processor.py:836} INFO - DAG(s) dict_keys(['hello_world']) retrieved from /home/nhattrieu/airflow/dags/hello_world.py
[2023-05-19T17:31:20.181+0700] {logging_mixin.py:149} INFO - [2023-05-19T17:31:20.181+0700] {dag.py:2726} INFO - Sync 1 DAGs
[2023-05-19T17:31:20.204+0700] {logging_mixin.py:149} INFO - [2023-05-19T17:31:20.204+0700] {dag.py:3486} INFO - Setting next_dagrun for hello_world to 2023-05-18T12:00:00+00:00, run_after=2023-05-19T12:00:00+00:00
[2023-05-19T17:31:20.220+0700] {processor.py:179} INFO - Processing /home/nhattrieu/airflow/dags/hello_world.py took 0.069 seconds
[2023-05-19T17:31:50.276+0700] {processor.py:157} INFO - Started process (PID=68713) to work on /home/nhattrieu/airflow/dags/hello_world.py
[2023-05-19T17:31:50.278+0700] {processor.py:826} INFO - Processing file /home/nhattrieu/airflow/dags/hello_world.py for tasks to queue
[2023-05-19T17:31:50.280+0700] {logging_mixin.py:149} INFO - [2023-05-19T17:31:50.280+0700] {dagbag.py:541} INFO - Filling up the DagBag from /home/nhattrieu/airflow/dags/hello_world.py
[2023-05-19T17:31:50.299+0700] {processor.py:836} INFO - DAG(s) dict_keys(['hello_world']) retrieved from /home/nhattrieu/airflow/dags/hello_world.py
[2023-05-19T17:31:50.363+0700] {logging_mixin.py:149} INFO - [2023-05-19T17:31:50.362+0700] {dag.py:2726} INFO - Sync 1 DAGs
[2023-05-19T17:31:50.405+0700] {logging_mixin.py:149} INFO - [2023-05-19T17:31:50.405+0700] {dag.py:3486} INFO - Setting next_dagrun for hello_world to 2023-05-18T12:00:00+00:00, run_after=2023-05-19T12:00:00+00:00
[2023-05-19T17:31:50.424+0700] {processor.py:179} INFO - Processing /home/nhattrieu/airflow/dags/hello_world.py took 0.159 seconds
[2023-05-19T17:32:21.156+0700] {processor.py:157} INFO - Started process (PID=68882) to work on /home/nhattrieu/airflow/dags/hello_world.py
[2023-05-19T17:32:21.160+0700] {processor.py:826} INFO - Processing file /home/nhattrieu/airflow/dags/hello_world.py for tasks to queue
[2023-05-19T17:32:21.161+0700] {logging_mixin.py:149} INFO - [2023-05-19T17:32:21.161+0700] {dagbag.py:541} INFO - Filling up the DagBag from /home/nhattrieu/airflow/dags/hello_world.py
[2023-05-19T17:32:21.174+0700] {processor.py:836} INFO - DAG(s) dict_keys(['hello_world']) retrieved from /home/nhattrieu/airflow/dags/hello_world.py
[2023-05-19T17:32:21.222+0700] {logging_mixin.py:149} INFO - [2023-05-19T17:32:21.222+0700] {dag.py:2726} INFO - Sync 1 DAGs
[2023-05-19T17:32:21.259+0700] {logging_mixin.py:149} INFO - [2023-05-19T17:32:21.259+0700] {dag.py:3486} INFO - Setting next_dagrun for hello_world to 2023-05-18T12:00:00+00:00, run_after=2023-05-19T12:00:00+00:00
[2023-05-19T17:32:21.276+0700] {processor.py:179} INFO - Processing /home/nhattrieu/airflow/dags/hello_world.py took 0.130 seconds
[2023-05-19T17:32:51.404+0700] {processor.py:157} INFO - Started process (PID=69271) to work on /home/nhattrieu/airflow/dags/hello_world.py
[2023-05-19T17:32:51.407+0700] {processor.py:826} INFO - Processing file /home/nhattrieu/airflow/dags/hello_world.py for tasks to queue
[2023-05-19T17:32:51.407+0700] {logging_mixin.py:149} INFO - [2023-05-19T17:32:51.407+0700] {dagbag.py:541} INFO - Filling up the DagBag from /home/nhattrieu/airflow/dags/hello_world.py
[2023-05-19T17:32:51.412+0700] {processor.py:836} INFO - DAG(s) dict_keys(['hello_world']) retrieved from /home/nhattrieu/airflow/dags/hello_world.py
[2023-05-19T17:32:51.430+0700] {logging_mixin.py:149} INFO - [2023-05-19T17:32:51.429+0700] {dag.py:2726} INFO - Sync 1 DAGs
[2023-05-19T17:32:51.449+0700] {logging_mixin.py:149} INFO - [2023-05-19T17:32:51.449+0700] {dag.py:3486} INFO - Setting next_dagrun for hello_world to 2023-05-18T12:00:00+00:00, run_after=2023-05-19T12:00:00+00:00
[2023-05-19T17:32:51.461+0700] {processor.py:179} INFO - Processing /home/nhattrieu/airflow/dags/hello_world.py took 0.058 seconds
[2023-05-19T17:33:21.819+0700] {processor.py:157} INFO - Started process (PID=69913) to work on /home/nhattrieu/airflow/dags/hello_world.py
[2023-05-19T17:33:21.822+0700] {processor.py:826} INFO - Processing file /home/nhattrieu/airflow/dags/hello_world.py for tasks to queue
[2023-05-19T17:33:21.823+0700] {logging_mixin.py:149} INFO - [2023-05-19T17:33:21.823+0700] {dagbag.py:541} INFO - Filling up the DagBag from /home/nhattrieu/airflow/dags/hello_world.py
[2023-05-19T17:33:21.832+0700] {processor.py:836} INFO - DAG(s) dict_keys(['hello_world']) retrieved from /home/nhattrieu/airflow/dags/hello_world.py
[2023-05-19T17:33:21.852+0700] {logging_mixin.py:149} INFO - [2023-05-19T17:33:21.852+0700] {dag.py:2726} INFO - Sync 1 DAGs
[2023-05-19T17:33:21.870+0700] {logging_mixin.py:149} INFO - [2023-05-19T17:33:21.870+0700] {dag.py:3486} INFO - Setting next_dagrun for hello_world to 2023-05-18T12:00:00+00:00, run_after=2023-05-19T12:00:00+00:00
[2023-05-19T17:33:21.883+0700] {processor.py:179} INFO - Processing /home/nhattrieu/airflow/dags/hello_world.py took 0.071 seconds
[2023-05-19T17:33:51.976+0700] {processor.py:157} INFO - Started process (PID=70067) to work on /home/nhattrieu/airflow/dags/hello_world.py
[2023-05-19T17:33:51.978+0700] {processor.py:826} INFO - Processing file /home/nhattrieu/airflow/dags/hello_world.py for tasks to queue
[2023-05-19T17:33:51.979+0700] {logging_mixin.py:149} INFO - [2023-05-19T17:33:51.979+0700] {dagbag.py:541} INFO - Filling up the DagBag from /home/nhattrieu/airflow/dags/hello_world.py
[2023-05-19T17:33:51.983+0700] {processor.py:836} INFO - DAG(s) dict_keys(['hello_world']) retrieved from /home/nhattrieu/airflow/dags/hello_world.py
[2023-05-19T17:33:51.999+0700] {logging_mixin.py:149} INFO - [2023-05-19T17:33:51.999+0700] {dag.py:2726} INFO - Sync 1 DAGs
[2023-05-19T17:33:52.017+0700] {logging_mixin.py:149} INFO - [2023-05-19T17:33:52.016+0700] {dag.py:3486} INFO - Setting next_dagrun for hello_world to 2023-05-18T12:00:00+00:00, run_after=2023-05-19T12:00:00+00:00
[2023-05-19T17:33:52.027+0700] {processor.py:179} INFO - Processing /home/nhattrieu/airflow/dags/hello_world.py took 0.053 seconds
[2023-05-19T17:34:22.182+0700] {processor.py:157} INFO - Started process (PID=70269) to work on /home/nhattrieu/airflow/dags/hello_world.py
[2023-05-19T17:34:22.185+0700] {processor.py:826} INFO - Processing file /home/nhattrieu/airflow/dags/hello_world.py for tasks to queue
[2023-05-19T17:34:22.185+0700] {logging_mixin.py:149} INFO - [2023-05-19T17:34:22.185+0700] {dagbag.py:541} INFO - Filling up the DagBag from /home/nhattrieu/airflow/dags/hello_world.py
[2023-05-19T17:34:22.190+0700] {processor.py:836} INFO - DAG(s) dict_keys(['hello_world']) retrieved from /home/nhattrieu/airflow/dags/hello_world.py
[2023-05-19T17:34:22.207+0700] {logging_mixin.py:149} INFO - [2023-05-19T17:34:22.207+0700] {dag.py:2726} INFO - Sync 1 DAGs
[2023-05-19T17:34:22.225+0700] {logging_mixin.py:149} INFO - [2023-05-19T17:34:22.225+0700] {dag.py:3486} INFO - Setting next_dagrun for hello_world to 2023-05-18T12:00:00+00:00, run_after=2023-05-19T12:00:00+00:00
[2023-05-19T17:34:22.239+0700] {processor.py:179} INFO - Processing /home/nhattrieu/airflow/dags/hello_world.py took 0.059 seconds
[2023-05-19T17:34:52.773+0700] {processor.py:157} INFO - Started process (PID=70426) to work on /home/nhattrieu/airflow/dags/hello_world.py
[2023-05-19T17:34:52.776+0700] {processor.py:826} INFO - Processing file /home/nhattrieu/airflow/dags/hello_world.py for tasks to queue
[2023-05-19T17:34:52.777+0700] {logging_mixin.py:149} INFO - [2023-05-19T17:34:52.777+0700] {dagbag.py:541} INFO - Filling up the DagBag from /home/nhattrieu/airflow/dags/hello_world.py
[2023-05-19T17:34:52.784+0700] {processor.py:836} INFO - DAG(s) dict_keys(['hello_world']) retrieved from /home/nhattrieu/airflow/dags/hello_world.py
[2023-05-19T17:34:52.802+0700] {logging_mixin.py:149} INFO - [2023-05-19T17:34:52.802+0700] {dag.py:2726} INFO - Sync 1 DAGs
[2023-05-19T17:34:52.821+0700] {logging_mixin.py:149} INFO - [2023-05-19T17:34:52.821+0700] {dag.py:3486} INFO - Setting next_dagrun for hello_world to 2023-05-18T12:00:00+00:00, run_after=2023-05-19T12:00:00+00:00
[2023-05-19T17:34:52.834+0700] {processor.py:179} INFO - Processing /home/nhattrieu/airflow/dags/hello_world.py took 0.065 seconds
[2023-05-19T17:35:23.772+0700] {processor.py:157} INFO - Started process (PID=70687) to work on /home/nhattrieu/airflow/dags/hello_world.py
[2023-05-19T17:35:23.776+0700] {processor.py:826} INFO - Processing file /home/nhattrieu/airflow/dags/hello_world.py for tasks to queue
[2023-05-19T17:35:23.777+0700] {logging_mixin.py:149} INFO - [2023-05-19T17:35:23.777+0700] {dagbag.py:541} INFO - Filling up the DagBag from /home/nhattrieu/airflow/dags/hello_world.py
[2023-05-19T17:35:23.789+0700] {processor.py:836} INFO - DAG(s) dict_keys(['hello_world']) retrieved from /home/nhattrieu/airflow/dags/hello_world.py
[2023-05-19T17:35:23.827+0700] {logging_mixin.py:149} INFO - [2023-05-19T17:35:23.827+0700] {dag.py:2726} INFO - Sync 1 DAGs
[2023-05-19T17:35:23.864+0700] {logging_mixin.py:149} INFO - [2023-05-19T17:35:23.864+0700] {dag.py:3486} INFO - Setting next_dagrun for hello_world to 2023-05-18T12:00:00+00:00, run_after=2023-05-19T12:00:00+00:00
[2023-05-19T17:35:23.884+0700] {processor.py:179} INFO - Processing /home/nhattrieu/airflow/dags/hello_world.py took 0.118 seconds
[2023-05-19T17:53:45.785+0700] {processor.py:157} INFO - Started process (PID=7543) to work on /home/nhattrieu/airflow/dags/hello_world.py
[2023-05-19T17:53:45.786+0700] {processor.py:826} INFO - Processing file /home/nhattrieu/airflow/dags/hello_world.py for tasks to queue
[2023-05-19T17:53:45.786+0700] {logging_mixin.py:149} INFO - [2023-05-19T17:53:45.786+0700] {dagbag.py:541} INFO - Filling up the DagBag from /home/nhattrieu/airflow/dags/hello_world.py
[2023-05-19T17:53:45.796+0700] {processor.py:836} INFO - DAG(s) dict_keys(['hello_world']) retrieved from /home/nhattrieu/airflow/dags/hello_world.py
[2023-05-19T17:53:45.820+0700] {logging_mixin.py:149} INFO - [2023-05-19T17:53:45.820+0700] {dag.py:2726} INFO - Sync 1 DAGs
[2023-05-19T17:53:45.842+0700] {logging_mixin.py:149} INFO - [2023-05-19T17:53:45.841+0700] {dag.py:3486} INFO - Setting next_dagrun for hello_world to 2023-05-18T12:00:00+00:00, run_after=2023-05-19T12:00:00+00:00
[2023-05-19T17:53:45.854+0700] {processor.py:179} INFO - Processing /home/nhattrieu/airflow/dags/hello_world.py took 0.071 seconds
[2023-05-19T17:54:16.762+0700] {processor.py:157} INFO - Started process (PID=7683) to work on /home/nhattrieu/airflow/dags/hello_world.py
[2023-05-19T17:54:16.766+0700] {processor.py:826} INFO - Processing file /home/nhattrieu/airflow/dags/hello_world.py for tasks to queue
[2023-05-19T17:54:16.768+0700] {logging_mixin.py:149} INFO - [2023-05-19T17:54:16.767+0700] {dagbag.py:541} INFO - Filling up the DagBag from /home/nhattrieu/airflow/dags/hello_world.py
[2023-05-19T17:54:16.781+0700] {processor.py:836} INFO - DAG(s) dict_keys(['hello_world']) retrieved from /home/nhattrieu/airflow/dags/hello_world.py
[2023-05-19T17:54:16.801+0700] {logging_mixin.py:149} INFO - [2023-05-19T17:54:16.801+0700] {dag.py:2726} INFO - Sync 1 DAGs
[2023-05-19T17:54:16.817+0700] {logging_mixin.py:149} INFO - [2023-05-19T17:54:16.817+0700] {dag.py:3486} INFO - Setting next_dagrun for hello_world to 2023-05-18T12:00:00+00:00, run_after=2023-05-19T12:00:00+00:00
[2023-05-19T17:54:16.829+0700] {processor.py:179} INFO - Processing /home/nhattrieu/airflow/dags/hello_world.py took 0.073 seconds
[2023-05-19T17:54:47.494+0700] {processor.py:157} INFO - Started process (PID=7812) to work on /home/nhattrieu/airflow/dags/hello_world.py
[2023-05-19T17:54:47.496+0700] {processor.py:826} INFO - Processing file /home/nhattrieu/airflow/dags/hello_world.py for tasks to queue
[2023-05-19T17:54:47.497+0700] {logging_mixin.py:149} INFO - [2023-05-19T17:54:47.497+0700] {dagbag.py:541} INFO - Filling up the DagBag from /home/nhattrieu/airflow/dags/hello_world.py
[2023-05-19T17:54:47.504+0700] {processor.py:836} INFO - DAG(s) dict_keys(['hello_world']) retrieved from /home/nhattrieu/airflow/dags/hello_world.py
[2023-05-19T17:54:47.521+0700] {logging_mixin.py:149} INFO - [2023-05-19T17:54:47.521+0700] {dag.py:2726} INFO - Sync 1 DAGs
[2023-05-19T17:54:47.537+0700] {logging_mixin.py:149} INFO - [2023-05-19T17:54:47.537+0700] {dag.py:3486} INFO - Setting next_dagrun for hello_world to 2023-05-18T12:00:00+00:00, run_after=2023-05-19T12:00:00+00:00
[2023-05-19T17:54:47.548+0700] {processor.py:179} INFO - Processing /home/nhattrieu/airflow/dags/hello_world.py took 0.058 seconds
[2023-05-19T17:55:18.248+0700] {processor.py:157} INFO - Started process (PID=8018) to work on /home/nhattrieu/airflow/dags/hello_world.py
[2023-05-19T17:55:18.248+0700] {processor.py:826} INFO - Processing file /home/nhattrieu/airflow/dags/hello_world.py for tasks to queue
[2023-05-19T17:55:18.249+0700] {logging_mixin.py:149} INFO - [2023-05-19T17:55:18.249+0700] {dagbag.py:541} INFO - Filling up the DagBag from /home/nhattrieu/airflow/dags/hello_world.py
[2023-05-19T17:55:18.253+0700] {processor.py:836} INFO - DAG(s) dict_keys(['hello_world']) retrieved from /home/nhattrieu/airflow/dags/hello_world.py
[2023-05-19T17:55:18.270+0700] {logging_mixin.py:149} INFO - [2023-05-19T17:55:18.270+0700] {dag.py:2726} INFO - Sync 1 DAGs
[2023-05-19T17:55:18.292+0700] {logging_mixin.py:149} INFO - [2023-05-19T17:55:18.292+0700] {dag.py:3486} INFO - Setting next_dagrun for hello_world to 2023-05-18T12:00:00+00:00, run_after=2023-05-19T12:00:00+00:00
[2023-05-19T17:55:18.304+0700] {processor.py:179} INFO - Processing /home/nhattrieu/airflow/dags/hello_world.py took 0.058 seconds
[2023-05-19T17:55:49.101+0700] {processor.py:157} INFO - Started process (PID=8262) to work on /home/nhattrieu/airflow/dags/hello_world.py
[2023-05-19T17:55:49.103+0700] {processor.py:826} INFO - Processing file /home/nhattrieu/airflow/dags/hello_world.py for tasks to queue
[2023-05-19T17:55:49.105+0700] {logging_mixin.py:149} INFO - [2023-05-19T17:55:49.104+0700] {dagbag.py:541} INFO - Filling up the DagBag from /home/nhattrieu/airflow/dags/hello_world.py
[2023-05-19T17:55:49.118+0700] {processor.py:836} INFO - DAG(s) dict_keys(['hello_world']) retrieved from /home/nhattrieu/airflow/dags/hello_world.py
[2023-05-19T17:55:49.157+0700] {logging_mixin.py:149} INFO - [2023-05-19T17:55:49.157+0700] {dag.py:2726} INFO - Sync 1 DAGs
[2023-05-19T17:55:49.208+0700] {logging_mixin.py:149} INFO - [2023-05-19T17:55:49.208+0700] {dag.py:3486} INFO - Setting next_dagrun for hello_world to 2023-05-18T12:00:00+00:00, run_after=2023-05-19T12:00:00+00:00
[2023-05-19T17:55:49.247+0700] {processor.py:179} INFO - Processing /home/nhattrieu/airflow/dags/hello_world.py took 0.152 seconds
[2023-05-19T17:56:19.536+0700] {processor.py:157} INFO - Started process (PID=8383) to work on /home/nhattrieu/airflow/dags/hello_world.py
[2023-05-19T17:56:19.537+0700] {processor.py:826} INFO - Processing file /home/nhattrieu/airflow/dags/hello_world.py for tasks to queue
[2023-05-19T17:56:19.538+0700] {logging_mixin.py:149} INFO - [2023-05-19T17:56:19.538+0700] {dagbag.py:541} INFO - Filling up the DagBag from /home/nhattrieu/airflow/dags/hello_world.py
[2023-05-19T17:56:19.545+0700] {processor.py:836} INFO - DAG(s) dict_keys(['hello_world']) retrieved from /home/nhattrieu/airflow/dags/hello_world.py
[2023-05-19T17:56:19.565+0700] {logging_mixin.py:149} INFO - [2023-05-19T17:56:19.564+0700] {dag.py:2726} INFO - Sync 1 DAGs
[2023-05-19T17:56:19.580+0700] {logging_mixin.py:149} INFO - [2023-05-19T17:56:19.580+0700] {dag.py:3486} INFO - Setting next_dagrun for hello_world to 2023-05-18T12:00:00+00:00, run_after=2023-05-19T12:00:00+00:00
[2023-05-19T17:56:19.591+0700] {processor.py:179} INFO - Processing /home/nhattrieu/airflow/dags/hello_world.py took 0.060 seconds
[2023-05-19T17:56:50.460+0700] {processor.py:157} INFO - Started process (PID=8525) to work on /home/nhattrieu/airflow/dags/hello_world.py
[2023-05-19T17:56:50.463+0700] {processor.py:826} INFO - Processing file /home/nhattrieu/airflow/dags/hello_world.py for tasks to queue
[2023-05-19T17:56:50.465+0700] {logging_mixin.py:149} INFO - [2023-05-19T17:56:50.464+0700] {dagbag.py:541} INFO - Filling up the DagBag from /home/nhattrieu/airflow/dags/hello_world.py
[2023-05-19T17:56:50.476+0700] {processor.py:836} INFO - DAG(s) dict_keys(['hello_world']) retrieved from /home/nhattrieu/airflow/dags/hello_world.py
[2023-05-19T17:56:50.500+0700] {logging_mixin.py:149} INFO - [2023-05-19T17:56:50.499+0700] {dag.py:2726} INFO - Sync 1 DAGs
[2023-05-19T17:56:50.520+0700] {logging_mixin.py:149} INFO - [2023-05-19T17:56:50.520+0700] {dag.py:3486} INFO - Setting next_dagrun for hello_world to 2023-05-18T12:00:00+00:00, run_after=2023-05-19T12:00:00+00:00
[2023-05-19T17:56:50.532+0700] {processor.py:179} INFO - Processing /home/nhattrieu/airflow/dags/hello_world.py took 0.079 seconds
[2023-05-19T17:57:20.639+0700] {processor.py:157} INFO - Started process (PID=8666) to work on /home/nhattrieu/airflow/dags/hello_world.py
[2023-05-19T17:57:20.639+0700] {processor.py:826} INFO - Processing file /home/nhattrieu/airflow/dags/hello_world.py for tasks to queue
[2023-05-19T17:57:20.640+0700] {logging_mixin.py:149} INFO - [2023-05-19T17:57:20.640+0700] {dagbag.py:541} INFO - Filling up the DagBag from /home/nhattrieu/airflow/dags/hello_world.py
[2023-05-19T17:57:20.644+0700] {processor.py:836} INFO - DAG(s) dict_keys(['hello_world']) retrieved from /home/nhattrieu/airflow/dags/hello_world.py
[2023-05-19T17:57:20.661+0700] {logging_mixin.py:149} INFO - [2023-05-19T17:57:20.661+0700] {dag.py:2726} INFO - Sync 1 DAGs
[2023-05-19T17:57:20.680+0700] {logging_mixin.py:149} INFO - [2023-05-19T17:57:20.680+0700] {dag.py:3486} INFO - Setting next_dagrun for hello_world to 2023-05-18T12:00:00+00:00, run_after=2023-05-19T12:00:00+00:00
[2023-05-19T17:57:20.692+0700] {processor.py:179} INFO - Processing /home/nhattrieu/airflow/dags/hello_world.py took 0.056 seconds
[2023-05-19T17:57:51.487+0700] {processor.py:157} INFO - Started process (PID=8806) to work on /home/nhattrieu/airflow/dags/hello_world.py
[2023-05-19T17:57:51.490+0700] {processor.py:826} INFO - Processing file /home/nhattrieu/airflow/dags/hello_world.py for tasks to queue
[2023-05-19T17:57:51.490+0700] {logging_mixin.py:149} INFO - [2023-05-19T17:57:51.490+0700] {dagbag.py:541} INFO - Filling up the DagBag from /home/nhattrieu/airflow/dags/hello_world.py
[2023-05-19T17:57:51.495+0700] {processor.py:836} INFO - DAG(s) dict_keys(['hello_world']) retrieved from /home/nhattrieu/airflow/dags/hello_world.py
[2023-05-19T17:57:51.511+0700] {logging_mixin.py:149} INFO - [2023-05-19T17:57:51.511+0700] {dag.py:2726} INFO - Sync 1 DAGs
[2023-05-19T17:57:51.527+0700] {logging_mixin.py:149} INFO - [2023-05-19T17:57:51.527+0700] {dag.py:3486} INFO - Setting next_dagrun for hello_world to 2023-05-18T12:00:00+00:00, run_after=2023-05-19T12:00:00+00:00
[2023-05-19T17:57:51.539+0700] {processor.py:179} INFO - Processing /home/nhattrieu/airflow/dags/hello_world.py took 0.054 seconds
[2023-05-19T17:58:22.305+0700] {processor.py:157} INFO - Started process (PID=8924) to work on /home/nhattrieu/airflow/dags/hello_world.py
[2023-05-19T17:58:22.308+0700] {processor.py:826} INFO - Processing file /home/nhattrieu/airflow/dags/hello_world.py for tasks to queue
[2023-05-19T17:58:22.308+0700] {logging_mixin.py:149} INFO - [2023-05-19T17:58:22.308+0700] {dagbag.py:541} INFO - Filling up the DagBag from /home/nhattrieu/airflow/dags/hello_world.py
[2023-05-19T17:58:22.313+0700] {processor.py:836} INFO - DAG(s) dict_keys(['hello_world']) retrieved from /home/nhattrieu/airflow/dags/hello_world.py
[2023-05-19T17:58:22.330+0700] {logging_mixin.py:149} INFO - [2023-05-19T17:58:22.330+0700] {dag.py:2726} INFO - Sync 1 DAGs
[2023-05-19T17:58:22.347+0700] {logging_mixin.py:149} INFO - [2023-05-19T17:58:22.346+0700] {dag.py:3486} INFO - Setting next_dagrun for hello_world to 2023-05-18T12:00:00+00:00, run_after=2023-05-19T12:00:00+00:00
[2023-05-19T17:58:22.359+0700] {processor.py:179} INFO - Processing /home/nhattrieu/airflow/dags/hello_world.py took 0.057 seconds
[2023-05-19T17:58:53.200+0700] {processor.py:157} INFO - Started process (PID=9060) to work on /home/nhattrieu/airflow/dags/hello_world.py
[2023-05-19T17:58:53.203+0700] {processor.py:826} INFO - Processing file /home/nhattrieu/airflow/dags/hello_world.py for tasks to queue
[2023-05-19T17:58:53.203+0700] {logging_mixin.py:149} INFO - [2023-05-19T17:58:53.203+0700] {dagbag.py:541} INFO - Filling up the DagBag from /home/nhattrieu/airflow/dags/hello_world.py
[2023-05-19T17:58:53.207+0700] {processor.py:836} INFO - DAG(s) dict_keys(['hello_world']) retrieved from /home/nhattrieu/airflow/dags/hello_world.py
[2023-05-19T17:58:53.222+0700] {logging_mixin.py:149} INFO - [2023-05-19T17:58:53.222+0700] {dag.py:2726} INFO - Sync 1 DAGs
[2023-05-19T17:58:53.237+0700] {logging_mixin.py:149} INFO - [2023-05-19T17:58:53.237+0700] {dag.py:3486} INFO - Setting next_dagrun for hello_world to 2023-05-18T12:00:00+00:00, run_after=2023-05-19T12:00:00+00:00
[2023-05-19T17:58:53.248+0700] {processor.py:179} INFO - Processing /home/nhattrieu/airflow/dags/hello_world.py took 0.049 seconds
[2023-05-19T17:59:23.914+0700] {processor.py:157} INFO - Started process (PID=9170) to work on /home/nhattrieu/airflow/dags/hello_world.py
[2023-05-19T17:59:23.917+0700] {processor.py:826} INFO - Processing file /home/nhattrieu/airflow/dags/hello_world.py for tasks to queue
[2023-05-19T17:59:23.917+0700] {logging_mixin.py:149} INFO - [2023-05-19T17:59:23.917+0700] {dagbag.py:541} INFO - Filling up the DagBag from /home/nhattrieu/airflow/dags/hello_world.py
[2023-05-19T17:59:23.921+0700] {processor.py:836} INFO - DAG(s) dict_keys(['hello_world']) retrieved from /home/nhattrieu/airflow/dags/hello_world.py
[2023-05-19T17:59:23.937+0700] {logging_mixin.py:149} INFO - [2023-05-19T17:59:23.937+0700] {dag.py:2726} INFO - Sync 1 DAGs
[2023-05-19T17:59:23.954+0700] {logging_mixin.py:149} INFO - [2023-05-19T17:59:23.953+0700] {dag.py:3486} INFO - Setting next_dagrun for hello_world to 2023-05-18T12:00:00+00:00, run_after=2023-05-19T12:00:00+00:00
[2023-05-19T17:59:23.965+0700] {processor.py:179} INFO - Processing /home/nhattrieu/airflow/dags/hello_world.py took 0.053 seconds
[2023-05-19T17:59:54.734+0700] {processor.py:157} INFO - Started process (PID=9308) to work on /home/nhattrieu/airflow/dags/hello_world.py
[2023-05-19T17:59:54.735+0700] {processor.py:826} INFO - Processing file /home/nhattrieu/airflow/dags/hello_world.py for tasks to queue
[2023-05-19T17:59:54.735+0700] {logging_mixin.py:149} INFO - [2023-05-19T17:59:54.735+0700] {dagbag.py:541} INFO - Filling up the DagBag from /home/nhattrieu/airflow/dags/hello_world.py
[2023-05-19T17:59:54.742+0700] {processor.py:836} INFO - DAG(s) dict_keys(['hello_world']) retrieved from /home/nhattrieu/airflow/dags/hello_world.py
[2023-05-19T17:59:54.767+0700] {logging_mixin.py:149} INFO - [2023-05-19T17:59:54.767+0700] {dag.py:2726} INFO - Sync 1 DAGs
[2023-05-19T17:59:54.786+0700] {logging_mixin.py:149} INFO - [2023-05-19T17:59:54.786+0700] {dag.py:3486} INFO - Setting next_dagrun for hello_world to 2023-05-18T12:00:00+00:00, run_after=2023-05-19T12:00:00+00:00
[2023-05-19T17:59:54.796+0700] {processor.py:179} INFO - Processing /home/nhattrieu/airflow/dags/hello_world.py took 0.066 seconds
[2023-05-19T18:00:25.514+0700] {processor.py:157} INFO - Started process (PID=9473) to work on /home/nhattrieu/airflow/dags/hello_world.py
[2023-05-19T18:00:25.517+0700] {processor.py:826} INFO - Processing file /home/nhattrieu/airflow/dags/hello_world.py for tasks to queue
[2023-05-19T18:00:25.518+0700] {logging_mixin.py:149} INFO - [2023-05-19T18:00:25.518+0700] {dagbag.py:541} INFO - Filling up the DagBag from /home/nhattrieu/airflow/dags/hello_world.py
[2023-05-19T18:00:25.527+0700] {processor.py:836} INFO - DAG(s) dict_keys(['hello_world']) retrieved from /home/nhattrieu/airflow/dags/hello_world.py
[2023-05-19T18:00:25.548+0700] {logging_mixin.py:149} INFO - [2023-05-19T18:00:25.548+0700] {dag.py:2726} INFO - Sync 1 DAGs
[2023-05-19T18:00:25.565+0700] {logging_mixin.py:149} INFO - [2023-05-19T18:00:25.564+0700] {dag.py:3486} INFO - Setting next_dagrun for hello_world to 2023-05-18T12:00:00+00:00, run_after=2023-05-19T12:00:00+00:00
[2023-05-19T18:00:25.576+0700] {processor.py:179} INFO - Processing /home/nhattrieu/airflow/dags/hello_world.py took 0.071 seconds
[2023-05-19T18:00:56.506+0700] {processor.py:157} INFO - Started process (PID=9606) to work on /home/nhattrieu/airflow/dags/hello_world.py
[2023-05-19T18:00:56.510+0700] {processor.py:826} INFO - Processing file /home/nhattrieu/airflow/dags/hello_world.py for tasks to queue
[2023-05-19T18:00:56.511+0700] {logging_mixin.py:149} INFO - [2023-05-19T18:00:56.511+0700] {dagbag.py:541} INFO - Filling up the DagBag from /home/nhattrieu/airflow/dags/hello_world.py
[2023-05-19T18:00:56.522+0700] {processor.py:836} INFO - DAG(s) dict_keys(['hello_world']) retrieved from /home/nhattrieu/airflow/dags/hello_world.py
[2023-05-19T18:00:56.542+0700] {logging_mixin.py:149} INFO - [2023-05-19T18:00:56.542+0700] {dag.py:2726} INFO - Sync 1 DAGs
[2023-05-19T18:00:56.558+0700] {logging_mixin.py:149} INFO - [2023-05-19T18:00:56.558+0700] {dag.py:3486} INFO - Setting next_dagrun for hello_world to 2023-05-18T12:00:00+00:00, run_after=2023-05-19T12:00:00+00:00
[2023-05-19T18:00:56.568+0700] {processor.py:179} INFO - Processing /home/nhattrieu/airflow/dags/hello_world.py took 0.069 seconds
[2023-05-19T18:01:27.328+0700] {processor.py:157} INFO - Started process (PID=9738) to work on /home/nhattrieu/airflow/dags/hello_world.py
[2023-05-19T18:01:27.333+0700] {processor.py:826} INFO - Processing file /home/nhattrieu/airflow/dags/hello_world.py for tasks to queue
[2023-05-19T18:01:27.334+0700] {logging_mixin.py:149} INFO - [2023-05-19T18:01:27.334+0700] {dagbag.py:541} INFO - Filling up the DagBag from /home/nhattrieu/airflow/dags/hello_world.py
[2023-05-19T18:01:27.344+0700] {processor.py:836} INFO - DAG(s) dict_keys(['hello_world']) retrieved from /home/nhattrieu/airflow/dags/hello_world.py
[2023-05-19T18:01:27.369+0700] {logging_mixin.py:149} INFO - [2023-05-19T18:01:27.369+0700] {dag.py:2726} INFO - Sync 1 DAGs
[2023-05-19T18:01:27.390+0700] {logging_mixin.py:149} INFO - [2023-05-19T18:01:27.390+0700] {dag.py:3486} INFO - Setting next_dagrun for hello_world to 2023-05-18T12:00:00+00:00, run_after=2023-05-19T12:00:00+00:00
[2023-05-19T18:01:27.402+0700] {processor.py:179} INFO - Processing /home/nhattrieu/airflow/dags/hello_world.py took 0.082 seconds
[2023-05-19T18:01:58.130+0700] {processor.py:157} INFO - Started process (PID=9888) to work on /home/nhattrieu/airflow/dags/hello_world.py
[2023-05-19T18:01:58.132+0700] {processor.py:826} INFO - Processing file /home/nhattrieu/airflow/dags/hello_world.py for tasks to queue
[2023-05-19T18:01:58.133+0700] {logging_mixin.py:149} INFO - [2023-05-19T18:01:58.133+0700] {dagbag.py:541} INFO - Filling up the DagBag from /home/nhattrieu/airflow/dags/hello_world.py
[2023-05-19T18:01:58.143+0700] {processor.py:836} INFO - DAG(s) dict_keys(['hello_world']) retrieved from /home/nhattrieu/airflow/dags/hello_world.py
[2023-05-19T18:01:58.164+0700] {logging_mixin.py:149} INFO - [2023-05-19T18:01:58.164+0700] {dag.py:2726} INFO - Sync 1 DAGs
[2023-05-19T18:01:58.179+0700] {logging_mixin.py:149} INFO - [2023-05-19T18:01:58.179+0700] {dag.py:3486} INFO - Setting next_dagrun for hello_world to 2023-05-18T12:00:00+00:00, run_after=2023-05-19T12:00:00+00:00
[2023-05-19T18:01:58.190+0700] {processor.py:179} INFO - Processing /home/nhattrieu/airflow/dags/hello_world.py took 0.067 seconds
[2023-05-19T18:02:28.920+0700] {processor.py:157} INFO - Started process (PID=10004) to work on /home/nhattrieu/airflow/dags/hello_world.py
[2023-05-19T18:02:28.923+0700] {processor.py:826} INFO - Processing file /home/nhattrieu/airflow/dags/hello_world.py for tasks to queue
[2023-05-19T18:02:28.923+0700] {logging_mixin.py:149} INFO - [2023-05-19T18:02:28.923+0700] {dagbag.py:541} INFO - Filling up the DagBag from /home/nhattrieu/airflow/dags/hello_world.py
[2023-05-19T18:02:28.927+0700] {processor.py:836} INFO - DAG(s) dict_keys(['hello_world']) retrieved from /home/nhattrieu/airflow/dags/hello_world.py
[2023-05-19T18:02:28.942+0700] {logging_mixin.py:149} INFO - [2023-05-19T18:02:28.942+0700] {dag.py:2726} INFO - Sync 1 DAGs
[2023-05-19T18:02:28.957+0700] {logging_mixin.py:149} INFO - [2023-05-19T18:02:28.957+0700] {dag.py:3486} INFO - Setting next_dagrun for hello_world to 2023-05-18T12:00:00+00:00, run_after=2023-05-19T12:00:00+00:00
[2023-05-19T18:02:28.970+0700] {processor.py:179} INFO - Processing /home/nhattrieu/airflow/dags/hello_world.py took 0.053 seconds
[2023-05-19T18:02:59.892+0700] {processor.py:157} INFO - Started process (PID=10137) to work on /home/nhattrieu/airflow/dags/hello_world.py
[2023-05-19T18:02:59.894+0700] {processor.py:826} INFO - Processing file /home/nhattrieu/airflow/dags/hello_world.py for tasks to queue
[2023-05-19T18:02:59.895+0700] {logging_mixin.py:149} INFO - [2023-05-19T18:02:59.895+0700] {dagbag.py:541} INFO - Filling up the DagBag from /home/nhattrieu/airflow/dags/hello_world.py
[2023-05-19T18:02:59.899+0700] {processor.py:836} INFO - DAG(s) dict_keys(['hello_world']) retrieved from /home/nhattrieu/airflow/dags/hello_world.py
[2023-05-19T18:02:59.917+0700] {logging_mixin.py:149} INFO - [2023-05-19T18:02:59.917+0700] {dag.py:2726} INFO - Sync 1 DAGs
[2023-05-19T18:02:59.934+0700] {logging_mixin.py:149} INFO - [2023-05-19T18:02:59.934+0700] {dag.py:3486} INFO - Setting next_dagrun for hello_world to 2023-05-18T12:00:00+00:00, run_after=2023-05-19T12:00:00+00:00
[2023-05-19T18:02:59.944+0700] {processor.py:179} INFO - Processing /home/nhattrieu/airflow/dags/hello_world.py took 0.055 seconds
[2023-05-19T18:03:30.681+0700] {processor.py:157} INFO - Started process (PID=10274) to work on /home/nhattrieu/airflow/dags/hello_world.py
[2023-05-19T18:03:30.684+0700] {processor.py:826} INFO - Processing file /home/nhattrieu/airflow/dags/hello_world.py for tasks to queue
[2023-05-19T18:03:30.686+0700] {logging_mixin.py:149} INFO - [2023-05-19T18:03:30.686+0700] {dagbag.py:541} INFO - Filling up the DagBag from /home/nhattrieu/airflow/dags/hello_world.py
[2023-05-19T18:03:30.697+0700] {processor.py:836} INFO - DAG(s) dict_keys(['hello_world']) retrieved from /home/nhattrieu/airflow/dags/hello_world.py
[2023-05-19T18:03:30.716+0700] {logging_mixin.py:149} INFO - [2023-05-19T18:03:30.716+0700] {dag.py:2726} INFO - Sync 1 DAGs
[2023-05-19T18:03:30.732+0700] {logging_mixin.py:149} INFO - [2023-05-19T18:03:30.731+0700] {dag.py:3486} INFO - Setting next_dagrun for hello_world to 2023-05-18T12:00:00+00:00, run_after=2023-05-19T12:00:00+00:00
[2023-05-19T18:03:30.743+0700] {processor.py:179} INFO - Processing /home/nhattrieu/airflow/dags/hello_world.py took 0.071 seconds
[2023-05-19T18:04:01.635+0700] {processor.py:157} INFO - Started process (PID=10417) to work on /home/nhattrieu/airflow/dags/hello_world.py
[2023-05-19T18:04:01.637+0700] {processor.py:826} INFO - Processing file /home/nhattrieu/airflow/dags/hello_world.py for tasks to queue
[2023-05-19T18:04:01.638+0700] {logging_mixin.py:149} INFO - [2023-05-19T18:04:01.638+0700] {dagbag.py:541} INFO - Filling up the DagBag from /home/nhattrieu/airflow/dags/hello_world.py
[2023-05-19T18:04:01.649+0700] {processor.py:836} INFO - DAG(s) dict_keys(['hello_world']) retrieved from /home/nhattrieu/airflow/dags/hello_world.py
[2023-05-19T18:04:01.670+0700] {logging_mixin.py:149} INFO - [2023-05-19T18:04:01.670+0700] {dag.py:2726} INFO - Sync 1 DAGs
[2023-05-19T18:04:01.687+0700] {logging_mixin.py:149} INFO - [2023-05-19T18:04:01.686+0700] {dag.py:3486} INFO - Setting next_dagrun for hello_world to 2023-05-18T12:00:00+00:00, run_after=2023-05-19T12:00:00+00:00
[2023-05-19T18:04:01.697+0700] {processor.py:179} INFO - Processing /home/nhattrieu/airflow/dags/hello_world.py took 0.069 seconds
[2023-05-19T18:04:32.621+0700] {processor.py:157} INFO - Started process (PID=10521) to work on /home/nhattrieu/airflow/dags/hello_world.py
[2023-05-19T18:04:32.623+0700] {processor.py:826} INFO - Processing file /home/nhattrieu/airflow/dags/hello_world.py for tasks to queue
[2023-05-19T18:04:32.624+0700] {logging_mixin.py:149} INFO - [2023-05-19T18:04:32.623+0700] {dagbag.py:541} INFO - Filling up the DagBag from /home/nhattrieu/airflow/dags/hello_world.py
[2023-05-19T18:04:32.628+0700] {processor.py:836} INFO - DAG(s) dict_keys(['hello_world']) retrieved from /home/nhattrieu/airflow/dags/hello_world.py
[2023-05-19T18:04:32.642+0700] {logging_mixin.py:149} INFO - [2023-05-19T18:04:32.642+0700] {dag.py:2726} INFO - Sync 1 DAGs
[2023-05-19T18:04:32.657+0700] {logging_mixin.py:149} INFO - [2023-05-19T18:04:32.657+0700] {dag.py:3486} INFO - Setting next_dagrun for hello_world to 2023-05-18T12:00:00+00:00, run_after=2023-05-19T12:00:00+00:00
[2023-05-19T18:04:32.667+0700] {processor.py:179} INFO - Processing /home/nhattrieu/airflow/dags/hello_world.py took 0.050 seconds
[2023-05-19T18:05:03.451+0700] {processor.py:157} INFO - Started process (PID=10664) to work on /home/nhattrieu/airflow/dags/hello_world.py
[2023-05-19T18:05:03.453+0700] {processor.py:826} INFO - Processing file /home/nhattrieu/airflow/dags/hello_world.py for tasks to queue
[2023-05-19T18:05:03.454+0700] {logging_mixin.py:149} INFO - [2023-05-19T18:05:03.454+0700] {dagbag.py:541} INFO - Filling up the DagBag from /home/nhattrieu/airflow/dags/hello_world.py
[2023-05-19T18:05:03.458+0700] {processor.py:836} INFO - DAG(s) dict_keys(['hello_world']) retrieved from /home/nhattrieu/airflow/dags/hello_world.py
[2023-05-19T18:05:03.473+0700] {logging_mixin.py:149} INFO - [2023-05-19T18:05:03.473+0700] {dag.py:2726} INFO - Sync 1 DAGs
[2023-05-19T18:05:03.490+0700] {logging_mixin.py:149} INFO - [2023-05-19T18:05:03.490+0700] {dag.py:3486} INFO - Setting next_dagrun for hello_world to 2023-05-18T12:00:00+00:00, run_after=2023-05-19T12:00:00+00:00
[2023-05-19T18:05:03.503+0700] {processor.py:179} INFO - Processing /home/nhattrieu/airflow/dags/hello_world.py took 0.053 seconds
