[2023-05-26T20:08:56.801+0700] {taskinstance.py:1103} INFO - Dependencies all met for dep_context=non-requeueable deps ti=<TaskInstance: hello_world.hello_task scheduled__2023-05-25T12:00:00+00:00 [queued]>
[2023-05-26T20:08:56.807+0700] {taskinstance.py:1103} INFO - Dependencies all met for dep_context=requeueable deps ti=<TaskInstance: hello_world.hello_task scheduled__2023-05-25T12:00:00+00:00 [queued]>
[2023-05-26T20:08:56.807+0700] {taskinstance.py:1308} INFO - Starting attempt 1 of 1
[2023-05-26T20:08:56.825+0700] {taskinstance.py:1327} INFO - Executing <Task(PythonOperator): hello_task> on 2023-05-25 12:00:00+00:00
[2023-05-26T20:08:56.828+0700] {standard_task_runner.py:57} INFO - Started process 4484 to run task
[2023-05-26T20:08:56.829+0700] {standard_task_runner.py:84} INFO - Running: ['airflow', 'tasks', 'run', 'hello_world', 'hello_task', 'scheduled__2023-05-25T12:00:00+00:00', '--job-id', '19', '--raw', '--subdir', 'DAGS_FOLDER/hello_world.py', '--cfg-path', '/tmp/tmpzes2ausf']
[2023-05-26T20:08:56.830+0700] {standard_task_runner.py:85} INFO - Job 19: Subtask hello_task
[2023-05-26T20:08:56.868+0700] {task_command.py:410} INFO - Running <TaskInstance: hello_world.hello_task scheduled__2023-05-25T12:00:00+00:00 [running]> on host nhattrieu-machine
[2023-05-26T20:08:56.943+0700] {taskinstance.py:1545} INFO - Exporting env vars: AIRFLOW_CTX_DAG_OWNER='airflow' AIRFLOW_CTX_DAG_ID='hello_world' AIRFLOW_CTX_TASK_ID='hello_task' AIRFLOW_CTX_EXECUTION_DATE='2023-05-25T12:00:00+00:00' AIRFLOW_CTX_TRY_NUMBER='1' AIRFLOW_CTX_DAG_RUN_ID='scheduled__2023-05-25T12:00:00+00:00'
[2023-05-26T20:08:56.944+0700] {python.py:183} INFO - Done. Returned value was: Hello world from first Airflow DAG!
[2023-05-26T20:08:56.961+0700] {taskinstance.py:1345} INFO - Marking task as SUCCESS. dag_id=hello_world, task_id=hello_task, execution_date=20230525T120000, start_date=20230526T130856, end_date=20230526T130856
[2023-05-26T20:08:57.001+0700] {local_task_job_runner.py:225} INFO - Task exited with return code 0
[2023-05-26T20:08:57.012+0700] {taskinstance.py:2651} INFO - 0 downstream tasks scheduled from follow-on schedule check
[2023-05-26T21:26:09.579+0700] {taskinstance.py:1103} INFO - Dependencies all met for dep_context=non-requeueable deps ti=<TaskInstance: hello_world.hello_task scheduled__2023-05-25T12:00:00+00:00 [queued]>
[2023-05-26T21:26:09.584+0700] {taskinstance.py:1103} INFO - Dependencies all met for dep_context=requeueable deps ti=<TaskInstance: hello_world.hello_task scheduled__2023-05-25T12:00:00+00:00 [queued]>
[2023-05-26T21:26:09.585+0700] {taskinstance.py:1308} INFO - Starting attempt 1 of 1
[2023-05-26T21:26:09.593+0700] {taskinstance.py:1327} INFO - Executing <Task(PythonOperator): hello_task> on 2023-05-25 12:00:00+00:00
[2023-05-26T21:26:09.598+0700] {standard_task_runner.py:57} INFO - Started process 76373 to run task
[2023-05-26T21:26:09.600+0700] {standard_task_runner.py:84} INFO - Running: ['airflow', 'tasks', 'run', 'hello_world', 'hello_task', 'scheduled__2023-05-25T12:00:00+00:00', '--job-id', '3', '--raw', '--subdir', 'DAGS_FOLDER/hello_world.py', '--cfg-path', '/tmp/tmpd9tde7tq']
[2023-05-26T21:26:09.601+0700] {standard_task_runner.py:85} INFO - Job 3: Subtask hello_task
[2023-05-26T21:26:09.635+0700] {task_command.py:410} INFO - Running <TaskInstance: hello_world.hello_task scheduled__2023-05-25T12:00:00+00:00 [running]> on host nhattrieu-machine
[2023-05-26T21:26:09.688+0700] {taskinstance.py:1545} INFO - Exporting env vars: AIRFLOW_CTX_DAG_OWNER='airflow' AIRFLOW_CTX_DAG_ID='hello_world' AIRFLOW_CTX_TASK_ID='hello_task' AIRFLOW_CTX_EXECUTION_DATE='2023-05-25T12:00:00+00:00' AIRFLOW_CTX_TRY_NUMBER='1' AIRFLOW_CTX_DAG_RUN_ID='scheduled__2023-05-25T12:00:00+00:00'
[2023-05-26T21:26:09.689+0700] {python.py:183} INFO - Done. Returned value was: Hello world from first Airflow DAG!
[2023-05-26T21:26:09.708+0700] {taskinstance.py:1345} INFO - Marking task as SUCCESS. dag_id=hello_world, task_id=hello_task, execution_date=20230525T120000, start_date=20230526T142609, end_date=20230526T142609
[2023-05-26T21:26:09.731+0700] {local_task_job_runner.py:225} INFO - Task exited with return code 0
[2023-05-26T21:26:09.743+0700] {taskinstance.py:2651} INFO - 0 downstream tasks scheduled from follow-on schedule check
